[0.096s] Invoking command in '/home/roby/turtlebot3_ws/build/turtlebot3_gazebo': CMAKE_PREFIX_PATH=${CMAKE_PREFIX_PATH}:/home/roby/turtlebot3_ws/install/robot_controller:/home/roby/turtlebot3_ws/install/ball_detection:/home/roby/ws/install/my_robot_controller:/home/roby/ros2_humble/install/rqt_bag_plugins:/home/roby/ros2_humble/install/rqt_bag:/home/roby/ros2_humble/install/launch_testing_examples:/home/roby/ros2_humble/install/ros2bag:/home/roby/ros2_humble/install/tracetools_test:/home/roby/ros2_humble/install/tracetools_launch:/home/roby/ros2_humble/install/topic_monitor:/home/roby/ros2_humble/install/tf2_tools:/home/roby/ros2_humble/install/examples_tf2_py:/home/roby/ros2_humble/install/tf2_ros_py:/home/roby/ros2_humble/install/sros2:/home/roby/ros2_humble/install/rqt_topic:/home/roby/ros2_humble/install/rqt_srv:/home/roby/ros2_humble/install/rqt_shell:/home/roby/ros2_humble/install/rqt_service_caller:/home/roby/ros2_humble/install/rqt_reconfigure:/home/roby/ros2_humble/install/rqt_py_console:/home/roby/ros2_humble/install/rqt_publisher:/home/roby/ros2_humble/install/rqt_plot:/home/roby/ros2_humble/install/rqt_action:/home/roby/ros2_humble/install/rqt_msg:/home/roby/ros2_humble/install/rqt_console:/home/roby/ros2_humble/install/rqt:/home/roby/ros2_humble/install/rqt_graph:/home/roby/ros2_humble/install/rqt_gui_py:/home/roby/ros2_humble/install/rqt_gui:/home/roby/ros2_humble/install/ros2trace:/home/roby/ros2_humble/install/ros2topic:/home/roby/ros2_humble/install/ros2test:/home/roby/ros2_humble/install/ros2component:/home/roby/ros2_humble/install/ros2param:/home/roby/ros2_humble/install/ros2lifecycle:/home/roby/ros2_humble/install/ros2service:/home/roby/ros2_humble/install/ros2run:/home/roby/ros2_humble/install/ros2launch:/home/roby/ros2_humble/install/ros2pkg:/home/roby/ros2_humble/install/ros2node:/home/roby/ros2_humble/install/ros2multicast:/home/roby/ros2_humble/install/ros2interface:/home/roby/ros2_humble/install/ros2doctor:/home/roby/ros2_humble/install/ros2action:/home/roby/ros2_humble/install/ros2cli:/home/roby/ros2_humble/install/quality_of_service_demo_py:/home/roby/ros2_humble/install/lifecycle_py:/home/roby/ros2_humble/install/launch_testing_ros:/home/roby/ros2_humble/install/launch_ros:/home/roby/ros2_humble/install/examples_rclpy_pointcloud_publisher:/home/roby/ros2_humble/install/examples_rclpy_minimal_subscriber:/home/roby/ros2_humble/install/examples_rclpy_minimal_service:/home/roby/ros2_humble/install/examples_rclpy_minimal_publisher:/home/roby/ros2_humble/install/examples_rclpy_minimal_client:/home/roby/ros2_humble/install/examples_rclpy_minimal_action_server:/home/roby/ros2_humble/install/examples_rclpy_minimal_action_client:/home/roby/ros2_humble/install/examples_rclpy_guard_conditions:/home/roby/ros2_humble/install/examples_rclpy_executors:/home/roby/ros2_humble/install/demo_nodes_py:/home/roby/ros2_humble/install/action_tutorials_py:/home/roby/ros2_humble/install/ament_uncrustify:/home/roby/ros2_humble/install/tracetools_trace:/home/roby/ros2_humble/install/tracetools_read:/home/roby/ros2_humble/install/test_tracetools_launch:/home/roby/ros2_humble/install/test_launch_ros:/home/roby/ros2_humble/install/sensor_msgs_py:/home/roby/ros2_humble/install/rpyutils:/home/roby/ros2_humble/install/rosidl_runtime_py:/home/roby/ros2_humble/install/rosidl_cli:/home/roby/ros2_humble/install/launch_pytest:/home/roby/ros2_humble/install/launch_testing:/home/roby/ros2_humble/install/launch_yaml:/home/roby/ros2_humble/install/launch_xml:/home/roby/ros2_humble/install/launch:/home/roby/ros2_humble/install/osrf_pycommon:/home/roby/ros2_humble/install/domain_coordinator:/home/roby/ros2_humble/install/ament_xmllint:/home/roby/ros2_humble/install/ament_pyflakes:/home/roby/ros2_humble/install/ament_pycodestyle:/home/roby/ros2_humble/install/ament_pep257:/home/roby/ros2_humble/install/ament_pclint:/home/roby/ros2_humble/install/ament_package:/home/roby/ros2_humble/install/ament_mypy:/home/roby/ros2_humble/install/ament_lint_cmake:/home/roby/ros2_humble/install/ament_flake8:/home/roby/ros2_humble/install/ament_copyright:/home/roby/ros2_humble/install/ament_lint:/home/roby/ros2_humble/install/ament_index_python:/home/roby/ros2_humble/install/ament_cpplint:/home/roby/ros2_humble/install/ament_cppcheck:/home/roby/ros2_humble/install/ament_clang_tidy:/home/roby/ros2_humble/install/ament_clang_format:/opt/ros/humble /usr/bin/cmake /home/roby/turtlebot3_ws/src/turtlebot3_simulations/turtlebot3_gazebo -DAMENT_CMAKE_SYMLINK_INSTALL=1 -DCMAKE_INSTALL_PREFIX=/home/roby/turtlebot3_ws/install/turtlebot3_gazebo
[0.663s] -- The C compiler identification is GNU 11.4.0
[0.663s] -- The CXX compiler identification is GNU 11.4.0
[0.663s] -- Detecting C compiler ABI info
[0.663s] -- Detecting C compiler ABI info - done
[0.663s] -- Check for working C compiler: /usr/bin/cc - skipped
[0.663s] -- Detecting C compile features
[0.663s] -- Detecting C compile features - done
[0.663s] -- Detecting CXX compiler ABI info
[0.664s] -- Detecting CXX compiler ABI info - done
[0.664s] -- Check for working CXX compiler: /usr/bin/c++ - skipped
[0.664s] -- Detecting CXX compile features
[0.664s] -- Detecting CXX compile features - done
[0.665s] -- Found ament_cmake: 1.3.10 (/home/roby/ros2_humble/install/ament_cmake/share/ament_cmake/cmake)
[1.284s] -- Found Python3: /usr/bin/python3 (found version "3.10.12") found components: Interpreter 
[1.483s] -- Override CMake install command with custom implementation using symlinks instead of copying resources
[1.916s] [33mCMake Warning (dev) at /usr/share/cmake-3.22/Modules/FindPackageHandleStandardArgs.cmake:438 (message):
[1.916s]   The package name passed to `find_package_handle_standard_args` (PkgConfig)
[1.916s]   does not match the name of the calling package (gazebo).  This can lead to
[1.917s]   problems in calling code that expects `find_package` result variables
[1.917s]   (e.g., `_FOUND`) to follow a certain pattern.
[1.917s] Call Stack (most recent call first):
[1.917s]   /usr/share/cmake-3.22/Modules/FindPkgConfig.cmake:99 (find_package_handle_standard_args)
[1.917s]   /usr/lib/x86_64-linux-gnu/cmake/gazebo/gazebo-config.cmake:72 (include)
[1.917s]   CMakeLists.txt:23 (find_package)
[1.917s] This warning is for project developers.  Use -Wno-dev to suppress it.
[1.917s] [0m
[1.917s] -- Found PkgConfig: /usr/bin/pkg-config (found version "0.29.2") 
[1.920s] -- Checking for module 'bullet>=2.82'
[1.973s] --   Found bullet, version 3.05
[2.421s] -- Found fcl: /usr/include (found suitable version "0.7.0", minimum required is "0.5.0") 
[2.607s] -- Found assimp: /usr/include (found version "5.2.0") 
[2.820s] -- Found DART: /usr/include (Required is at least version "6.6") found components: dart 
[3.387s] -- Found Boost: /usr/lib/x86_64-linux-gnu/cmake/Boost-1.74.0/BoostConfig.cmake (found suitable version "1.74.0", minimum required is "1.40.0") found components: thread system filesystem program_options regex iostreams date_time 
[3.450s] -- Found Protobuf: /usr/lib/x86_64-linux-gnu/libprotobuf.so (found version "3.12.4") 
[3.537s] -- Looking for ignition-math6 -- found version 6.15.1
[3.581s] -- Searching for dependencies of ignition-math6
[3.583s] -- Looking for OGRE...
[3.583s] -- OGRE_PREFIX_WATCH changed.
[3.593s] -- Checking for module 'OGRE'
[3.651s] --   Found OGRE, version 1.9.0
[3.768s] -- Found Ogre Ghadamon (1.9.0)
[3.834s] -- Found OGRE: optimized;/usr/lib/x86_64-linux-gnu/libOgreMain.so;debug;/usr/lib/x86_64-linux-gnu/libOgreMain.so
[3.842s] -- Looking for OGRE_Paging...
[3.895s] -- Found OGRE_Paging: optimized;/usr/lib/x86_64-linux-gnu/libOgrePaging.so;debug;/usr/lib/x86_64-linux-gnu/libOgrePaging.so
[3.895s] -- Looking for OGRE_Terrain...
[3.948s] -- Found OGRE_Terrain: optimized;/usr/lib/x86_64-linux-gnu/libOgreTerrain.so;debug;/usr/lib/x86_64-linux-gnu/libOgreTerrain.so
[3.948s] -- Looking for OGRE_Property...
[4.000s] -- Found OGRE_Property: optimized;/usr/lib/x86_64-linux-gnu/libOgreProperty.so;debug;/usr/lib/x86_64-linux-gnu/libOgreProperty.so
[4.000s] -- Looking for OGRE_RTShaderSystem...
[4.052s] -- Found OGRE_RTShaderSystem: optimized;/usr/lib/x86_64-linux-gnu/libOgreRTShaderSystem.so;debug;/usr/lib/x86_64-linux-gnu/libOgreRTShaderSystem.so
[4.052s] -- Looking for OGRE_Volume...
[4.103s] -- Found OGRE_Volume: optimized;/usr/lib/x86_64-linux-gnu/libOgreVolume.so;debug;/usr/lib/x86_64-linux-gnu/libOgreVolume.so
[4.103s] -- Looking for OGRE_Overlay...
[4.155s] -- Found OGRE_Overlay: optimized;/usr/lib/x86_64-linux-gnu/libOgreOverlay.so;debug;/usr/lib/x86_64-linux-gnu/libOgreOverlay.so
[5.606s] -- Looking for ignition-math6 -- found version 6.15.1
[5.649s] -- Looking for ignition-transport8 -- found version 8.2.1
[5.649s] -- Searching for dependencies of ignition-transport8
[5.710s] -- Found Protobuf: /usr/lib/x86_64-linux-gnu/libprotobuf.so (found suitable version "3.12.4", minimum required is "3") 
[5.765s] -- Config-file not installed for ZeroMQ -- checking for pkg-config
[5.775s] -- Checking for module 'libzmq >= 4'
[5.831s] --   Found libzmq , version 4.3.4
[5.943s] -- Found ZeroMQ: TRUE (Required is at least version "4") 
[5.957s] -- Checking for module 'uuid'
[6.011s] --   Found uuid, version 2.37.2
[6.112s] -- Found UUID: TRUE  
[6.152s] -- Looking for ignition-msgs5 -- found version 5.8.1
[6.153s] -- Searching for dependencies of ignition-msgs5
[6.215s] -- Looking for ignition-math6 -- found version 6.15.1
[6.225s] -- Checking for module 'tinyxml2'
[6.279s] --   Found tinyxml2, version 9.0.0
[6.381s] -- Looking for ignition-msgs5 -- found version 5.8.1
[6.423s] -- Looking for ignition-common3 -- found version 3.14.0
[6.423s] -- Searching for dependencies of ignition-common3
[6.426s] -- Looking for dlfcn.h - found
[6.431s] -- Looking for libdl - found
[6.432s] -- Found DL: TRUE  
[6.492s] -- Found tinyobjloader: /usr/lib/x86_64-linux-gnu/cmake/tinyobjloader/tinyobjloader-config.cmake (found version "2.0.0") 
[6.492s] -- Searching for <ignition-common3> component [graphics]
[6.533s] -- Looking for ignition-common3-graphics -- found version 3.14.0
[6.534s] -- Searching for dependencies of ignition-common3-graphics
[6.534s] -- Looking for ignition-math6 -- found version 6.15.1
[6.575s] -- Looking for ignition-fuel_tools4 -- found version 4.4.0
[6.576s] -- Searching for dependencies of ignition-fuel_tools4
[6.859s] -- Found CURL: /usr/lib/x86_64-linux-gnu/libcurl.so (found version "7.81.0")  
[6.912s] -- Checking for module 'jsoncpp'
[6.967s] --   Found jsoncpp, version 1.9.5
[7.069s] -- Found JSONCPP: TRUE  
[7.102s] -- Checking for module 'libzip'
[7.157s] --   Found libzip, version 1.7.3
[7.258s] -- Found ZIP: TRUE  
[7.258s] -- Looking for ignition-common3 -- found version 3.14.0
[7.259s] -- Looking for ignition-math6 -- found version 6.15.1
[7.259s] -- Looking for ignition-msgs5 -- found version 5.8.1
[7.342s] -- Found gazebo_ros_pkgs: 3.7.0 (/opt/ros/humble/share/gazebo_ros_pkgs/cmake)
[7.357s] -- Found geometry_msgs: 4.2.4 (/home/roby/ros2_humble/install/geometry_msgs/share/geometry_msgs/cmake)
[7.581s] -- Found rosidl_generator_c: 3.1.5 (/home/roby/ros2_humble/install/rosidl_generator_c/share/rosidl_generator_c/cmake)
[7.624s] -- Found rosidl_adapter: 3.1.5 (/home/roby/ros2_humble/install/rosidl_adapter/share/rosidl_adapter/cmake)
[7.668s] -- Found rosidl_generator_cpp: 3.1.5 (/home/roby/ros2_humble/install/rosidl_generator_cpp/share/rosidl_generator_cpp/cmake)
[7.741s] -- Using all available rosidl_typesupport_c: rosidl_typesupport_introspection_c;rosidl_typesupport_fastrtps_c
[7.837s] -- Using all available rosidl_typesupport_cpp: rosidl_typesupport_introspection_cpp;rosidl_typesupport_fastrtps_cpp
[7.950s] -- Found nav_msgs: 4.2.4 (/home/roby/ros2_humble/install/nav_msgs/share/nav_msgs/cmake)
[7.978s] -- Found rclcpp: 16.0.10 (/home/roby/ros2_humble/install/rclcpp/share/rclcpp/cmake)
[8.170s] -- Found rmw_implementation_cmake: 6.1.2 (/home/roby/ros2_humble/install/rmw_implementation_cmake/share/rmw_implementation_cmake/cmake)
[8.208s] -- Found rmw_fastrtps_cpp: 6.2.7 (/home/roby/ros2_humble/install/rmw_fastrtps_cpp/share/rmw_fastrtps_cpp/cmake)
[8.564s] -- Found OpenSSL: /usr/lib/x86_64-linux-gnu/libcrypto.so (found version "3.0.2")  
[8.656s] -- Found FastRTPS: /home/roby/ros2_humble/install/fastrtps/include  
[8.820s] -- Using RMW implementation 'rmw_fastrtps_cpp' as default
[8.897s] -- Found Threads: TRUE  
[9.019s] -- Found sensor_msgs: 4.2.4 (/home/roby/ros2_humble/install/sensor_msgs/share/sensor_msgs/cmake)
[9.049s] -- Found tf2: 0.25.8 (/home/roby/ros2_humble/install/tf2/share/tf2/cmake)
[9.351s] -- Configuring done
[9.406s] -- Generating done
[9.408s] -- Build files have been written to: /home/roby/turtlebot3_ws/build/turtlebot3_gazebo
[9.428s] Invoked command in '/home/roby/turtlebot3_ws/build/turtlebot3_gazebo' returned '0': CMAKE_PREFIX_PATH=${CMAKE_PREFIX_PATH}:/home/roby/turtlebot3_ws/install/robot_controller:/home/roby/turtlebot3_ws/install/ball_detection:/home/roby/ws/install/my_robot_controller:/home/roby/ros2_humble/install/rqt_bag_plugins:/home/roby/ros2_humble/install/rqt_bag:/home/roby/ros2_humble/install/launch_testing_examples:/home/roby/ros2_humble/install/ros2bag:/home/roby/ros2_humble/install/tracetools_test:/home/roby/ros2_humble/install/tracetools_launch:/home/roby/ros2_humble/install/topic_monitor:/home/roby/ros2_humble/install/tf2_tools:/home/roby/ros2_humble/install/examples_tf2_py:/home/roby/ros2_humble/install/tf2_ros_py:/home/roby/ros2_humble/install/sros2:/home/roby/ros2_humble/install/rqt_topic:/home/roby/ros2_humble/install/rqt_srv:/home/roby/ros2_humble/install/rqt_shell:/home/roby/ros2_humble/install/rqt_service_caller:/home/roby/ros2_humble/install/rqt_reconfigure:/home/roby/ros2_humble/install/rqt_py_console:/home/roby/ros2_humble/install/rqt_publisher:/home/roby/ros2_humble/install/rqt_plot:/home/roby/ros2_humble/install/rqt_action:/home/roby/ros2_humble/install/rqt_msg:/home/roby/ros2_humble/install/rqt_console:/home/roby/ros2_humble/install/rqt:/home/roby/ros2_humble/install/rqt_graph:/home/roby/ros2_humble/install/rqt_gui_py:/home/roby/ros2_humble/install/rqt_gui:/home/roby/ros2_humble/install/ros2trace:/home/roby/ros2_humble/install/ros2topic:/home/roby/ros2_humble/install/ros2test:/home/roby/ros2_humble/install/ros2component:/home/roby/ros2_humble/install/ros2param:/home/roby/ros2_humble/install/ros2lifecycle:/home/roby/ros2_humble/install/ros2service:/home/roby/ros2_humble/install/ros2run:/home/roby/ros2_humble/install/ros2launch:/home/roby/ros2_humble/install/ros2pkg:/home/roby/ros2_humble/install/ros2node:/home/roby/ros2_humble/install/ros2multicast:/home/roby/ros2_humble/install/ros2interface:/home/roby/ros2_humble/install/ros2doctor:/home/roby/ros2_humble/install/ros2action:/home/roby/ros2_humble/install/ros2cli:/home/roby/ros2_humble/install/quality_of_service_demo_py:/home/roby/ros2_humble/install/lifecycle_py:/home/roby/ros2_humble/install/launch_testing_ros:/home/roby/ros2_humble/install/launch_ros:/home/roby/ros2_humble/install/examples_rclpy_pointcloud_publisher:/home/roby/ros2_humble/install/examples_rclpy_minimal_subscriber:/home/roby/ros2_humble/install/examples_rclpy_minimal_service:/home/roby/ros2_humble/install/examples_rclpy_minimal_publisher:/home/roby/ros2_humble/install/examples_rclpy_minimal_client:/home/roby/ros2_humble/install/examples_rclpy_minimal_action_server:/home/roby/ros2_humble/install/examples_rclpy_minimal_action_client:/home/roby/ros2_humble/install/examples_rclpy_guard_conditions:/home/roby/ros2_humble/install/examples_rclpy_executors:/home/roby/ros2_humble/install/demo_nodes_py:/home/roby/ros2_humble/install/action_tutorials_py:/home/roby/ros2_humble/install/ament_uncrustify:/home/roby/ros2_humble/install/tracetools_trace:/home/roby/ros2_humble/install/tracetools_read:/home/roby/ros2_humble/install/test_tracetools_launch:/home/roby/ros2_humble/install/test_launch_ros:/home/roby/ros2_humble/install/sensor_msgs_py:/home/roby/ros2_humble/install/rpyutils:/home/roby/ros2_humble/install/rosidl_runtime_py:/home/roby/ros2_humble/install/rosidl_cli:/home/roby/ros2_humble/install/launch_pytest:/home/roby/ros2_humble/install/launch_testing:/home/roby/ros2_humble/install/launch_yaml:/home/roby/ros2_humble/install/launch_xml:/home/roby/ros2_humble/install/launch:/home/roby/ros2_humble/install/osrf_pycommon:/home/roby/ros2_humble/install/domain_coordinator:/home/roby/ros2_humble/install/ament_xmllint:/home/roby/ros2_humble/install/ament_pyflakes:/home/roby/ros2_humble/install/ament_pycodestyle:/home/roby/ros2_humble/install/ament_pep257:/home/roby/ros2_humble/install/ament_pclint:/home/roby/ros2_humble/install/ament_package:/home/roby/ros2_humble/install/ament_mypy:/home/roby/ros2_humble/install/ament_lint_cmake:/home/roby/ros2_humble/install/ament_flake8:/home/roby/ros2_humble/install/ament_copyright:/home/roby/ros2_humble/install/ament_lint:/home/roby/ros2_humble/install/ament_index_python:/home/roby/ros2_humble/install/ament_cpplint:/home/roby/ros2_humble/install/ament_cppcheck:/home/roby/ros2_humble/install/ament_clang_tidy:/home/roby/ros2_humble/install/ament_clang_format:/opt/ros/humble /usr/bin/cmake /home/roby/turtlebot3_ws/src/turtlebot3_simulations/turtlebot3_gazebo -DAMENT_CMAKE_SYMLINK_INSTALL=1 -DCMAKE_INSTALL_PREFIX=/home/roby/turtlebot3_ws/install/turtlebot3_gazebo
[9.429s] Invoking command in '/home/roby/turtlebot3_ws/build/turtlebot3_gazebo': CMAKE_PREFIX_PATH=${CMAKE_PREFIX_PATH}:/home/roby/turtlebot3_ws/install/robot_controller:/home/roby/turtlebot3_ws/install/ball_detection:/home/roby/ws/install/my_robot_controller:/home/roby/ros2_humble/install/rqt_bag_plugins:/home/roby/ros2_humble/install/rqt_bag:/home/roby/ros2_humble/install/launch_testing_examples:/home/roby/ros2_humble/install/ros2bag:/home/roby/ros2_humble/install/tracetools_test:/home/roby/ros2_humble/install/tracetools_launch:/home/roby/ros2_humble/install/topic_monitor:/home/roby/ros2_humble/install/tf2_tools:/home/roby/ros2_humble/install/examples_tf2_py:/home/roby/ros2_humble/install/tf2_ros_py:/home/roby/ros2_humble/install/sros2:/home/roby/ros2_humble/install/rqt_topic:/home/roby/ros2_humble/install/rqt_srv:/home/roby/ros2_humble/install/rqt_shell:/home/roby/ros2_humble/install/rqt_service_caller:/home/roby/ros2_humble/install/rqt_reconfigure:/home/roby/ros2_humble/install/rqt_py_console:/home/roby/ros2_humble/install/rqt_publisher:/home/roby/ros2_humble/install/rqt_plot:/home/roby/ros2_humble/install/rqt_action:/home/roby/ros2_humble/install/rqt_msg:/home/roby/ros2_humble/install/rqt_console:/home/roby/ros2_humble/install/rqt:/home/roby/ros2_humble/install/rqt_graph:/home/roby/ros2_humble/install/rqt_gui_py:/home/roby/ros2_humble/install/rqt_gui:/home/roby/ros2_humble/install/ros2trace:/home/roby/ros2_humble/install/ros2topic:/home/roby/ros2_humble/install/ros2test:/home/roby/ros2_humble/install/ros2component:/home/roby/ros2_humble/install/ros2param:/home/roby/ros2_humble/install/ros2lifecycle:/home/roby/ros2_humble/install/ros2service:/home/roby/ros2_humble/install/ros2run:/home/roby/ros2_humble/install/ros2launch:/home/roby/ros2_humble/install/ros2pkg:/home/roby/ros2_humble/install/ros2node:/home/roby/ros2_humble/install/ros2multicast:/home/roby/ros2_humble/install/ros2interface:/home/roby/ros2_humble/install/ros2doctor:/home/roby/ros2_humble/install/ros2action:/home/roby/ros2_humble/install/ros2cli:/home/roby/ros2_humble/install/quality_of_service_demo_py:/home/roby/ros2_humble/install/lifecycle_py:/home/roby/ros2_humble/install/launch_testing_ros:/home/roby/ros2_humble/install/launch_ros:/home/roby/ros2_humble/install/examples_rclpy_pointcloud_publisher:/home/roby/ros2_humble/install/examples_rclpy_minimal_subscriber:/home/roby/ros2_humble/install/examples_rclpy_minimal_service:/home/roby/ros2_humble/install/examples_rclpy_minimal_publisher:/home/roby/ros2_humble/install/examples_rclpy_minimal_client:/home/roby/ros2_humble/install/examples_rclpy_minimal_action_server:/home/roby/ros2_humble/install/examples_rclpy_minimal_action_client:/home/roby/ros2_humble/install/examples_rclpy_guard_conditions:/home/roby/ros2_humble/install/examples_rclpy_executors:/home/roby/ros2_humble/install/demo_nodes_py:/home/roby/ros2_humble/install/action_tutorials_py:/home/roby/ros2_humble/install/ament_uncrustify:/home/roby/ros2_humble/install/tracetools_trace:/home/roby/ros2_humble/install/tracetools_read:/home/roby/ros2_humble/install/test_tracetools_launch:/home/roby/ros2_humble/install/test_launch_ros:/home/roby/ros2_humble/install/sensor_msgs_py:/home/roby/ros2_humble/install/rpyutils:/home/roby/ros2_humble/install/rosidl_runtime_py:/home/roby/ros2_humble/install/rosidl_cli:/home/roby/ros2_humble/install/launch_pytest:/home/roby/ros2_humble/install/launch_testing:/home/roby/ros2_humble/install/launch_yaml:/home/roby/ros2_humble/install/launch_xml:/home/roby/ros2_humble/install/launch:/home/roby/ros2_humble/install/osrf_pycommon:/home/roby/ros2_humble/install/domain_coordinator:/home/roby/ros2_humble/install/ament_xmllint:/home/roby/ros2_humble/install/ament_pyflakes:/home/roby/ros2_humble/install/ament_pycodestyle:/home/roby/ros2_humble/install/ament_pep257:/home/roby/ros2_humble/install/ament_pclint:/home/roby/ros2_humble/install/ament_package:/home/roby/ros2_humble/install/ament_mypy:/home/roby/ros2_humble/install/ament_lint_cmake:/home/roby/ros2_humble/install/ament_flake8:/home/roby/ros2_humble/install/ament_copyright:/home/roby/ros2_humble/install/ament_lint:/home/roby/ros2_humble/install/ament_index_python:/home/roby/ros2_humble/install/ament_cpplint:/home/roby/ros2_humble/install/ament_cppcheck:/home/roby/ros2_humble/install/ament_clang_tidy:/home/roby/ros2_humble/install/ament_clang_format:/opt/ros/humble /usr/bin/cmake --build /home/roby/turtlebot3_ws/build/turtlebot3_gazebo -- -j8 -l8
[9.573s] [ 12%] [32mBuilding CXX object CMakeFiles/turtlebot3_drive.dir/src/turtlebot3_drive.cpp.o[0m
[9.575s] [ 25%] [32mBuilding CXX object CMakeFiles/obstacle2.dir/models/turtlebot3_dqn_world/obstacle_plugin/obstacle2.cc.o[0m
[9.587s] [ 37%] [32mBuilding CXX object CMakeFiles/obstacles.dir/models/turtlebot3_dqn_world/obstacle_plugin/obstacles.cc.o[0m
[9.595s] [ 50%] [32mBuilding CXX object CMakeFiles/obstacle1.dir/models/turtlebot3_dqn_world/obstacle_plugin/obstacle1.cc.o[0m
[21.630s] [ 62%] [32m[1mLinking CXX executable turtlebot3_drive[0m
[22.294s] [ 75%] [32m[1mLinking CXX shared library libobstacle2.so[0m
[22.614s] [ 75%] Built target obstacle2
[23.049s] [ 75%] Built target turtlebot3_drive
[23.208s] [ 87%] [32m[1mLinking CXX shared library libobstacles.so[0m
[23.458s] [ 87%] Built target obstacles
[23.498s] [100%] [32m[1mLinking CXX shared library libobstacle1.so[0m
[23.739s] [100%] Built target obstacle1
[23.763s] Invoked command in '/home/roby/turtlebot3_ws/build/turtlebot3_gazebo' returned '0': CMAKE_PREFIX_PATH=${CMAKE_PREFIX_PATH}:/home/roby/turtlebot3_ws/install/robot_controller:/home/roby/turtlebot3_ws/install/ball_detection:/home/roby/ws/install/my_robot_controller:/home/roby/ros2_humble/install/rqt_bag_plugins:/home/roby/ros2_humble/install/rqt_bag:/home/roby/ros2_humble/install/launch_testing_examples:/home/roby/ros2_humble/install/ros2bag:/home/roby/ros2_humble/install/tracetools_test:/home/roby/ros2_humble/install/tracetools_launch:/home/roby/ros2_humble/install/topic_monitor:/home/roby/ros2_humble/install/tf2_tools:/home/roby/ros2_humble/install/examples_tf2_py:/home/roby/ros2_humble/install/tf2_ros_py:/home/roby/ros2_humble/install/sros2:/home/roby/ros2_humble/install/rqt_topic:/home/roby/ros2_humble/install/rqt_srv:/home/roby/ros2_humble/install/rqt_shell:/home/roby/ros2_humble/install/rqt_service_caller:/home/roby/ros2_humble/install/rqt_reconfigure:/home/roby/ros2_humble/install/rqt_py_console:/home/roby/ros2_humble/install/rqt_publisher:/home/roby/ros2_humble/install/rqt_plot:/home/roby/ros2_humble/install/rqt_action:/home/roby/ros2_humble/install/rqt_msg:/home/roby/ros2_humble/install/rqt_console:/home/roby/ros2_humble/install/rqt:/home/roby/ros2_humble/install/rqt_graph:/home/roby/ros2_humble/install/rqt_gui_py:/home/roby/ros2_humble/install/rqt_gui:/home/roby/ros2_humble/install/ros2trace:/home/roby/ros2_humble/install/ros2topic:/home/roby/ros2_humble/install/ros2test:/home/roby/ros2_humble/install/ros2component:/home/roby/ros2_humble/install/ros2param:/home/roby/ros2_humble/install/ros2lifecycle:/home/roby/ros2_humble/install/ros2service:/home/roby/ros2_humble/install/ros2run:/home/roby/ros2_humble/install/ros2launch:/home/roby/ros2_humble/install/ros2pkg:/home/roby/ros2_humble/install/ros2node:/home/roby/ros2_humble/install/ros2multicast:/home/roby/ros2_humble/install/ros2interface:/home/roby/ros2_humble/install/ros2doctor:/home/roby/ros2_humble/install/ros2action:/home/roby/ros2_humble/install/ros2cli:/home/roby/ros2_humble/install/quality_of_service_demo_py:/home/roby/ros2_humble/install/lifecycle_py:/home/roby/ros2_humble/install/launch_testing_ros:/home/roby/ros2_humble/install/launch_ros:/home/roby/ros2_humble/install/examples_rclpy_pointcloud_publisher:/home/roby/ros2_humble/install/examples_rclpy_minimal_subscriber:/home/roby/ros2_humble/install/examples_rclpy_minimal_service:/home/roby/ros2_humble/install/examples_rclpy_minimal_publisher:/home/roby/ros2_humble/install/examples_rclpy_minimal_client:/home/roby/ros2_humble/install/examples_rclpy_minimal_action_server:/home/roby/ros2_humble/install/examples_rclpy_minimal_action_client:/home/roby/ros2_humble/install/examples_rclpy_guard_conditions:/home/roby/ros2_humble/install/examples_rclpy_executors:/home/roby/ros2_humble/install/demo_nodes_py:/home/roby/ros2_humble/install/action_tutorials_py:/home/roby/ros2_humble/install/ament_uncrustify:/home/roby/ros2_humble/install/tracetools_trace:/home/roby/ros2_humble/install/tracetools_read:/home/roby/ros2_humble/install/test_tracetools_launch:/home/roby/ros2_humble/install/test_launch_ros:/home/roby/ros2_humble/install/sensor_msgs_py:/home/roby/ros2_humble/install/rpyutils:/home/roby/ros2_humble/install/rosidl_runtime_py:/home/roby/ros2_humble/install/rosidl_cli:/home/roby/ros2_humble/install/launch_pytest:/home/roby/ros2_humble/install/launch_testing:/home/roby/ros2_humble/install/launch_yaml:/home/roby/ros2_humble/install/launch_xml:/home/roby/ros2_humble/install/launch:/home/roby/ros2_humble/install/osrf_pycommon:/home/roby/ros2_humble/install/domain_coordinator:/home/roby/ros2_humble/install/ament_xmllint:/home/roby/ros2_humble/install/ament_pyflakes:/home/roby/ros2_humble/install/ament_pycodestyle:/home/roby/ros2_humble/install/ament_pep257:/home/roby/ros2_humble/install/ament_pclint:/home/roby/ros2_humble/install/ament_package:/home/roby/ros2_humble/install/ament_mypy:/home/roby/ros2_humble/install/ament_lint_cmake:/home/roby/ros2_humble/install/ament_flake8:/home/roby/ros2_humble/install/ament_copyright:/home/roby/ros2_humble/install/ament_lint:/home/roby/ros2_humble/install/ament_index_python:/home/roby/ros2_humble/install/ament_cpplint:/home/roby/ros2_humble/install/ament_cppcheck:/home/roby/ros2_humble/install/ament_clang_tidy:/home/roby/ros2_humble/install/ament_clang_format:/opt/ros/humble /usr/bin/cmake --build /home/roby/turtlebot3_ws/build/turtlebot3_gazebo -- -j8 -l8
[23.928s] Invoking command in '/home/roby/turtlebot3_ws/build/turtlebot3_gazebo': CMAKE_PREFIX_PATH=${CMAKE_PREFIX_PATH}:/home/roby/turtlebot3_ws/install/robot_controller:/home/roby/turtlebot3_ws/install/ball_detection:/home/roby/ws/install/my_robot_controller:/home/roby/ros2_humble/install/rqt_bag_plugins:/home/roby/ros2_humble/install/rqt_bag:/home/roby/ros2_humble/install/launch_testing_examples:/home/roby/ros2_humble/install/ros2bag:/home/roby/ros2_humble/install/tracetools_test:/home/roby/ros2_humble/install/tracetools_launch:/home/roby/ros2_humble/install/topic_monitor:/home/roby/ros2_humble/install/tf2_tools:/home/roby/ros2_humble/install/examples_tf2_py:/home/roby/ros2_humble/install/tf2_ros_py:/home/roby/ros2_humble/install/sros2:/home/roby/ros2_humble/install/rqt_topic:/home/roby/ros2_humble/install/rqt_srv:/home/roby/ros2_humble/install/rqt_shell:/home/roby/ros2_humble/install/rqt_service_caller:/home/roby/ros2_humble/install/rqt_reconfigure:/home/roby/ros2_humble/install/rqt_py_console:/home/roby/ros2_humble/install/rqt_publisher:/home/roby/ros2_humble/install/rqt_plot:/home/roby/ros2_humble/install/rqt_action:/home/roby/ros2_humble/install/rqt_msg:/home/roby/ros2_humble/install/rqt_console:/home/roby/ros2_humble/install/rqt:/home/roby/ros2_humble/install/rqt_graph:/home/roby/ros2_humble/install/rqt_gui_py:/home/roby/ros2_humble/install/rqt_gui:/home/roby/ros2_humble/install/ros2trace:/home/roby/ros2_humble/install/ros2topic:/home/roby/ros2_humble/install/ros2test:/home/roby/ros2_humble/install/ros2component:/home/roby/ros2_humble/install/ros2param:/home/roby/ros2_humble/install/ros2lifecycle:/home/roby/ros2_humble/install/ros2service:/home/roby/ros2_humble/install/ros2run:/home/roby/ros2_humble/install/ros2launch:/home/roby/ros2_humble/install/ros2pkg:/home/roby/ros2_humble/install/ros2node:/home/roby/ros2_humble/install/ros2multicast:/home/roby/ros2_humble/install/ros2interface:/home/roby/ros2_humble/install/ros2doctor:/home/roby/ros2_humble/install/ros2action:/home/roby/ros2_humble/install/ros2cli:/home/roby/ros2_humble/install/quality_of_service_demo_py:/home/roby/ros2_humble/install/lifecycle_py:/home/roby/ros2_humble/install/launch_testing_ros:/home/roby/ros2_humble/install/launch_ros:/home/roby/ros2_humble/install/examples_rclpy_pointcloud_publisher:/home/roby/ros2_humble/install/examples_rclpy_minimal_subscriber:/home/roby/ros2_humble/install/examples_rclpy_minimal_service:/home/roby/ros2_humble/install/examples_rclpy_minimal_publisher:/home/roby/ros2_humble/install/examples_rclpy_minimal_client:/home/roby/ros2_humble/install/examples_rclpy_minimal_action_server:/home/roby/ros2_humble/install/examples_rclpy_minimal_action_client:/home/roby/ros2_humble/install/examples_rclpy_guard_conditions:/home/roby/ros2_humble/install/examples_rclpy_executors:/home/roby/ros2_humble/install/demo_nodes_py:/home/roby/ros2_humble/install/action_tutorials_py:/home/roby/ros2_humble/install/ament_uncrustify:/home/roby/ros2_humble/install/tracetools_trace:/home/roby/ros2_humble/install/tracetools_read:/home/roby/ros2_humble/install/test_tracetools_launch:/home/roby/ros2_humble/install/test_launch_ros:/home/roby/ros2_humble/install/sensor_msgs_py:/home/roby/ros2_humble/install/rpyutils:/home/roby/ros2_humble/install/rosidl_runtime_py:/home/roby/ros2_humble/install/rosidl_cli:/home/roby/ros2_humble/install/launch_pytest:/home/roby/ros2_humble/install/launch_testing:/home/roby/ros2_humble/install/launch_yaml:/home/roby/ros2_humble/install/launch_xml:/home/roby/ros2_humble/install/launch:/home/roby/ros2_humble/install/osrf_pycommon:/home/roby/ros2_humble/install/domain_coordinator:/home/roby/ros2_humble/install/ament_xmllint:/home/roby/ros2_humble/install/ament_pyflakes:/home/roby/ros2_humble/install/ament_pycodestyle:/home/roby/ros2_humble/install/ament_pep257:/home/roby/ros2_humble/install/ament_pclint:/home/roby/ros2_humble/install/ament_package:/home/roby/ros2_humble/install/ament_mypy:/home/roby/ros2_humble/install/ament_lint_cmake:/home/roby/ros2_humble/install/ament_flake8:/home/roby/ros2_humble/install/ament_copyright:/home/roby/ros2_humble/install/ament_lint:/home/roby/ros2_humble/install/ament_index_python:/home/roby/ros2_humble/install/ament_cpplint:/home/roby/ros2_humble/install/ament_cppcheck:/home/roby/ros2_humble/install/ament_clang_tidy:/home/roby/ros2_humble/install/ament_clang_format:/opt/ros/humble /usr/bin/cmake --install /home/roby/turtlebot3_ws/build/turtlebot3_gazebo
[23.948s] -- Install configuration: ""
[23.948s] -- Execute custom install script
[23.949s] -- Symlinking: /home/roby/turtlebot3_ws/install/turtlebot3_gazebo/lib/turtlebot3_gazebo/turtlebot3_drive
[23.971s] -- Symlinking: /home/roby/turtlebot3_ws/install/turtlebot3_gazebo/share/turtlebot3_gazebo//launch/empty_world.launch.py
[23.992s] -- Symlinking: /home/roby/turtlebot3_ws/install/turtlebot3_gazebo/share/turtlebot3_gazebo//launch/robot_state_publisher.launch.py
[24.013s] -- Symlinking: /home/roby/turtlebot3_ws/install/turtlebot3_gazebo/share/turtlebot3_gazebo//launch/spawn_turtlebot3.launch.py
[24.034s] -- Symlinking: /home/roby/turtlebot3_ws/install/turtlebot3_gazebo/share/turtlebot3_gazebo//launch/turtlebot3_dqn_stage1.launch.py
[24.056s] -- Symlinking: /home/roby/turtlebot3_ws/install/turtlebot3_gazebo/share/turtlebot3_gazebo//launch/turtlebot3_dqn_stage2.launch.py
[24.077s] -- Symlinking: /home/roby/turtlebot3_ws/install/turtlebot3_gazebo/share/turtlebot3_gazebo//launch/turtlebot3_dqn_stage3.launch.py
[24.098s] -- Symlinking: /home/roby/turtlebot3_ws/install/turtlebot3_gazebo/share/turtlebot3_gazebo//launch/turtlebot3_dqn_stage4.launch.py
[24.120s] -- Symlinking: /home/roby/turtlebot3_ws/install/turtlebot3_gazebo/share/turtlebot3_gazebo//launch/turtlebot3_house.launch.py
[24.141s] -- Symlinking: /home/roby/turtlebot3_ws/install/turtlebot3_gazebo/share/turtlebot3_gazebo//launch/turtlebot3_world.launch.py
[24.164s] -- Symlinking: /home/roby/turtlebot3_ws/install/turtlebot3_gazebo/share/turtlebot3_gazebo//models/turtlebot3_burger/model-1_4.sdf
[24.185s] -- Symlinking: /home/roby/turtlebot3_ws/install/turtlebot3_gazebo/share/turtlebot3_gazebo//models/turtlebot3_burger/model.config
[24.207s] -- Symlinking: /home/roby/turtlebot3_ws/install/turtlebot3_gazebo/share/turtlebot3_gazebo//models/turtlebot3_burger/model.sdf
[24.228s] -- Symlinking: /home/roby/turtlebot3_ws/install/turtlebot3_gazebo/share/turtlebot3_gazebo//models/turtlebot3_common/meshes/burger_base.dae
[24.249s] -- Symlinking: /home/roby/turtlebot3_ws/install/turtlebot3_gazebo/share/turtlebot3_gazebo//models/turtlebot3_common/meshes/lds.dae
[24.270s] -- Symlinking: /home/roby/turtlebot3_ws/install/turtlebot3_gazebo/share/turtlebot3_gazebo//models/turtlebot3_common/meshes/r200.dae
[24.292s] -- Symlinking: /home/roby/turtlebot3_ws/install/turtlebot3_gazebo/share/turtlebot3_gazebo//models/turtlebot3_common/meshes/tire.dae
[24.313s] -- Symlinking: /home/roby/turtlebot3_ws/install/turtlebot3_gazebo/share/turtlebot3_gazebo//models/turtlebot3_common/meshes/waffle_base.dae
[24.334s] -- Symlinking: /home/roby/turtlebot3_ws/install/turtlebot3_gazebo/share/turtlebot3_gazebo//models/turtlebot3_common/meshes/waffle_pi_base.dae
[24.356s] -- Symlinking: /home/roby/turtlebot3_ws/install/turtlebot3_gazebo/share/turtlebot3_gazebo//models/turtlebot3_common/model.config
[24.378s] -- Symlinking: /home/roby/turtlebot3_ws/install/turtlebot3_gazebo/share/turtlebot3_gazebo//models/turtlebot3_dqn_world/goal_box/model.config
[24.400s] -- Symlinking: /home/roby/turtlebot3_ws/install/turtlebot3_gazebo/share/turtlebot3_gazebo//models/turtlebot3_dqn_world/goal_box/model.sdf
[24.421s] -- Symlinking: /home/roby/turtlebot3_ws/install/turtlebot3_gazebo/share/turtlebot3_gazebo//models/turtlebot3_dqn_world/inner_walls/model.config
[24.442s] -- Symlinking: /home/roby/turtlebot3_ws/install/turtlebot3_gazebo/share/turtlebot3_gazebo//models/turtlebot3_dqn_world/inner_walls/model.sdf
[24.463s] -- Symlinking: /home/roby/turtlebot3_ws/install/turtlebot3_gazebo/share/turtlebot3_gazebo//models/turtlebot3_dqn_world/model.config
[24.485s] -- Symlinking: /home/roby/turtlebot3_ws/install/turtlebot3_gazebo/share/turtlebot3_gazebo//models/turtlebot3_dqn_world/model.sdf
[24.506s] -- Symlinking: /home/roby/turtlebot3_ws/install/turtlebot3_gazebo/share/turtlebot3_gazebo//models/turtlebot3_dqn_world/obstacle1/model.config
[24.527s] -- Symlinking: /home/roby/turtlebot3_ws/install/turtlebot3_gazebo/share/turtlebot3_gazebo//models/turtlebot3_dqn_world/obstacle1/model.sdf
[24.549s] -- Symlinking: /home/roby/turtlebot3_ws/install/turtlebot3_gazebo/share/turtlebot3_gazebo//models/turtlebot3_dqn_world/obstacle2/model.config
[24.570s] -- Symlinking: /home/roby/turtlebot3_ws/install/turtlebot3_gazebo/share/turtlebot3_gazebo//models/turtlebot3_dqn_world/obstacle2/model.sdf
[24.591s] -- Symlinking: /home/roby/turtlebot3_ws/install/turtlebot3_gazebo/share/turtlebot3_gazebo//models/turtlebot3_dqn_world/obstacle_plugin/CMakeLists.txt
[24.613s] -- Symlinking: /home/roby/turtlebot3_ws/install/turtlebot3_gazebo/share/turtlebot3_gazebo//models/turtlebot3_dqn_world/obstacle_plugin/obstacle1.cc
[24.634s] -- Symlinking: /home/roby/turtlebot3_ws/install/turtlebot3_gazebo/share/turtlebot3_gazebo//models/turtlebot3_dqn_world/obstacle_plugin/obstacle2.cc
[24.655s] -- Symlinking: /home/roby/turtlebot3_ws/install/turtlebot3_gazebo/share/turtlebot3_gazebo//models/turtlebot3_dqn_world/obstacle_plugin/obstacles.cc
[24.677s] -- Symlinking: /home/roby/turtlebot3_ws/install/turtlebot3_gazebo/share/turtlebot3_gazebo//models/turtlebot3_dqn_world/obstacles/model.config
[24.698s] -- Symlinking: /home/roby/turtlebot3_ws/install/turtlebot3_gazebo/share/turtlebot3_gazebo//models/turtlebot3_dqn_world/obstacles/model.sdf
[24.719s] -- Symlinking: /home/roby/turtlebot3_ws/install/turtlebot3_gazebo/share/turtlebot3_gazebo//models/turtlebot3_house/model.config
[24.741s] -- Symlinking: /home/roby/turtlebot3_ws/install/turtlebot3_gazebo/share/turtlebot3_gazebo//models/turtlebot3_house/model.sdf
[24.762s] -- Symlinking: /home/roby/turtlebot3_ws/install/turtlebot3_gazebo/share/turtlebot3_gazebo//models/turtlebot3_waffle/model-1_4.sdf
[24.784s] -- Symlinking: /home/roby/turtlebot3_ws/install/turtlebot3_gazebo/share/turtlebot3_gazebo//models/turtlebot3_waffle/model.config
[24.805s] -- Symlinking: /home/roby/turtlebot3_ws/install/turtlebot3_gazebo/share/turtlebot3_gazebo//models/turtlebot3_waffle/model.sdf
[24.827s] -- Symlinking: /home/roby/turtlebot3_ws/install/turtlebot3_gazebo/share/turtlebot3_gazebo//models/turtlebot3_waffle_pi/model-1_4_.sdf
[24.848s] -- Symlinking: /home/roby/turtlebot3_ws/install/turtlebot3_gazebo/share/turtlebot3_gazebo//models/turtlebot3_waffle_pi/model.config
[24.870s] -- Symlinking: /home/roby/turtlebot3_ws/install/turtlebot3_gazebo/share/turtlebot3_gazebo//models/turtlebot3_waffle_pi/model.sdf
[24.892s] -- Symlinking: /home/roby/turtlebot3_ws/install/turtlebot3_gazebo/share/turtlebot3_gazebo//models/turtlebot3_world/meshes/hexagon.dae
[24.913s] -- Symlinking: /home/roby/turtlebot3_ws/install/turtlebot3_gazebo/share/turtlebot3_gazebo//models/turtlebot3_world/meshes/wall.dae
[24.934s] -- Symlinking: /home/roby/turtlebot3_ws/install/turtlebot3_gazebo/share/turtlebot3_gazebo//models/turtlebot3_world/model-1_4.sdf
[24.956s] -- Symlinking: /home/roby/turtlebot3_ws/install/turtlebot3_gazebo/share/turtlebot3_gazebo//models/turtlebot3_world/model.config
[24.981s] -- Symlinking: /home/roby/turtlebot3_ws/install/turtlebot3_gazebo/share/turtlebot3_gazebo//models/turtlebot3_world/model.sdf
[25.003s] -- Symlinking: /home/roby/turtlebot3_ws/install/turtlebot3_gazebo/share/turtlebot3_gazebo//rviz/tb3_gazebo.rviz
[25.024s] -- Symlinking: /home/roby/turtlebot3_ws/install/turtlebot3_gazebo/share/turtlebot3_gazebo//urdf/common_properties.urdf
[25.046s] -- Symlinking: /home/roby/turtlebot3_ws/install/turtlebot3_gazebo/share/turtlebot3_gazebo//urdf/turtlebot3_burger.urdf
[25.068s] -- Symlinking: /home/roby/turtlebot3_ws/install/turtlebot3_gazebo/share/turtlebot3_gazebo//urdf/turtlebot3_waffle.urdf
[25.089s] -- Symlinking: /home/roby/turtlebot3_ws/install/turtlebot3_gazebo/share/turtlebot3_gazebo//urdf/turtlebot3_waffle_pi.urdf
[25.111s] -- Symlinking: /home/roby/turtlebot3_ws/install/turtlebot3_gazebo/share/turtlebot3_gazebo//worlds/empty_world.world
[25.132s] -- Symlinking: /home/roby/turtlebot3_ws/install/turtlebot3_gazebo/share/turtlebot3_gazebo//worlds/turtlebot3_dqn_stage1.world
[25.154s] -- Symlinking: /home/roby/turtlebot3_ws/install/turtlebot3_gazebo/share/turtlebot3_gazebo//worlds/turtlebot3_dqn_stage2.world
[25.175s] -- Symlinking: /home/roby/turtlebot3_ws/install/turtlebot3_gazebo/share/turtlebot3_gazebo//worlds/turtlebot3_dqn_stage3.world
[25.197s] -- Symlinking: /home/roby/turtlebot3_ws/install/turtlebot3_gazebo/share/turtlebot3_gazebo//worlds/turtlebot3_dqn_stage4.world
[25.218s] -- Symlinking: /home/roby/turtlebot3_ws/install/turtlebot3_gazebo/share/turtlebot3_gazebo//worlds/turtlebot3_house.world
[25.240s] -- Symlinking: /home/roby/turtlebot3_ws/install/turtlebot3_gazebo/share/turtlebot3_gazebo//worlds/turtlebot3_world.world
[25.261s] -- Symlinking: /home/roby/turtlebot3_ws/install/turtlebot3_gazebo/include//turtlebot3_gazebo/turtlebot3_drive.hpp
[25.284s] -- Symlinking: /home/roby/turtlebot3_ws/install/turtlebot3_gazebo/share/ament_index/resource_index/package_run_dependencies/turtlebot3_gazebo
[25.305s] -- Symlinking: /home/roby/turtlebot3_ws/install/turtlebot3_gazebo/share/ament_index/resource_index/parent_prefix_path/turtlebot3_gazebo
[25.327s] -- Symlinking: /home/roby/turtlebot3_ws/install/turtlebot3_gazebo/share/turtlebot3_gazebo/environment/ament_prefix_path.sh
[25.348s] -- Symlinking: /home/roby/turtlebot3_ws/install/turtlebot3_gazebo/share/turtlebot3_gazebo/environment/ament_prefix_path.dsv
[25.370s] -- Symlinking: /home/roby/turtlebot3_ws/install/turtlebot3_gazebo/share/turtlebot3_gazebo/environment/path.sh
[25.392s] -- Symlinking: /home/roby/turtlebot3_ws/install/turtlebot3_gazebo/share/turtlebot3_gazebo/environment/path.dsv
[25.413s] -- Symlinking: /home/roby/turtlebot3_ws/install/turtlebot3_gazebo/share/turtlebot3_gazebo/local_setup.bash
[25.434s] -- Symlinking: /home/roby/turtlebot3_ws/install/turtlebot3_gazebo/share/turtlebot3_gazebo/local_setup.sh
[25.456s] -- Symlinking: /home/roby/turtlebot3_ws/install/turtlebot3_gazebo/share/turtlebot3_gazebo/local_setup.zsh
[25.477s] -- Symlinking: /home/roby/turtlebot3_ws/install/turtlebot3_gazebo/share/turtlebot3_gazebo/local_setup.dsv
[25.498s] -- Symlinking: /home/roby/turtlebot3_ws/install/turtlebot3_gazebo/share/turtlebot3_gazebo/package.dsv
[25.520s] -- Symlinking: /home/roby/turtlebot3_ws/install/turtlebot3_gazebo/share/ament_index/resource_index/packages/turtlebot3_gazebo
[25.541s] -- Symlinking: /home/roby/turtlebot3_ws/install/turtlebot3_gazebo/share/turtlebot3_gazebo/cmake/ament_cmake_export_include_directories-extras.cmake
[25.563s] -- Symlinking: /home/roby/turtlebot3_ws/install/turtlebot3_gazebo/share/turtlebot3_gazebo/cmake/ament_cmake_export_dependencies-extras.cmake
[25.585s] -- Symlinking: /home/roby/turtlebot3_ws/install/turtlebot3_gazebo/share/turtlebot3_gazebo/cmake/turtlebot3_gazeboConfig.cmake
[25.606s] -- Symlinking: /home/roby/turtlebot3_ws/install/turtlebot3_gazebo/share/turtlebot3_gazebo/cmake/turtlebot3_gazeboConfig-version.cmake
[25.628s] -- Symlinking: /home/roby/turtlebot3_ws/install/turtlebot3_gazebo/share/turtlebot3_gazebo/package.xml
[25.652s] Invoked command in '/home/roby/turtlebot3_ws/build/turtlebot3_gazebo' returned '0': CMAKE_PREFIX_PATH=${CMAKE_PREFIX_PATH}:/home/roby/turtlebot3_ws/install/robot_controller:/home/roby/turtlebot3_ws/install/ball_detection:/home/roby/ws/install/my_robot_controller:/home/roby/ros2_humble/install/rqt_bag_plugins:/home/roby/ros2_humble/install/rqt_bag:/home/roby/ros2_humble/install/launch_testing_examples:/home/roby/ros2_humble/install/ros2bag:/home/roby/ros2_humble/install/tracetools_test:/home/roby/ros2_humble/install/tracetools_launch:/home/roby/ros2_humble/install/topic_monitor:/home/roby/ros2_humble/install/tf2_tools:/home/roby/ros2_humble/install/examples_tf2_py:/home/roby/ros2_humble/install/tf2_ros_py:/home/roby/ros2_humble/install/sros2:/home/roby/ros2_humble/install/rqt_topic:/home/roby/ros2_humble/install/rqt_srv:/home/roby/ros2_humble/install/rqt_shell:/home/roby/ros2_humble/install/rqt_service_caller:/home/roby/ros2_humble/install/rqt_reconfigure:/home/roby/ros2_humble/install/rqt_py_console:/home/roby/ros2_humble/install/rqt_publisher:/home/roby/ros2_humble/install/rqt_plot:/home/roby/ros2_humble/install/rqt_action:/home/roby/ros2_humble/install/rqt_msg:/home/roby/ros2_humble/install/rqt_console:/home/roby/ros2_humble/install/rqt:/home/roby/ros2_humble/install/rqt_graph:/home/roby/ros2_humble/install/rqt_gui_py:/home/roby/ros2_humble/install/rqt_gui:/home/roby/ros2_humble/install/ros2trace:/home/roby/ros2_humble/install/ros2topic:/home/roby/ros2_humble/install/ros2test:/home/roby/ros2_humble/install/ros2component:/home/roby/ros2_humble/install/ros2param:/home/roby/ros2_humble/install/ros2lifecycle:/home/roby/ros2_humble/install/ros2service:/home/roby/ros2_humble/install/ros2run:/home/roby/ros2_humble/install/ros2launch:/home/roby/ros2_humble/install/ros2pkg:/home/roby/ros2_humble/install/ros2node:/home/roby/ros2_humble/install/ros2multicast:/home/roby/ros2_humble/install/ros2interface:/home/roby/ros2_humble/install/ros2doctor:/home/roby/ros2_humble/install/ros2action:/home/roby/ros2_humble/install/ros2cli:/home/roby/ros2_humble/install/quality_of_service_demo_py:/home/roby/ros2_humble/install/lifecycle_py:/home/roby/ros2_humble/install/launch_testing_ros:/home/roby/ros2_humble/install/launch_ros:/home/roby/ros2_humble/install/examples_rclpy_pointcloud_publisher:/home/roby/ros2_humble/install/examples_rclpy_minimal_subscriber:/home/roby/ros2_humble/install/examples_rclpy_minimal_service:/home/roby/ros2_humble/install/examples_rclpy_minimal_publisher:/home/roby/ros2_humble/install/examples_rclpy_minimal_client:/home/roby/ros2_humble/install/examples_rclpy_minimal_action_server:/home/roby/ros2_humble/install/examples_rclpy_minimal_action_client:/home/roby/ros2_humble/install/examples_rclpy_guard_conditions:/home/roby/ros2_humble/install/examples_rclpy_executors:/home/roby/ros2_humble/install/demo_nodes_py:/home/roby/ros2_humble/install/action_tutorials_py:/home/roby/ros2_humble/install/ament_uncrustify:/home/roby/ros2_humble/install/tracetools_trace:/home/roby/ros2_humble/install/tracetools_read:/home/roby/ros2_humble/install/test_tracetools_launch:/home/roby/ros2_humble/install/test_launch_ros:/home/roby/ros2_humble/install/sensor_msgs_py:/home/roby/ros2_humble/install/rpyutils:/home/roby/ros2_humble/install/rosidl_runtime_py:/home/roby/ros2_humble/install/rosidl_cli:/home/roby/ros2_humble/install/launch_pytest:/home/roby/ros2_humble/install/launch_testing:/home/roby/ros2_humble/install/launch_yaml:/home/roby/ros2_humble/install/launch_xml:/home/roby/ros2_humble/install/launch:/home/roby/ros2_humble/install/osrf_pycommon:/home/roby/ros2_humble/install/domain_coordinator:/home/roby/ros2_humble/install/ament_xmllint:/home/roby/ros2_humble/install/ament_pyflakes:/home/roby/ros2_humble/install/ament_pycodestyle:/home/roby/ros2_humble/install/ament_pep257:/home/roby/ros2_humble/install/ament_pclint:/home/roby/ros2_humble/install/ament_package:/home/roby/ros2_humble/install/ament_mypy:/home/roby/ros2_humble/install/ament_lint_cmake:/home/roby/ros2_humble/install/ament_flake8:/home/roby/ros2_humble/install/ament_copyright:/home/roby/ros2_humble/install/ament_lint:/home/roby/ros2_humble/install/ament_index_python:/home/roby/ros2_humble/install/ament_cpplint:/home/roby/ros2_humble/install/ament_cppcheck:/home/roby/ros2_humble/install/ament_clang_tidy:/home/roby/ros2_humble/install/ament_clang_format:/opt/ros/humble /usr/bin/cmake --install /home/roby/turtlebot3_ws/build/turtlebot3_gazebo
