[0.140s] Invoking command in '/home/roby/turtlebot3_ws/build/turtlebot3_gazebo': CMAKE_PREFIX_PATH=${CMAKE_PREFIX_PATH}:/home/roby/turtlebot3_ws/install/robot_controller:/home/roby/ws/install/my_robot_controller:/home/roby/ros2_humble/install/rqt_bag_plugins:/home/roby/ros2_humble/install/rqt_bag:/home/roby/ros2_humble/install/launch_testing_examples:/home/roby/ros2_humble/install/ros2bag:/home/roby/ros2_humble/install/tracetools_test:/home/roby/ros2_humble/install/tracetools_launch:/home/roby/ros2_humble/install/topic_monitor:/home/roby/ros2_humble/install/tf2_tools:/home/roby/ros2_humble/install/examples_tf2_py:/home/roby/ros2_humble/install/tf2_ros_py:/home/roby/ros2_humble/install/sros2:/home/roby/ros2_humble/install/rqt_topic:/home/roby/ros2_humble/install/rqt_srv:/home/roby/ros2_humble/install/rqt_shell:/home/roby/ros2_humble/install/rqt_service_caller:/home/roby/ros2_humble/install/rqt_reconfigure:/home/roby/ros2_humble/install/rqt_py_console:/home/roby/ros2_humble/install/rqt_publisher:/home/roby/ros2_humble/install/rqt_plot:/home/roby/ros2_humble/install/rqt_action:/home/roby/ros2_humble/install/rqt_msg:/home/roby/ros2_humble/install/rqt_console:/home/roby/ros2_humble/install/rqt:/home/roby/ros2_humble/install/rqt_graph:/home/roby/ros2_humble/install/rqt_gui_py:/home/roby/ros2_humble/install/rqt_gui:/home/roby/ros2_humble/install/ros2trace:/home/roby/ros2_humble/install/ros2topic:/home/roby/ros2_humble/install/ros2test:/home/roby/ros2_humble/install/ros2component:/home/roby/ros2_humble/install/ros2param:/home/roby/ros2_humble/install/ros2lifecycle:/home/roby/ros2_humble/install/ros2service:/home/roby/ros2_humble/install/ros2run:/home/roby/ros2_humble/install/ros2launch:/home/roby/ros2_humble/install/ros2pkg:/home/roby/ros2_humble/install/ros2node:/home/roby/ros2_humble/install/ros2multicast:/home/roby/ros2_humble/install/ros2interface:/home/roby/ros2_humble/install/ros2doctor:/home/roby/ros2_humble/install/ros2action:/home/roby/ros2_humble/install/ros2cli:/home/roby/ros2_humble/install/quality_of_service_demo_py:/home/roby/ros2_humble/install/lifecycle_py:/home/roby/ros2_humble/install/launch_testing_ros:/home/roby/ros2_humble/install/launch_ros:/home/roby/ros2_humble/install/examples_rclpy_pointcloud_publisher:/home/roby/ros2_humble/install/examples_rclpy_minimal_subscriber:/home/roby/ros2_humble/install/examples_rclpy_minimal_service:/home/roby/ros2_humble/install/examples_rclpy_minimal_publisher:/home/roby/ros2_humble/install/examples_rclpy_minimal_client:/home/roby/ros2_humble/install/examples_rclpy_minimal_action_server:/home/roby/ros2_humble/install/examples_rclpy_minimal_action_client:/home/roby/ros2_humble/install/examples_rclpy_guard_conditions:/home/roby/ros2_humble/install/examples_rclpy_executors:/home/roby/ros2_humble/install/demo_nodes_py:/home/roby/ros2_humble/install/action_tutorials_py:/home/roby/ros2_humble/install/ament_uncrustify:/home/roby/ros2_humble/install/tracetools_trace:/home/roby/ros2_humble/install/tracetools_read:/home/roby/ros2_humble/install/test_tracetools_launch:/home/roby/ros2_humble/install/test_launch_ros:/home/roby/ros2_humble/install/sensor_msgs_py:/home/roby/ros2_humble/install/rpyutils:/home/roby/ros2_humble/install/rosidl_runtime_py:/home/roby/ros2_humble/install/rosidl_cli:/home/roby/ros2_humble/install/launch_pytest:/home/roby/ros2_humble/install/launch_testing:/home/roby/ros2_humble/install/launch_yaml:/home/roby/ros2_humble/install/launch_xml:/home/roby/ros2_humble/install/launch:/home/roby/ros2_humble/install/osrf_pycommon:/home/roby/ros2_humble/install/domain_coordinator:/home/roby/ros2_humble/install/ament_xmllint:/home/roby/ros2_humble/install/ament_pyflakes:/home/roby/ros2_humble/install/ament_pycodestyle:/home/roby/ros2_humble/install/ament_pep257:/home/roby/ros2_humble/install/ament_pclint:/home/roby/ros2_humble/install/ament_package:/home/roby/ros2_humble/install/ament_mypy:/home/roby/ros2_humble/install/ament_lint_cmake:/home/roby/ros2_humble/install/ament_flake8:/home/roby/ros2_humble/install/ament_copyright:/home/roby/ros2_humble/install/ament_lint:/home/roby/ros2_humble/install/ament_index_python:/home/roby/ros2_humble/install/ament_cpplint:/home/roby/ros2_humble/install/ament_cppcheck:/home/roby/ros2_humble/install/ament_clang_tidy:/home/roby/ros2_humble/install/ament_clang_format:/opt/ros/humble /usr/bin/cmake --build /home/roby/turtlebot3_ws/build/turtlebot3_gazebo -- -j8 -l8
[0.942s] -- Found ament_cmake: 1.3.10 (/home/roby/ros2_humble/install/ament_cmake/share/ament_cmake/cmake)
[0.942s] -- Override CMake install command with custom implementation using symlinks instead of copying resources
[0.942s] -- Found DART: /usr/include (Required is at least version "6.6") found components: dart 
[0.942s] -- Found Protobuf: /usr/lib/x86_64-linux-gnu/libprotobuf.so (found version "3.12.4") 
[0.943s] -- Looking for ignition-math6 -- found version 6.15.1
[0.943s] -- Searching for dependencies of ignition-math6
[0.944s] -- Looking for OGRE...
[0.944s] -- Found Ogre Ghadamon (1.9.0)
[0.944s] -- Found OGRE: optimized;/usr/lib/x86_64-linux-gnu/libOgreMain.so;debug;/usr/lib/x86_64-linux-gnu/libOgreMain.so
[0.944s] -- Looking for OGRE_Paging...
[0.944s] -- Found OGRE_Paging: optimized;/usr/lib/x86_64-linux-gnu/libOgrePaging.so;debug;/usr/lib/x86_64-linux-gnu/libOgrePaging.so
[0.944s] -- Looking for OGRE_Terrain...
[0.944s] -- Found OGRE_Terrain: optimized;/usr/lib/x86_64-linux-gnu/libOgreTerrain.so;debug;/usr/lib/x86_64-linux-gnu/libOgreTerrain.so
[0.944s] -- Looking for OGRE_Property...
[0.945s] -- Found OGRE_Property: optimized;/usr/lib/x86_64-linux-gnu/libOgreProperty.so;debug;/usr/lib/x86_64-linux-gnu/libOgreProperty.so
[0.945s] -- Looking for OGRE_RTShaderSystem...
[0.945s] -- Found OGRE_RTShaderSystem: optimized;/usr/lib/x86_64-linux-gnu/libOgreRTShaderSystem.so;debug;/usr/lib/x86_64-linux-gnu/libOgreRTShaderSystem.so
[0.945s] -- Looking for OGRE_Volume...
[0.945s] -- Found OGRE_Volume: optimized;/usr/lib/x86_64-linux-gnu/libOgreVolume.so;debug;/usr/lib/x86_64-linux-gnu/libOgreVolume.so
[0.945s] -- Looking for OGRE_Overlay...
[0.945s] -- Found OGRE_Overlay: optimized;/usr/lib/x86_64-linux-gnu/libOgreOverlay.so;debug;/usr/lib/x86_64-linux-gnu/libOgreOverlay.so
[0.945s] [33mCMake Warning (dev) at /usr/share/cmake-3.22/Modules/FindPackageHandleStandardArgs.cmake:438 (message):
[0.946s]   The package name passed to `find_package_handle_standard_args` (PkgConfig)
[0.946s]   does not match the name of the calling package (gazebo).  This can lead to
[0.946s]   problems in calling code that expects `find_package` result variables
[0.946s]   (e.g., `_FOUND`) to follow a certain pattern.
[0.946s] Call Stack (most recent call first):
[0.946s]   /usr/share/cmake-3.22/Modules/FindPkgConfig.cmake:99 (find_package_handle_standard_args)
[0.946s]   /usr/lib/x86_64-linux-gnu/cmake/gazebo/gazebo-config.cmake:72 (include)
[0.947s]   CMakeLists.txt:23 (find_package)
[0.947s] This warning is for project developers.  Use -Wno-dev to suppress it.
[0.947s] [0m
[2.520s] -- Looking for ignition-math6 -- found version 6.15.1
[2.520s] -- Looking for ignition-transport8 -- found version 8.2.1
[2.521s] -- Searching for dependencies of ignition-transport8
[2.619s] -- Found Protobuf: /usr/lib/x86_64-linux-gnu/libprotobuf.so (found suitable version "3.12.4", minimum required is "3") 
[2.677s] -- Config-file not installed for ZeroMQ -- checking for pkg-config
[2.689s] -- Checking for module 'libzmq >= 4'
[2.757s] --   Found libzmq , version 4.3.4
[2.906s] -- Checking for module 'uuid'
[2.983s] --   Found uuid, version 2.37.2
[3.098s] -- Looking for ignition-msgs5 -- found version 5.8.1
[3.099s] -- Searching for dependencies of ignition-msgs5
[3.188s] -- Looking for ignition-math6 -- found version 6.15.1
[3.201s] -- Checking for module 'tinyxml2'
[3.276s] --   Found tinyxml2, version 9.0.0
[3.396s] -- Looking for ignition-msgs5 -- found version 5.8.1
[3.397s] -- Looking for ignition-common3 -- found version 3.14.0
[3.397s] -- Searching for dependencies of ignition-common3
[3.397s] -- Looking for dlfcn.h - found
[3.397s] -- Looking for libdl - found
[3.421s] -- Searching for <ignition-common3> component [graphics]
[3.421s] -- Looking for ignition-common3-graphics -- found version 3.14.0
[3.422s] -- Searching for dependencies of ignition-common3-graphics
[3.422s] -- Looking for ignition-math6 -- found version 6.15.1
[3.423s] -- Looking for ignition-fuel_tools4 -- found version 4.4.0
[3.423s] -- Searching for dependencies of ignition-fuel_tools4
[3.595s] -- Checking for module 'jsoncpp'
[3.666s] --   Found jsoncpp, version 1.9.5
[3.791s] -- Checking for module 'libzip'
[3.858s] --   Found libzip, version 1.7.3
[3.981s] -- Looking for ignition-common3 -- found version 3.14.0
[3.982s] -- Looking for ignition-math6 -- found version 6.15.1
[3.983s] -- Looking for ignition-msgs5 -- found version 5.8.1
[3.984s] -- Found gazebo_ros_pkgs: 3.7.0 (/opt/ros/humble/share/gazebo_ros_pkgs/cmake)
[3.985s] -- Found geometry_msgs: 4.2.4 (/home/roby/ros2_humble/install/geometry_msgs/share/geometry_msgs/cmake)
[4.018s] -- Found rosidl_generator_c: 3.1.5 (/home/roby/ros2_humble/install/rosidl_generator_c/share/rosidl_generator_c/cmake)
[4.022s] -- Found rosidl_adapter: 3.1.5 (/home/roby/ros2_humble/install/rosidl_adapter/share/rosidl_adapter/cmake)
[4.031s] -- Found rosidl_generator_cpp: 3.1.5 (/home/roby/ros2_humble/install/rosidl_generator_cpp/share/rosidl_generator_cpp/cmake)
[4.094s] -- Using all available rosidl_typesupport_c: rosidl_typesupport_introspection_c;rosidl_typesupport_fastrtps_c
[4.144s] -- Using all available rosidl_typesupport_cpp: rosidl_typesupport_introspection_cpp;rosidl_typesupport_fastrtps_cpp
[4.218s] -- Found nav_msgs: 4.2.4 (/home/roby/ros2_humble/install/nav_msgs/share/nav_msgs/cmake)
[4.236s] -- Found rclcpp: 16.0.10 (/home/roby/ros2_humble/install/rclcpp/share/rclcpp/cmake)
[4.267s] -- Found rmw_implementation_cmake: 6.1.2 (/home/roby/ros2_humble/install/rmw_implementation_cmake/share/rmw_implementation_cmake/cmake)
[4.296s] -- Found rmw_fastrtps_cpp: 6.2.7 (/home/roby/ros2_humble/install/rmw_fastrtps_cpp/share/rmw_fastrtps_cpp/cmake)
[4.693s] -- Using RMW implementation 'rmw_fastrtps_cpp' as default
[4.738s] -- Found sensor_msgs: 4.2.4 (/home/roby/ros2_humble/install/sensor_msgs/share/sensor_msgs/cmake)
[4.759s] -- Found tf2: 0.25.8 (/home/roby/ros2_humble/install/tf2/share/tf2/cmake)
[5.053s] -- Configuring done
[5.111s] -- Generating done
[5.113s] -- Build files have been written to: /home/roby/turtlebot3_ws/build/turtlebot3_gazebo
[5.190s] [35m[1mConsolidate compiler generated dependencies of target turtlebot3_drive[0m
[5.193s] [35m[1mConsolidate compiler generated dependencies of target obstacle1[0m
[5.194s] [35m[1mConsolidate compiler generated dependencies of target obstacles[0m
[5.209s] [35m[1mConsolidate compiler generated dependencies of target obstacle2[0m
[5.247s] [ 25%] Built target turtlebot3_drive
[5.263s] [ 50%] Built target obstacles
[5.272s] [ 75%] Built target obstacle1
[5.282s] [100%] Built target obstacle2
[5.308s] Invoked command in '/home/roby/turtlebot3_ws/build/turtlebot3_gazebo' returned '0': CMAKE_PREFIX_PATH=${CMAKE_PREFIX_PATH}:/home/roby/turtlebot3_ws/install/robot_controller:/home/roby/ws/install/my_robot_controller:/home/roby/ros2_humble/install/rqt_bag_plugins:/home/roby/ros2_humble/install/rqt_bag:/home/roby/ros2_humble/install/launch_testing_examples:/home/roby/ros2_humble/install/ros2bag:/home/roby/ros2_humble/install/tracetools_test:/home/roby/ros2_humble/install/tracetools_launch:/home/roby/ros2_humble/install/topic_monitor:/home/roby/ros2_humble/install/tf2_tools:/home/roby/ros2_humble/install/examples_tf2_py:/home/roby/ros2_humble/install/tf2_ros_py:/home/roby/ros2_humble/install/sros2:/home/roby/ros2_humble/install/rqt_topic:/home/roby/ros2_humble/install/rqt_srv:/home/roby/ros2_humble/install/rqt_shell:/home/roby/ros2_humble/install/rqt_service_caller:/home/roby/ros2_humble/install/rqt_reconfigure:/home/roby/ros2_humble/install/rqt_py_console:/home/roby/ros2_humble/install/rqt_publisher:/home/roby/ros2_humble/install/rqt_plot:/home/roby/ros2_humble/install/rqt_action:/home/roby/ros2_humble/install/rqt_msg:/home/roby/ros2_humble/install/rqt_console:/home/roby/ros2_humble/install/rqt:/home/roby/ros2_humble/install/rqt_graph:/home/roby/ros2_humble/install/rqt_gui_py:/home/roby/ros2_humble/install/rqt_gui:/home/roby/ros2_humble/install/ros2trace:/home/roby/ros2_humble/install/ros2topic:/home/roby/ros2_humble/install/ros2test:/home/roby/ros2_humble/install/ros2component:/home/roby/ros2_humble/install/ros2param:/home/roby/ros2_humble/install/ros2lifecycle:/home/roby/ros2_humble/install/ros2service:/home/roby/ros2_humble/install/ros2run:/home/roby/ros2_humble/install/ros2launch:/home/roby/ros2_humble/install/ros2pkg:/home/roby/ros2_humble/install/ros2node:/home/roby/ros2_humble/install/ros2multicast:/home/roby/ros2_humble/install/ros2interface:/home/roby/ros2_humble/install/ros2doctor:/home/roby/ros2_humble/install/ros2action:/home/roby/ros2_humble/install/ros2cli:/home/roby/ros2_humble/install/quality_of_service_demo_py:/home/roby/ros2_humble/install/lifecycle_py:/home/roby/ros2_humble/install/launch_testing_ros:/home/roby/ros2_humble/install/launch_ros:/home/roby/ros2_humble/install/examples_rclpy_pointcloud_publisher:/home/roby/ros2_humble/install/examples_rclpy_minimal_subscriber:/home/roby/ros2_humble/install/examples_rclpy_minimal_service:/home/roby/ros2_humble/install/examples_rclpy_minimal_publisher:/home/roby/ros2_humble/install/examples_rclpy_minimal_client:/home/roby/ros2_humble/install/examples_rclpy_minimal_action_server:/home/roby/ros2_humble/install/examples_rclpy_minimal_action_client:/home/roby/ros2_humble/install/examples_rclpy_guard_conditions:/home/roby/ros2_humble/install/examples_rclpy_executors:/home/roby/ros2_humble/install/demo_nodes_py:/home/roby/ros2_humble/install/action_tutorials_py:/home/roby/ros2_humble/install/ament_uncrustify:/home/roby/ros2_humble/install/tracetools_trace:/home/roby/ros2_humble/install/tracetools_read:/home/roby/ros2_humble/install/test_tracetools_launch:/home/roby/ros2_humble/install/test_launch_ros:/home/roby/ros2_humble/install/sensor_msgs_py:/home/roby/ros2_humble/install/rpyutils:/home/roby/ros2_humble/install/rosidl_runtime_py:/home/roby/ros2_humble/install/rosidl_cli:/home/roby/ros2_humble/install/launch_pytest:/home/roby/ros2_humble/install/launch_testing:/home/roby/ros2_humble/install/launch_yaml:/home/roby/ros2_humble/install/launch_xml:/home/roby/ros2_humble/install/launch:/home/roby/ros2_humble/install/osrf_pycommon:/home/roby/ros2_humble/install/domain_coordinator:/home/roby/ros2_humble/install/ament_xmllint:/home/roby/ros2_humble/install/ament_pyflakes:/home/roby/ros2_humble/install/ament_pycodestyle:/home/roby/ros2_humble/install/ament_pep257:/home/roby/ros2_humble/install/ament_pclint:/home/roby/ros2_humble/install/ament_package:/home/roby/ros2_humble/install/ament_mypy:/home/roby/ros2_humble/install/ament_lint_cmake:/home/roby/ros2_humble/install/ament_flake8:/home/roby/ros2_humble/install/ament_copyright:/home/roby/ros2_humble/install/ament_lint:/home/roby/ros2_humble/install/ament_index_python:/home/roby/ros2_humble/install/ament_cpplint:/home/roby/ros2_humble/install/ament_cppcheck:/home/roby/ros2_humble/install/ament_clang_tidy:/home/roby/ros2_humble/install/ament_clang_format:/opt/ros/humble /usr/bin/cmake --build /home/roby/turtlebot3_ws/build/turtlebot3_gazebo -- -j8 -l8
[5.487s] Invoking command in '/home/roby/turtlebot3_ws/build/turtlebot3_gazebo': CMAKE_PREFIX_PATH=${CMAKE_PREFIX_PATH}:/home/roby/turtlebot3_ws/install/robot_controller:/home/roby/ws/install/my_robot_controller:/home/roby/ros2_humble/install/rqt_bag_plugins:/home/roby/ros2_humble/install/rqt_bag:/home/roby/ros2_humble/install/launch_testing_examples:/home/roby/ros2_humble/install/ros2bag:/home/roby/ros2_humble/install/tracetools_test:/home/roby/ros2_humble/install/tracetools_launch:/home/roby/ros2_humble/install/topic_monitor:/home/roby/ros2_humble/install/tf2_tools:/home/roby/ros2_humble/install/examples_tf2_py:/home/roby/ros2_humble/install/tf2_ros_py:/home/roby/ros2_humble/install/sros2:/home/roby/ros2_humble/install/rqt_topic:/home/roby/ros2_humble/install/rqt_srv:/home/roby/ros2_humble/install/rqt_shell:/home/roby/ros2_humble/install/rqt_service_caller:/home/roby/ros2_humble/install/rqt_reconfigure:/home/roby/ros2_humble/install/rqt_py_console:/home/roby/ros2_humble/install/rqt_publisher:/home/roby/ros2_humble/install/rqt_plot:/home/roby/ros2_humble/install/rqt_action:/home/roby/ros2_humble/install/rqt_msg:/home/roby/ros2_humble/install/rqt_console:/home/roby/ros2_humble/install/rqt:/home/roby/ros2_humble/install/rqt_graph:/home/roby/ros2_humble/install/rqt_gui_py:/home/roby/ros2_humble/install/rqt_gui:/home/roby/ros2_humble/install/ros2trace:/home/roby/ros2_humble/install/ros2topic:/home/roby/ros2_humble/install/ros2test:/home/roby/ros2_humble/install/ros2component:/home/roby/ros2_humble/install/ros2param:/home/roby/ros2_humble/install/ros2lifecycle:/home/roby/ros2_humble/install/ros2service:/home/roby/ros2_humble/install/ros2run:/home/roby/ros2_humble/install/ros2launch:/home/roby/ros2_humble/install/ros2pkg:/home/roby/ros2_humble/install/ros2node:/home/roby/ros2_humble/install/ros2multicast:/home/roby/ros2_humble/install/ros2interface:/home/roby/ros2_humble/install/ros2doctor:/home/roby/ros2_humble/install/ros2action:/home/roby/ros2_humble/install/ros2cli:/home/roby/ros2_humble/install/quality_of_service_demo_py:/home/roby/ros2_humble/install/lifecycle_py:/home/roby/ros2_humble/install/launch_testing_ros:/home/roby/ros2_humble/install/launch_ros:/home/roby/ros2_humble/install/examples_rclpy_pointcloud_publisher:/home/roby/ros2_humble/install/examples_rclpy_minimal_subscriber:/home/roby/ros2_humble/install/examples_rclpy_minimal_service:/home/roby/ros2_humble/install/examples_rclpy_minimal_publisher:/home/roby/ros2_humble/install/examples_rclpy_minimal_client:/home/roby/ros2_humble/install/examples_rclpy_minimal_action_server:/home/roby/ros2_humble/install/examples_rclpy_minimal_action_client:/home/roby/ros2_humble/install/examples_rclpy_guard_conditions:/home/roby/ros2_humble/install/examples_rclpy_executors:/home/roby/ros2_humble/install/demo_nodes_py:/home/roby/ros2_humble/install/action_tutorials_py:/home/roby/ros2_humble/install/ament_uncrustify:/home/roby/ros2_humble/install/tracetools_trace:/home/roby/ros2_humble/install/tracetools_read:/home/roby/ros2_humble/install/test_tracetools_launch:/home/roby/ros2_humble/install/test_launch_ros:/home/roby/ros2_humble/install/sensor_msgs_py:/home/roby/ros2_humble/install/rpyutils:/home/roby/ros2_humble/install/rosidl_runtime_py:/home/roby/ros2_humble/install/rosidl_cli:/home/roby/ros2_humble/install/launch_pytest:/home/roby/ros2_humble/install/launch_testing:/home/roby/ros2_humble/install/launch_yaml:/home/roby/ros2_humble/install/launch_xml:/home/roby/ros2_humble/install/launch:/home/roby/ros2_humble/install/osrf_pycommon:/home/roby/ros2_humble/install/domain_coordinator:/home/roby/ros2_humble/install/ament_xmllint:/home/roby/ros2_humble/install/ament_pyflakes:/home/roby/ros2_humble/install/ament_pycodestyle:/home/roby/ros2_humble/install/ament_pep257:/home/roby/ros2_humble/install/ament_pclint:/home/roby/ros2_humble/install/ament_package:/home/roby/ros2_humble/install/ament_mypy:/home/roby/ros2_humble/install/ament_lint_cmake:/home/roby/ros2_humble/install/ament_flake8:/home/roby/ros2_humble/install/ament_copyright:/home/roby/ros2_humble/install/ament_lint:/home/roby/ros2_humble/install/ament_index_python:/home/roby/ros2_humble/install/ament_cpplint:/home/roby/ros2_humble/install/ament_cppcheck:/home/roby/ros2_humble/install/ament_clang_tidy:/home/roby/ros2_humble/install/ament_clang_format:/opt/ros/humble /usr/bin/cmake --install /home/roby/turtlebot3_ws/build/turtlebot3_gazebo
[5.512s] -- Install configuration: ""
[5.512s] -- Execute custom install script
[5.513s] -- Up-to-date symlink: /home/roby/turtlebot3_ws/install/turtlebot3_gazebo/lib/turtlebot3_gazebo/turtlebot3_drive
[5.513s] -- Up-to-date symlink: /home/roby/turtlebot3_ws/install/turtlebot3_gazebo/share/turtlebot3_gazebo//launch/empty_world.launch.py
[5.513s] -- Up-to-date symlink: /home/roby/turtlebot3_ws/install/turtlebot3_gazebo/share/turtlebot3_gazebo//launch/robot_state_publisher.launch.py
[5.513s] -- Up-to-date symlink: /home/roby/turtlebot3_ws/install/turtlebot3_gazebo/share/turtlebot3_gazebo//launch/spawn_turtlebot3.launch.py
[5.514s] -- Up-to-date symlink: /home/roby/turtlebot3_ws/install/turtlebot3_gazebo/share/turtlebot3_gazebo//launch/turtlebot3_dqn_stage1.launch.py
[5.514s] -- Up-to-date symlink: /home/roby/turtlebot3_ws/install/turtlebot3_gazebo/share/turtlebot3_gazebo//launch/turtlebot3_dqn_stage2.launch.py
[5.514s] -- Up-to-date symlink: /home/roby/turtlebot3_ws/install/turtlebot3_gazebo/share/turtlebot3_gazebo//launch/turtlebot3_dqn_stage3.launch.py
[5.514s] -- Up-to-date symlink: /home/roby/turtlebot3_ws/install/turtlebot3_gazebo/share/turtlebot3_gazebo//launch/turtlebot3_dqn_stage4.launch.py
[5.514s] -- Up-to-date symlink: /home/roby/turtlebot3_ws/install/turtlebot3_gazebo/share/turtlebot3_gazebo//launch/turtlebot3_house.launch.py
[5.514s] -- Up-to-date symlink: /home/roby/turtlebot3_ws/install/turtlebot3_gazebo/share/turtlebot3_gazebo//launch/turtlebot3_world.launch.py
[5.515s] -- Up-to-date symlink: /home/roby/turtlebot3_ws/install/turtlebot3_gazebo/share/turtlebot3_gazebo//models/turtlebot3_burger/model-1_4.sdf
[5.515s] -- Up-to-date symlink: /home/roby/turtlebot3_ws/install/turtlebot3_gazebo/share/turtlebot3_gazebo//models/turtlebot3_burger/model.config
[5.515s] -- Up-to-date symlink: /home/roby/turtlebot3_ws/install/turtlebot3_gazebo/share/turtlebot3_gazebo//models/turtlebot3_burger/model.sdf
[5.515s] -- Up-to-date symlink: /home/roby/turtlebot3_ws/install/turtlebot3_gazebo/share/turtlebot3_gazebo//models/turtlebot3_common/meshes/burger_base.dae
[5.515s] -- Up-to-date symlink: /home/roby/turtlebot3_ws/install/turtlebot3_gazebo/share/turtlebot3_gazebo//models/turtlebot3_common/meshes/lds.dae
[5.516s] -- Up-to-date symlink: /home/roby/turtlebot3_ws/install/turtlebot3_gazebo/share/turtlebot3_gazebo//models/turtlebot3_common/meshes/r200.dae
[5.516s] -- Up-to-date symlink: /home/roby/turtlebot3_ws/install/turtlebot3_gazebo/share/turtlebot3_gazebo//models/turtlebot3_common/meshes/tire.dae
[5.516s] -- Up-to-date symlink: /home/roby/turtlebot3_ws/install/turtlebot3_gazebo/share/turtlebot3_gazebo//models/turtlebot3_common/meshes/waffle_base.dae
[5.516s] -- Up-to-date symlink: /home/roby/turtlebot3_ws/install/turtlebot3_gazebo/share/turtlebot3_gazebo//models/turtlebot3_common/meshes/waffle_pi_base.dae
[5.516s] -- Up-to-date symlink: /home/roby/turtlebot3_ws/install/turtlebot3_gazebo/share/turtlebot3_gazebo//models/turtlebot3_common/model.config
[5.516s] -- Up-to-date symlink: /home/roby/turtlebot3_ws/install/turtlebot3_gazebo/share/turtlebot3_gazebo//models/turtlebot3_dqn_world/goal_box/model.config
[5.517s] -- Up-to-date symlink: /home/roby/turtlebot3_ws/install/turtlebot3_gazebo/share/turtlebot3_gazebo//models/turtlebot3_dqn_world/goal_box/model.sdf
[5.517s] -- Up-to-date symlink: /home/roby/turtlebot3_ws/install/turtlebot3_gazebo/share/turtlebot3_gazebo//models/turtlebot3_dqn_world/inner_walls/model.config
[5.517s] -- Up-to-date symlink: /home/roby/turtlebot3_ws/install/turtlebot3_gazebo/share/turtlebot3_gazebo//models/turtlebot3_dqn_world/inner_walls/model.sdf
[5.517s] -- Up-to-date symlink: /home/roby/turtlebot3_ws/install/turtlebot3_gazebo/share/turtlebot3_gazebo//models/turtlebot3_dqn_world/model.config
[5.517s] -- Up-to-date symlink: /home/roby/turtlebot3_ws/install/turtlebot3_gazebo/share/turtlebot3_gazebo//models/turtlebot3_dqn_world/model.sdf
[5.517s] -- Up-to-date symlink: /home/roby/turtlebot3_ws/install/turtlebot3_gazebo/share/turtlebot3_gazebo//models/turtlebot3_dqn_world/obstacle1/model.config
[5.517s] -- Up-to-date symlink: /home/roby/turtlebot3_ws/install/turtlebot3_gazebo/share/turtlebot3_gazebo//models/turtlebot3_dqn_world/obstacle1/model.sdf
[5.517s] -- Up-to-date symlink: /home/roby/turtlebot3_ws/install/turtlebot3_gazebo/share/turtlebot3_gazebo//models/turtlebot3_dqn_world/obstacle2/model.config
[5.518s] -- Up-to-date symlink: /home/roby/turtlebot3_ws/install/turtlebot3_gazebo/share/turtlebot3_gazebo//models/turtlebot3_dqn_world/obstacle2/model.sdf
[5.518s] -- Up-to-date symlink: /home/roby/turtlebot3_ws/install/turtlebot3_gazebo/share/turtlebot3_gazebo//models/turtlebot3_dqn_world/obstacle_plugin/CMakeLists.txt
[5.518s] -- Up-to-date symlink: /home/roby/turtlebot3_ws/install/turtlebot3_gazebo/share/turtlebot3_gazebo//models/turtlebot3_dqn_world/obstacle_plugin/obstacle1.cc
[5.518s] -- Up-to-date symlink: /home/roby/turtlebot3_ws/install/turtlebot3_gazebo/share/turtlebot3_gazebo//models/turtlebot3_dqn_world/obstacle_plugin/obstacle2.cc
[5.518s] -- Up-to-date symlink: /home/roby/turtlebot3_ws/install/turtlebot3_gazebo/share/turtlebot3_gazebo//models/turtlebot3_dqn_world/obstacle_plugin/obstacles.cc
[5.518s] -- Up-to-date symlink: /home/roby/turtlebot3_ws/install/turtlebot3_gazebo/share/turtlebot3_gazebo//models/turtlebot3_dqn_world/obstacles/model.config
[5.519s] -- Up-to-date symlink: /home/roby/turtlebot3_ws/install/turtlebot3_gazebo/share/turtlebot3_gazebo//models/turtlebot3_dqn_world/obstacles/model.sdf
[5.519s] -- Up-to-date symlink: /home/roby/turtlebot3_ws/install/turtlebot3_gazebo/share/turtlebot3_gazebo//models/turtlebot3_house/model.config
[5.519s] -- Up-to-date symlink: /home/roby/turtlebot3_ws/install/turtlebot3_gazebo/share/turtlebot3_gazebo//models/turtlebot3_house/model.sdf
[5.519s] -- Up-to-date symlink: /home/roby/turtlebot3_ws/install/turtlebot3_gazebo/share/turtlebot3_gazebo//models/turtlebot3_waffle/model-1_4.sdf
[5.519s] -- Up-to-date symlink: /home/roby/turtlebot3_ws/install/turtlebot3_gazebo/share/turtlebot3_gazebo//models/turtlebot3_waffle/model.config
[5.519s] -- Up-to-date symlink: /home/roby/turtlebot3_ws/install/turtlebot3_gazebo/share/turtlebot3_gazebo//models/turtlebot3_waffle/model.sdf
[5.519s] -- Up-to-date symlink: /home/roby/turtlebot3_ws/install/turtlebot3_gazebo/share/turtlebot3_gazebo//models/turtlebot3_waffle_pi/model-1_4_.sdf
[5.519s] -- Up-to-date symlink: /home/roby/turtlebot3_ws/install/turtlebot3_gazebo/share/turtlebot3_gazebo//models/turtlebot3_waffle_pi/model.config
[5.520s] -- Up-to-date symlink: /home/roby/turtlebot3_ws/install/turtlebot3_gazebo/share/turtlebot3_gazebo//models/turtlebot3_waffle_pi/model.sdf
[5.520s] -- Up-to-date symlink: /home/roby/turtlebot3_ws/install/turtlebot3_gazebo/share/turtlebot3_gazebo//models/turtlebot3_world/meshes/hexagon.dae
[5.520s] -- Up-to-date symlink: /home/roby/turtlebot3_ws/install/turtlebot3_gazebo/share/turtlebot3_gazebo//models/turtlebot3_world/meshes/wall.dae
[5.520s] -- Up-to-date symlink: /home/roby/turtlebot3_ws/install/turtlebot3_gazebo/share/turtlebot3_gazebo//models/turtlebot3_world/model-1_4.sdf
[5.520s] -- Up-to-date symlink: /home/roby/turtlebot3_ws/install/turtlebot3_gazebo/share/turtlebot3_gazebo//models/turtlebot3_world/model.config
[5.520s] -- Up-to-date symlink: /home/roby/turtlebot3_ws/install/turtlebot3_gazebo/share/turtlebot3_gazebo//models/turtlebot3_world/model.sdf
[5.520s] -- Up-to-date symlink: /home/roby/turtlebot3_ws/install/turtlebot3_gazebo/share/turtlebot3_gazebo//rviz/tb3_gazebo.rviz
[5.521s] -- Up-to-date symlink: /home/roby/turtlebot3_ws/install/turtlebot3_gazebo/share/turtlebot3_gazebo//urdf/common_properties.urdf
[5.521s] -- Up-to-date symlink: /home/roby/turtlebot3_ws/install/turtlebot3_gazebo/share/turtlebot3_gazebo//urdf/turtlebot3_burger.urdf
[5.521s] -- Up-to-date symlink: /home/roby/turtlebot3_ws/install/turtlebot3_gazebo/share/turtlebot3_gazebo//urdf/turtlebot3_waffle.urdf
[5.521s] -- Up-to-date symlink: /home/roby/turtlebot3_ws/install/turtlebot3_gazebo/share/turtlebot3_gazebo//urdf/turtlebot3_waffle_pi.urdf
[5.522s] -- Up-to-date symlink: /home/roby/turtlebot3_ws/install/turtlebot3_gazebo/share/turtlebot3_gazebo//worlds/empty_world.world
[5.522s] -- Up-to-date symlink: /home/roby/turtlebot3_ws/install/turtlebot3_gazebo/share/turtlebot3_gazebo//worlds/turtlebot3_dqn_stage1.world
[5.522s] -- Up-to-date symlink: /home/roby/turtlebot3_ws/install/turtlebot3_gazebo/share/turtlebot3_gazebo//worlds/turtlebot3_dqn_stage2.world
[5.522s] -- Up-to-date symlink: /home/roby/turtlebot3_ws/install/turtlebot3_gazebo/share/turtlebot3_gazebo//worlds/turtlebot3_dqn_stage3.world
[5.522s] -- Up-to-date symlink: /home/roby/turtlebot3_ws/install/turtlebot3_gazebo/share/turtlebot3_gazebo//worlds/turtlebot3_dqn_stage4.world
[5.522s] -- Up-to-date symlink: /home/roby/turtlebot3_ws/install/turtlebot3_gazebo/share/turtlebot3_gazebo//worlds/turtlebot3_house.world
[5.523s] -- Up-to-date symlink: /home/roby/turtlebot3_ws/install/turtlebot3_gazebo/share/turtlebot3_gazebo//worlds/turtlebot3_world.world
[5.523s] -- Up-to-date symlink: /home/roby/turtlebot3_ws/install/turtlebot3_gazebo/include//turtlebot3_gazebo/turtlebot3_drive.hpp
[5.523s] -- Up-to-date symlink: /home/roby/turtlebot3_ws/install/turtlebot3_gazebo/share/ament_index/resource_index/package_run_dependencies/turtlebot3_gazebo
[5.523s] -- Up-to-date symlink: /home/roby/turtlebot3_ws/install/turtlebot3_gazebo/share/ament_index/resource_index/parent_prefix_path/turtlebot3_gazebo
[5.524s] -- Up-to-date symlink: /home/roby/turtlebot3_ws/install/turtlebot3_gazebo/share/turtlebot3_gazebo/environment/ament_prefix_path.sh
[5.524s] -- Up-to-date symlink: /home/roby/turtlebot3_ws/install/turtlebot3_gazebo/share/turtlebot3_gazebo/environment/ament_prefix_path.dsv
[5.524s] -- Up-to-date symlink: /home/roby/turtlebot3_ws/install/turtlebot3_gazebo/share/turtlebot3_gazebo/environment/path.sh
[5.524s] -- Up-to-date symlink: /home/roby/turtlebot3_ws/install/turtlebot3_gazebo/share/turtlebot3_gazebo/environment/path.dsv
[5.525s] -- Up-to-date symlink: /home/roby/turtlebot3_ws/install/turtlebot3_gazebo/share/turtlebot3_gazebo/local_setup.bash
[5.525s] -- Up-to-date symlink: /home/roby/turtlebot3_ws/install/turtlebot3_gazebo/share/turtlebot3_gazebo/local_setup.sh
[5.525s] -- Up-to-date symlink: /home/roby/turtlebot3_ws/install/turtlebot3_gazebo/share/turtlebot3_gazebo/local_setup.zsh
[5.525s] -- Up-to-date symlink: /home/roby/turtlebot3_ws/install/turtlebot3_gazebo/share/turtlebot3_gazebo/local_setup.dsv
[5.525s] -- Symlinking: /home/roby/turtlebot3_ws/install/turtlebot3_gazebo/share/turtlebot3_gazebo/package.dsv
[5.554s] -- Up-to-date symlink: /home/roby/turtlebot3_ws/install/turtlebot3_gazebo/share/ament_index/resource_index/packages/turtlebot3_gazebo
[5.554s] -- Up-to-date symlink: /home/roby/turtlebot3_ws/install/turtlebot3_gazebo/share/turtlebot3_gazebo/cmake/ament_cmake_export_include_directories-extras.cmake
[5.554s] -- Up-to-date symlink: /home/roby/turtlebot3_ws/install/turtlebot3_gazebo/share/turtlebot3_gazebo/cmake/ament_cmake_export_dependencies-extras.cmake
[5.555s] -- Up-to-date symlink: /home/roby/turtlebot3_ws/install/turtlebot3_gazebo/share/turtlebot3_gazebo/cmake/turtlebot3_gazeboConfig.cmake
[5.555s] -- Up-to-date symlink: /home/roby/turtlebot3_ws/install/turtlebot3_gazebo/share/turtlebot3_gazebo/cmake/turtlebot3_gazeboConfig-version.cmake
[5.555s] -- Up-to-date symlink: /home/roby/turtlebot3_ws/install/turtlebot3_gazebo/share/turtlebot3_gazebo/package.xml
[5.558s] Invoked command in '/home/roby/turtlebot3_ws/build/turtlebot3_gazebo' returned '0': CMAKE_PREFIX_PATH=${CMAKE_PREFIX_PATH}:/home/roby/turtlebot3_ws/install/robot_controller:/home/roby/ws/install/my_robot_controller:/home/roby/ros2_humble/install/rqt_bag_plugins:/home/roby/ros2_humble/install/rqt_bag:/home/roby/ros2_humble/install/launch_testing_examples:/home/roby/ros2_humble/install/ros2bag:/home/roby/ros2_humble/install/tracetools_test:/home/roby/ros2_humble/install/tracetools_launch:/home/roby/ros2_humble/install/topic_monitor:/home/roby/ros2_humble/install/tf2_tools:/home/roby/ros2_humble/install/examples_tf2_py:/home/roby/ros2_humble/install/tf2_ros_py:/home/roby/ros2_humble/install/sros2:/home/roby/ros2_humble/install/rqt_topic:/home/roby/ros2_humble/install/rqt_srv:/home/roby/ros2_humble/install/rqt_shell:/home/roby/ros2_humble/install/rqt_service_caller:/home/roby/ros2_humble/install/rqt_reconfigure:/home/roby/ros2_humble/install/rqt_py_console:/home/roby/ros2_humble/install/rqt_publisher:/home/roby/ros2_humble/install/rqt_plot:/home/roby/ros2_humble/install/rqt_action:/home/roby/ros2_humble/install/rqt_msg:/home/roby/ros2_humble/install/rqt_console:/home/roby/ros2_humble/install/rqt:/home/roby/ros2_humble/install/rqt_graph:/home/roby/ros2_humble/install/rqt_gui_py:/home/roby/ros2_humble/install/rqt_gui:/home/roby/ros2_humble/install/ros2trace:/home/roby/ros2_humble/install/ros2topic:/home/roby/ros2_humble/install/ros2test:/home/roby/ros2_humble/install/ros2component:/home/roby/ros2_humble/install/ros2param:/home/roby/ros2_humble/install/ros2lifecycle:/home/roby/ros2_humble/install/ros2service:/home/roby/ros2_humble/install/ros2run:/home/roby/ros2_humble/install/ros2launch:/home/roby/ros2_humble/install/ros2pkg:/home/roby/ros2_humble/install/ros2node:/home/roby/ros2_humble/install/ros2multicast:/home/roby/ros2_humble/install/ros2interface:/home/roby/ros2_humble/install/ros2doctor:/home/roby/ros2_humble/install/ros2action:/home/roby/ros2_humble/install/ros2cli:/home/roby/ros2_humble/install/quality_of_service_demo_py:/home/roby/ros2_humble/install/lifecycle_py:/home/roby/ros2_humble/install/launch_testing_ros:/home/roby/ros2_humble/install/launch_ros:/home/roby/ros2_humble/install/examples_rclpy_pointcloud_publisher:/home/roby/ros2_humble/install/examples_rclpy_minimal_subscriber:/home/roby/ros2_humble/install/examples_rclpy_minimal_service:/home/roby/ros2_humble/install/examples_rclpy_minimal_publisher:/home/roby/ros2_humble/install/examples_rclpy_minimal_client:/home/roby/ros2_humble/install/examples_rclpy_minimal_action_server:/home/roby/ros2_humble/install/examples_rclpy_minimal_action_client:/home/roby/ros2_humble/install/examples_rclpy_guard_conditions:/home/roby/ros2_humble/install/examples_rclpy_executors:/home/roby/ros2_humble/install/demo_nodes_py:/home/roby/ros2_humble/install/action_tutorials_py:/home/roby/ros2_humble/install/ament_uncrustify:/home/roby/ros2_humble/install/tracetools_trace:/home/roby/ros2_humble/install/tracetools_read:/home/roby/ros2_humble/install/test_tracetools_launch:/home/roby/ros2_humble/install/test_launch_ros:/home/roby/ros2_humble/install/sensor_msgs_py:/home/roby/ros2_humble/install/rpyutils:/home/roby/ros2_humble/install/rosidl_runtime_py:/home/roby/ros2_humble/install/rosidl_cli:/home/roby/ros2_humble/install/launch_pytest:/home/roby/ros2_humble/install/launch_testing:/home/roby/ros2_humble/install/launch_yaml:/home/roby/ros2_humble/install/launch_xml:/home/roby/ros2_humble/install/launch:/home/roby/ros2_humble/install/osrf_pycommon:/home/roby/ros2_humble/install/domain_coordinator:/home/roby/ros2_humble/install/ament_xmllint:/home/roby/ros2_humble/install/ament_pyflakes:/home/roby/ros2_humble/install/ament_pycodestyle:/home/roby/ros2_humble/install/ament_pep257:/home/roby/ros2_humble/install/ament_pclint:/home/roby/ros2_humble/install/ament_package:/home/roby/ros2_humble/install/ament_mypy:/home/roby/ros2_humble/install/ament_lint_cmake:/home/roby/ros2_humble/install/ament_flake8:/home/roby/ros2_humble/install/ament_copyright:/home/roby/ros2_humble/install/ament_lint:/home/roby/ros2_humble/install/ament_index_python:/home/roby/ros2_humble/install/ament_cpplint:/home/roby/ros2_humble/install/ament_cppcheck:/home/roby/ros2_humble/install/ament_clang_tidy:/home/roby/ros2_humble/install/ament_clang_format:/opt/ros/humble /usr/bin/cmake --install /home/roby/turtlebot3_ws/build/turtlebot3_gazebo
