[0.040s] Invoking command in '/home/roby/turtlebot3_ws/build/turtlebot3_gazebo': CMAKE_PREFIX_PATH=${CMAKE_PREFIX_PATH}:/home/roby/ws/install/my_robot_controller:/home/roby/ros2_humble/install/rqt_bag_plugins:/home/roby/ros2_humble/install/rqt_bag:/home/roby/ros2_humble/install/launch_testing_examples:/home/roby/ros2_humble/install/ros2bag:/home/roby/ros2_humble/install/tracetools_test:/home/roby/ros2_humble/install/tracetools_launch:/home/roby/ros2_humble/install/topic_monitor:/home/roby/ros2_humble/install/tf2_tools:/home/roby/ros2_humble/install/examples_tf2_py:/home/roby/ros2_humble/install/tf2_ros_py:/home/roby/ros2_humble/install/sros2:/home/roby/ros2_humble/install/rqt_topic:/home/roby/ros2_humble/install/rqt_srv:/home/roby/ros2_humble/install/rqt_shell:/home/roby/ros2_humble/install/rqt_service_caller:/home/roby/ros2_humble/install/rqt_reconfigure:/home/roby/ros2_humble/install/rqt_py_console:/home/roby/ros2_humble/install/rqt_publisher:/home/roby/ros2_humble/install/rqt_plot:/home/roby/ros2_humble/install/rqt_action:/home/roby/ros2_humble/install/rqt_msg:/home/roby/ros2_humble/install/rqt_console:/home/roby/ros2_humble/install/rqt:/home/roby/ros2_humble/install/rqt_graph:/home/roby/ros2_humble/install/rqt_gui_py:/home/roby/ros2_humble/install/rqt_gui:/home/roby/ros2_humble/install/ros2trace:/home/roby/ros2_humble/install/ros2topic:/home/roby/ros2_humble/install/ros2test:/home/roby/ros2_humble/install/ros2component:/home/roby/ros2_humble/install/ros2param:/home/roby/ros2_humble/install/ros2lifecycle:/home/roby/ros2_humble/install/ros2service:/home/roby/ros2_humble/install/ros2run:/home/roby/ros2_humble/install/ros2launch:/home/roby/ros2_humble/install/ros2pkg:/home/roby/ros2_humble/install/ros2node:/home/roby/ros2_humble/install/ros2multicast:/home/roby/ros2_humble/install/ros2interface:/home/roby/ros2_humble/install/ros2doctor:/home/roby/ros2_humble/install/ros2action:/home/roby/ros2_humble/install/ros2cli:/home/roby/ros2_humble/install/quality_of_service_demo_py:/home/roby/ros2_humble/install/lifecycle_py:/home/roby/ros2_humble/install/launch_testing_ros:/home/roby/ros2_humble/install/launch_ros:/home/roby/ros2_humble/install/examples_rclpy_pointcloud_publisher:/home/roby/ros2_humble/install/examples_rclpy_minimal_subscriber:/home/roby/ros2_humble/install/examples_rclpy_minimal_service:/home/roby/ros2_humble/install/examples_rclpy_minimal_publisher:/home/roby/ros2_humble/install/examples_rclpy_minimal_client:/home/roby/ros2_humble/install/examples_rclpy_minimal_action_server:/home/roby/ros2_humble/install/examples_rclpy_minimal_action_client:/home/roby/ros2_humble/install/examples_rclpy_guard_conditions:/home/roby/ros2_humble/install/examples_rclpy_executors:/home/roby/ros2_humble/install/demo_nodes_py:/home/roby/ros2_humble/install/action_tutorials_py:/home/roby/ros2_humble/install/ament_uncrustify:/home/roby/ros2_humble/install/tracetools_trace:/home/roby/ros2_humble/install/tracetools_read:/home/roby/ros2_humble/install/test_tracetools_launch:/home/roby/ros2_humble/install/test_launch_ros:/home/roby/ros2_humble/install/sensor_msgs_py:/home/roby/ros2_humble/install/rpyutils:/home/roby/ros2_humble/install/rosidl_runtime_py:/home/roby/ros2_humble/install/rosidl_cli:/home/roby/ros2_humble/install/launch_pytest:/home/roby/ros2_humble/install/launch_testing:/home/roby/ros2_humble/install/launch_yaml:/home/roby/ros2_humble/install/launch_xml:/home/roby/ros2_humble/install/launch:/home/roby/ros2_humble/install/osrf_pycommon:/home/roby/ros2_humble/install/domain_coordinator:/home/roby/ros2_humble/install/ament_xmllint:/home/roby/ros2_humble/install/ament_pyflakes:/home/roby/ros2_humble/install/ament_pycodestyle:/home/roby/ros2_humble/install/ament_pep257:/home/roby/ros2_humble/install/ament_pclint:/home/roby/ros2_humble/install/ament_package:/home/roby/ros2_humble/install/ament_mypy:/home/roby/ros2_humble/install/ament_lint_cmake:/home/roby/ros2_humble/install/ament_flake8:/home/roby/ros2_humble/install/ament_copyright:/home/roby/ros2_humble/install/ament_lint:/home/roby/ros2_humble/install/ament_index_python:/home/roby/ros2_humble/install/ament_cpplint:/home/roby/ros2_humble/install/ament_cppcheck:/home/roby/ros2_humble/install/ament_clang_tidy:/home/roby/ros2_humble/install/ament_clang_format:/opt/ros/humble /usr/bin/cmake /home/roby/turtlebot3_ws/src/turtlebot3_simulations/turtlebot3_gazebo -DAMENT_CMAKE_SYMLINK_INSTALL=1 -DCMAKE_INSTALL_PREFIX=/home/roby/turtlebot3_ws/install/turtlebot3_gazebo
[0.156s] -- The C compiler identification is GNU 11.4.0
[0.233s] -- The CXX compiler identification is GNU 11.4.0
[0.244s] -- Detecting C compiler ABI info
[0.392s] -- Detecting C compiler ABI info - done
[0.398s] -- Check for working C compiler: /usr/bin/cc - skipped
[0.399s] -- Detecting C compile features
[0.399s] -- Detecting C compile features - done
[0.401s] -- Detecting CXX compiler ABI info
[0.556s] -- Detecting CXX compiler ABI info - done
[0.562s] -- Check for working CXX compiler: /usr/bin/c++ - skipped
[0.562s] -- Detecting CXX compile features
[0.563s] -- Detecting CXX compile features - done
[0.589s] -- Found ament_cmake: 1.3.10 (/home/roby/ros2_humble/install/ament_cmake/share/ament_cmake/cmake)
[1.172s] -- Found Python3: /usr/bin/python3 (found version "3.10.12") found components: Interpreter 
[1.368s] -- Override CMake install command with custom implementation using symlinks instead of copying resources
[1.812s] [33mCMake Warning (dev) at /usr/share/cmake-3.22/Modules/FindPackageHandleStandardArgs.cmake:438 (message):
[1.812s]   The package name passed to `find_package_handle_standard_args` (PkgConfig)
[1.812s]   does not match the name of the calling package (gazebo).  This can lead to
[1.812s]   problems in calling code that expects `find_package` result variables
[1.812s]   (e.g., `_FOUND`) to follow a certain pattern.
[1.812s] Call Stack (most recent call first):
[1.812s]   /usr/share/cmake-3.22/Modules/FindPkgConfig.cmake:99 (find_package_handle_standard_args)
[1.812s]   /usr/lib/x86_64-linux-gnu/cmake/gazebo/gazebo-config.cmake:72 (include)
[1.813s]   CMakeLists.txt:23 (find_package)
[1.813s] This warning is for project developers.  Use -Wno-dev to suppress it.
[1.813s] [0m
[1.813s] -- Found PkgConfig: /usr/bin/pkg-config (found version "0.29.2") 
[1.816s] -- Checking for module 'bullet>=2.82'
[1.866s] --   Found bullet, version 3.05
[2.294s] -- Found fcl: /usr/include (found suitable version "0.7.0", minimum required is "0.5.0") 
[2.458s] -- Found assimp: /usr/include (found version "5.2.0") 
[2.665s] -- Found DART: /usr/include (Required is at least version "6.6") found components: dart 
[3.243s] -- Found Boost: /usr/lib/x86_64-linux-gnu/cmake/Boost-1.74.0/BoostConfig.cmake (found suitable version "1.74.0", minimum required is "1.40.0") found components: thread system filesystem program_options regex iostreams date_time 
[3.297s] -- Found Protobuf: /usr/lib/x86_64-linux-gnu/libprotobuf.so (found version "3.12.4") 
[3.378s] -- Looking for ignition-math6 -- found version 6.15.1
[3.422s] -- Searching for dependencies of ignition-math6
[3.424s] -- Looking for OGRE...
[3.424s] -- OGRE_PREFIX_WATCH changed.
[3.433s] -- Checking for module 'OGRE'
[3.485s] --   Found OGRE, version 1.9.0
[3.589s] -- Found Ogre Ghadamon (1.9.0)
[3.647s] -- Found OGRE: optimized;/usr/lib/x86_64-linux-gnu/libOgreMain.so;debug;/usr/lib/x86_64-linux-gnu/libOgreMain.so
[3.655s] -- Looking for OGRE_Paging...
[3.702s] -- Found OGRE_Paging: optimized;/usr/lib/x86_64-linux-gnu/libOgrePaging.so;debug;/usr/lib/x86_64-linux-gnu/libOgrePaging.so
[3.703s] -- Looking for OGRE_Terrain...
[3.755s] -- Found OGRE_Terrain: optimized;/usr/lib/x86_64-linux-gnu/libOgreTerrain.so;debug;/usr/lib/x86_64-linux-gnu/libOgreTerrain.so
[3.755s] -- Looking for OGRE_Property...
[3.803s] -- Found OGRE_Property: optimized;/usr/lib/x86_64-linux-gnu/libOgreProperty.so;debug;/usr/lib/x86_64-linux-gnu/libOgreProperty.so
[3.803s] -- Looking for OGRE_RTShaderSystem...
[3.851s] -- Found OGRE_RTShaderSystem: optimized;/usr/lib/x86_64-linux-gnu/libOgreRTShaderSystem.so;debug;/usr/lib/x86_64-linux-gnu/libOgreRTShaderSystem.so
[3.851s] -- Looking for OGRE_Volume...
[3.898s] -- Found OGRE_Volume: optimized;/usr/lib/x86_64-linux-gnu/libOgreVolume.so;debug;/usr/lib/x86_64-linux-gnu/libOgreVolume.so
[3.898s] -- Looking for OGRE_Overlay...
[3.946s] -- Found OGRE_Overlay: optimized;/usr/lib/x86_64-linux-gnu/libOgreOverlay.so;debug;/usr/lib/x86_64-linux-gnu/libOgreOverlay.so
[5.287s] -- Looking for ignition-math6 -- found version 6.15.1
[5.327s] -- Looking for ignition-transport8 -- found version 8.2.1
[5.327s] -- Searching for dependencies of ignition-transport8
[5.388s] -- Found Protobuf: /usr/lib/x86_64-linux-gnu/libprotobuf.so (found suitable version "3.12.4", minimum required is "3") 
[5.438s] -- Config-file not installed for ZeroMQ -- checking for pkg-config
[5.449s] -- Checking for module 'libzmq >= 4'
[5.504s] --   Found libzmq , version 4.3.4
[5.615s] -- Found ZeroMQ: TRUE (Required is at least version "4") 
[5.629s] -- Checking for module 'uuid'
[5.682s] --   Found uuid, version 2.37.2
[5.786s] -- Found UUID: TRUE  
[5.827s] -- Looking for ignition-msgs5 -- found version 5.8.1
[5.827s] -- Searching for dependencies of ignition-msgs5
[5.889s] -- Looking for ignition-math6 -- found version 6.15.1
[5.899s] -- Checking for module 'tinyxml2'
[5.954s] --   Found tinyxml2, version 9.0.0
[6.055s] -- Looking for ignition-msgs5 -- found version 5.8.1
[6.096s] -- Looking for ignition-common3 -- found version 3.14.0
[6.096s] -- Searching for dependencies of ignition-common3
[6.099s] -- Looking for dlfcn.h - found
[6.103s] -- Looking for libdl - found
[6.105s] -- Found DL: TRUE  
[6.164s] -- Found tinyobjloader: /usr/lib/x86_64-linux-gnu/cmake/tinyobjloader/tinyobjloader-config.cmake (found version "2.0.0") 
[6.164s] -- Searching for <ignition-common3> component [graphics]
[6.204s] -- Looking for ignition-common3-graphics -- found version 3.14.0
[6.205s] -- Searching for dependencies of ignition-common3-graphics
[6.206s] -- Looking for ignition-math6 -- found version 6.15.1
[6.247s] -- Looking for ignition-fuel_tools4 -- found version 4.4.0
[6.248s] -- Searching for dependencies of ignition-fuel_tools4
[6.527s] -- Found CURL: /usr/lib/x86_64-linux-gnu/libcurl.so (found version "7.81.0")  
[6.578s] -- Checking for module 'jsoncpp'
[6.634s] --   Found jsoncpp, version 1.9.5
[6.734s] -- Found JSONCPP: TRUE  
[6.767s] -- Checking for module 'libzip'
[6.822s] --   Found libzip, version 1.7.3
[6.924s] -- Found ZIP: TRUE  
[6.925s] -- Looking for ignition-common3 -- found version 3.14.0
[6.925s] -- Looking for ignition-math6 -- found version 6.15.1
[6.925s] -- Looking for ignition-msgs5 -- found version 5.8.1
[7.007s] -- Found gazebo_ros_pkgs: 3.7.0 (/opt/ros/humble/share/gazebo_ros_pkgs/cmake)
[7.022s] -- Found geometry_msgs: 4.2.4 (/home/roby/ros2_humble/install/geometry_msgs/share/geometry_msgs/cmake)
[7.244s] -- Found rosidl_generator_c: 3.1.5 (/home/roby/ros2_humble/install/rosidl_generator_c/share/rosidl_generator_c/cmake)
[7.286s] -- Found rosidl_adapter: 3.1.5 (/home/roby/ros2_humble/install/rosidl_adapter/share/rosidl_adapter/cmake)
[7.331s] -- Found rosidl_generator_cpp: 3.1.5 (/home/roby/ros2_humble/install/rosidl_generator_cpp/share/rosidl_generator_cpp/cmake)
[7.403s] -- Using all available rosidl_typesupport_c: rosidl_typesupport_introspection_c;rosidl_typesupport_fastrtps_c
[7.498s] -- Using all available rosidl_typesupport_cpp: rosidl_typesupport_introspection_cpp;rosidl_typesupport_fastrtps_cpp
[7.611s] -- Found nav_msgs: 4.2.4 (/home/roby/ros2_humble/install/nav_msgs/share/nav_msgs/cmake)
[7.639s] -- Found rclcpp: 16.0.10 (/home/roby/ros2_humble/install/rclcpp/share/rclcpp/cmake)
[7.830s] -- Found rmw_implementation_cmake: 6.1.2 (/home/roby/ros2_humble/install/rmw_implementation_cmake/share/rmw_implementation_cmake/cmake)
[7.868s] -- Found rmw_fastrtps_cpp: 6.2.7 (/home/roby/ros2_humble/install/rmw_fastrtps_cpp/share/rmw_fastrtps_cpp/cmake)
[8.222s] -- Found OpenSSL: /usr/lib/x86_64-linux-gnu/libcrypto.so (found version "3.0.2")  
[8.309s] -- Found FastRTPS: /home/roby/ros2_humble/install/fastrtps/include  
[8.469s] -- Using RMW implementation 'rmw_fastrtps_cpp' as default
[8.545s] -- Found Threads: TRUE  
[8.667s] -- Found sensor_msgs: 4.2.4 (/home/roby/ros2_humble/install/sensor_msgs/share/sensor_msgs/cmake)
[8.697s] -- Found tf2: 0.25.8 (/home/roby/ros2_humble/install/tf2/share/tf2/cmake)
[8.993s] -- Configuring done
[9.047s] -- Generating done
[9.050s] -- Build files have been written to: /home/roby/turtlebot3_ws/build/turtlebot3_gazebo
[9.064s] Invoked command in '/home/roby/turtlebot3_ws/build/turtlebot3_gazebo' returned '0': CMAKE_PREFIX_PATH=${CMAKE_PREFIX_PATH}:/home/roby/ws/install/my_robot_controller:/home/roby/ros2_humble/install/rqt_bag_plugins:/home/roby/ros2_humble/install/rqt_bag:/home/roby/ros2_humble/install/launch_testing_examples:/home/roby/ros2_humble/install/ros2bag:/home/roby/ros2_humble/install/tracetools_test:/home/roby/ros2_humble/install/tracetools_launch:/home/roby/ros2_humble/install/topic_monitor:/home/roby/ros2_humble/install/tf2_tools:/home/roby/ros2_humble/install/examples_tf2_py:/home/roby/ros2_humble/install/tf2_ros_py:/home/roby/ros2_humble/install/sros2:/home/roby/ros2_humble/install/rqt_topic:/home/roby/ros2_humble/install/rqt_srv:/home/roby/ros2_humble/install/rqt_shell:/home/roby/ros2_humble/install/rqt_service_caller:/home/roby/ros2_humble/install/rqt_reconfigure:/home/roby/ros2_humble/install/rqt_py_console:/home/roby/ros2_humble/install/rqt_publisher:/home/roby/ros2_humble/install/rqt_plot:/home/roby/ros2_humble/install/rqt_action:/home/roby/ros2_humble/install/rqt_msg:/home/roby/ros2_humble/install/rqt_console:/home/roby/ros2_humble/install/rqt:/home/roby/ros2_humble/install/rqt_graph:/home/roby/ros2_humble/install/rqt_gui_py:/home/roby/ros2_humble/install/rqt_gui:/home/roby/ros2_humble/install/ros2trace:/home/roby/ros2_humble/install/ros2topic:/home/roby/ros2_humble/install/ros2test:/home/roby/ros2_humble/install/ros2component:/home/roby/ros2_humble/install/ros2param:/home/roby/ros2_humble/install/ros2lifecycle:/home/roby/ros2_humble/install/ros2service:/home/roby/ros2_humble/install/ros2run:/home/roby/ros2_humble/install/ros2launch:/home/roby/ros2_humble/install/ros2pkg:/home/roby/ros2_humble/install/ros2node:/home/roby/ros2_humble/install/ros2multicast:/home/roby/ros2_humble/install/ros2interface:/home/roby/ros2_humble/install/ros2doctor:/home/roby/ros2_humble/install/ros2action:/home/roby/ros2_humble/install/ros2cli:/home/roby/ros2_humble/install/quality_of_service_demo_py:/home/roby/ros2_humble/install/lifecycle_py:/home/roby/ros2_humble/install/launch_testing_ros:/home/roby/ros2_humble/install/launch_ros:/home/roby/ros2_humble/install/examples_rclpy_pointcloud_publisher:/home/roby/ros2_humble/install/examples_rclpy_minimal_subscriber:/home/roby/ros2_humble/install/examples_rclpy_minimal_service:/home/roby/ros2_humble/install/examples_rclpy_minimal_publisher:/home/roby/ros2_humble/install/examples_rclpy_minimal_client:/home/roby/ros2_humble/install/examples_rclpy_minimal_action_server:/home/roby/ros2_humble/install/examples_rclpy_minimal_action_client:/home/roby/ros2_humble/install/examples_rclpy_guard_conditions:/home/roby/ros2_humble/install/examples_rclpy_executors:/home/roby/ros2_humble/install/demo_nodes_py:/home/roby/ros2_humble/install/action_tutorials_py:/home/roby/ros2_humble/install/ament_uncrustify:/home/roby/ros2_humble/install/tracetools_trace:/home/roby/ros2_humble/install/tracetools_read:/home/roby/ros2_humble/install/test_tracetools_launch:/home/roby/ros2_humble/install/test_launch_ros:/home/roby/ros2_humble/install/sensor_msgs_py:/home/roby/ros2_humble/install/rpyutils:/home/roby/ros2_humble/install/rosidl_runtime_py:/home/roby/ros2_humble/install/rosidl_cli:/home/roby/ros2_humble/install/launch_pytest:/home/roby/ros2_humble/install/launch_testing:/home/roby/ros2_humble/install/launch_yaml:/home/roby/ros2_humble/install/launch_xml:/home/roby/ros2_humble/install/launch:/home/roby/ros2_humble/install/osrf_pycommon:/home/roby/ros2_humble/install/domain_coordinator:/home/roby/ros2_humble/install/ament_xmllint:/home/roby/ros2_humble/install/ament_pyflakes:/home/roby/ros2_humble/install/ament_pycodestyle:/home/roby/ros2_humble/install/ament_pep257:/home/roby/ros2_humble/install/ament_pclint:/home/roby/ros2_humble/install/ament_package:/home/roby/ros2_humble/install/ament_mypy:/home/roby/ros2_humble/install/ament_lint_cmake:/home/roby/ros2_humble/install/ament_flake8:/home/roby/ros2_humble/install/ament_copyright:/home/roby/ros2_humble/install/ament_lint:/home/roby/ros2_humble/install/ament_index_python:/home/roby/ros2_humble/install/ament_cpplint:/home/roby/ros2_humble/install/ament_cppcheck:/home/roby/ros2_humble/install/ament_clang_tidy:/home/roby/ros2_humble/install/ament_clang_format:/opt/ros/humble /usr/bin/cmake /home/roby/turtlebot3_ws/src/turtlebot3_simulations/turtlebot3_gazebo -DAMENT_CMAKE_SYMLINK_INSTALL=1 -DCMAKE_INSTALL_PREFIX=/home/roby/turtlebot3_ws/install/turtlebot3_gazebo
[9.066s] Invoking command in '/home/roby/turtlebot3_ws/build/turtlebot3_gazebo': CMAKE_PREFIX_PATH=${CMAKE_PREFIX_PATH}:/home/roby/ws/install/my_robot_controller:/home/roby/ros2_humble/install/rqt_bag_plugins:/home/roby/ros2_humble/install/rqt_bag:/home/roby/ros2_humble/install/launch_testing_examples:/home/roby/ros2_humble/install/ros2bag:/home/roby/ros2_humble/install/tracetools_test:/home/roby/ros2_humble/install/tracetools_launch:/home/roby/ros2_humble/install/topic_monitor:/home/roby/ros2_humble/install/tf2_tools:/home/roby/ros2_humble/install/examples_tf2_py:/home/roby/ros2_humble/install/tf2_ros_py:/home/roby/ros2_humble/install/sros2:/home/roby/ros2_humble/install/rqt_topic:/home/roby/ros2_humble/install/rqt_srv:/home/roby/ros2_humble/install/rqt_shell:/home/roby/ros2_humble/install/rqt_service_caller:/home/roby/ros2_humble/install/rqt_reconfigure:/home/roby/ros2_humble/install/rqt_py_console:/home/roby/ros2_humble/install/rqt_publisher:/home/roby/ros2_humble/install/rqt_plot:/home/roby/ros2_humble/install/rqt_action:/home/roby/ros2_humble/install/rqt_msg:/home/roby/ros2_humble/install/rqt_console:/home/roby/ros2_humble/install/rqt:/home/roby/ros2_humble/install/rqt_graph:/home/roby/ros2_humble/install/rqt_gui_py:/home/roby/ros2_humble/install/rqt_gui:/home/roby/ros2_humble/install/ros2trace:/home/roby/ros2_humble/install/ros2topic:/home/roby/ros2_humble/install/ros2test:/home/roby/ros2_humble/install/ros2component:/home/roby/ros2_humble/install/ros2param:/home/roby/ros2_humble/install/ros2lifecycle:/home/roby/ros2_humble/install/ros2service:/home/roby/ros2_humble/install/ros2run:/home/roby/ros2_humble/install/ros2launch:/home/roby/ros2_humble/install/ros2pkg:/home/roby/ros2_humble/install/ros2node:/home/roby/ros2_humble/install/ros2multicast:/home/roby/ros2_humble/install/ros2interface:/home/roby/ros2_humble/install/ros2doctor:/home/roby/ros2_humble/install/ros2action:/home/roby/ros2_humble/install/ros2cli:/home/roby/ros2_humble/install/quality_of_service_demo_py:/home/roby/ros2_humble/install/lifecycle_py:/home/roby/ros2_humble/install/launch_testing_ros:/home/roby/ros2_humble/install/launch_ros:/home/roby/ros2_humble/install/examples_rclpy_pointcloud_publisher:/home/roby/ros2_humble/install/examples_rclpy_minimal_subscriber:/home/roby/ros2_humble/install/examples_rclpy_minimal_service:/home/roby/ros2_humble/install/examples_rclpy_minimal_publisher:/home/roby/ros2_humble/install/examples_rclpy_minimal_client:/home/roby/ros2_humble/install/examples_rclpy_minimal_action_server:/home/roby/ros2_humble/install/examples_rclpy_minimal_action_client:/home/roby/ros2_humble/install/examples_rclpy_guard_conditions:/home/roby/ros2_humble/install/examples_rclpy_executors:/home/roby/ros2_humble/install/demo_nodes_py:/home/roby/ros2_humble/install/action_tutorials_py:/home/roby/ros2_humble/install/ament_uncrustify:/home/roby/ros2_humble/install/tracetools_trace:/home/roby/ros2_humble/install/tracetools_read:/home/roby/ros2_humble/install/test_tracetools_launch:/home/roby/ros2_humble/install/test_launch_ros:/home/roby/ros2_humble/install/sensor_msgs_py:/home/roby/ros2_humble/install/rpyutils:/home/roby/ros2_humble/install/rosidl_runtime_py:/home/roby/ros2_humble/install/rosidl_cli:/home/roby/ros2_humble/install/launch_pytest:/home/roby/ros2_humble/install/launch_testing:/home/roby/ros2_humble/install/launch_yaml:/home/roby/ros2_humble/install/launch_xml:/home/roby/ros2_humble/install/launch:/home/roby/ros2_humble/install/osrf_pycommon:/home/roby/ros2_humble/install/domain_coordinator:/home/roby/ros2_humble/install/ament_xmllint:/home/roby/ros2_humble/install/ament_pyflakes:/home/roby/ros2_humble/install/ament_pycodestyle:/home/roby/ros2_humble/install/ament_pep257:/home/roby/ros2_humble/install/ament_pclint:/home/roby/ros2_humble/install/ament_package:/home/roby/ros2_humble/install/ament_mypy:/home/roby/ros2_humble/install/ament_lint_cmake:/home/roby/ros2_humble/install/ament_flake8:/home/roby/ros2_humble/install/ament_copyright:/home/roby/ros2_humble/install/ament_lint:/home/roby/ros2_humble/install/ament_index_python:/home/roby/ros2_humble/install/ament_cpplint:/home/roby/ros2_humble/install/ament_cppcheck:/home/roby/ros2_humble/install/ament_clang_tidy:/home/roby/ros2_humble/install/ament_clang_format:/opt/ros/humble /usr/bin/cmake --build /home/roby/turtlebot3_ws/build/turtlebot3_gazebo -- -j8 -l8
[9.211s] [ 12%] [32mBuilding CXX object CMakeFiles/obstacle2.dir/models/turtlebot3_dqn_world/obstacle_plugin/obstacle2.cc.o[0m
[9.214s] [ 25%] [32mBuilding CXX object CMakeFiles/turtlebot3_drive.dir/src/turtlebot3_drive.cpp.o[0m
[9.225s] [ 37%] [32mBuilding CXX object CMakeFiles/obstacle1.dir/models/turtlebot3_dqn_world/obstacle_plugin/obstacle1.cc.o[0m
[9.230s] [ 50%] [32mBuilding CXX object CMakeFiles/obstacles.dir/models/turtlebot3_dqn_world/obstacle_plugin/obstacles.cc.o[0m
[19.483s] [ 62%] [32m[1mLinking CXX shared library libobstacle1.so[0m
[19.766s] [ 62%] Built target obstacle1
[19.834s] [ 75%] [32m[1mLinking CXX shared library libobstacles.so[0m
[20.104s] [ 75%] Built target obstacles
[21.235s] [ 87%] [32m[1mLinking CXX shared library libobstacle2.so[0m
[21.486s] [ 87%] Built target obstacle2
[21.611s] [100%] [32m[1mLinking CXX executable turtlebot3_drive[0m
[22.489s] [100%] Built target turtlebot3_drive
[22.513s] Invoked command in '/home/roby/turtlebot3_ws/build/turtlebot3_gazebo' returned '0': CMAKE_PREFIX_PATH=${CMAKE_PREFIX_PATH}:/home/roby/ws/install/my_robot_controller:/home/roby/ros2_humble/install/rqt_bag_plugins:/home/roby/ros2_humble/install/rqt_bag:/home/roby/ros2_humble/install/launch_testing_examples:/home/roby/ros2_humble/install/ros2bag:/home/roby/ros2_humble/install/tracetools_test:/home/roby/ros2_humble/install/tracetools_launch:/home/roby/ros2_humble/install/topic_monitor:/home/roby/ros2_humble/install/tf2_tools:/home/roby/ros2_humble/install/examples_tf2_py:/home/roby/ros2_humble/install/tf2_ros_py:/home/roby/ros2_humble/install/sros2:/home/roby/ros2_humble/install/rqt_topic:/home/roby/ros2_humble/install/rqt_srv:/home/roby/ros2_humble/install/rqt_shell:/home/roby/ros2_humble/install/rqt_service_caller:/home/roby/ros2_humble/install/rqt_reconfigure:/home/roby/ros2_humble/install/rqt_py_console:/home/roby/ros2_humble/install/rqt_publisher:/home/roby/ros2_humble/install/rqt_plot:/home/roby/ros2_humble/install/rqt_action:/home/roby/ros2_humble/install/rqt_msg:/home/roby/ros2_humble/install/rqt_console:/home/roby/ros2_humble/install/rqt:/home/roby/ros2_humble/install/rqt_graph:/home/roby/ros2_humble/install/rqt_gui_py:/home/roby/ros2_humble/install/rqt_gui:/home/roby/ros2_humble/install/ros2trace:/home/roby/ros2_humble/install/ros2topic:/home/roby/ros2_humble/install/ros2test:/home/roby/ros2_humble/install/ros2component:/home/roby/ros2_humble/install/ros2param:/home/roby/ros2_humble/install/ros2lifecycle:/home/roby/ros2_humble/install/ros2service:/home/roby/ros2_humble/install/ros2run:/home/roby/ros2_humble/install/ros2launch:/home/roby/ros2_humble/install/ros2pkg:/home/roby/ros2_humble/install/ros2node:/home/roby/ros2_humble/install/ros2multicast:/home/roby/ros2_humble/install/ros2interface:/home/roby/ros2_humble/install/ros2doctor:/home/roby/ros2_humble/install/ros2action:/home/roby/ros2_humble/install/ros2cli:/home/roby/ros2_humble/install/quality_of_service_demo_py:/home/roby/ros2_humble/install/lifecycle_py:/home/roby/ros2_humble/install/launch_testing_ros:/home/roby/ros2_humble/install/launch_ros:/home/roby/ros2_humble/install/examples_rclpy_pointcloud_publisher:/home/roby/ros2_humble/install/examples_rclpy_minimal_subscriber:/home/roby/ros2_humble/install/examples_rclpy_minimal_service:/home/roby/ros2_humble/install/examples_rclpy_minimal_publisher:/home/roby/ros2_humble/install/examples_rclpy_minimal_client:/home/roby/ros2_humble/install/examples_rclpy_minimal_action_server:/home/roby/ros2_humble/install/examples_rclpy_minimal_action_client:/home/roby/ros2_humble/install/examples_rclpy_guard_conditions:/home/roby/ros2_humble/install/examples_rclpy_executors:/home/roby/ros2_humble/install/demo_nodes_py:/home/roby/ros2_humble/install/action_tutorials_py:/home/roby/ros2_humble/install/ament_uncrustify:/home/roby/ros2_humble/install/tracetools_trace:/home/roby/ros2_humble/install/tracetools_read:/home/roby/ros2_humble/install/test_tracetools_launch:/home/roby/ros2_humble/install/test_launch_ros:/home/roby/ros2_humble/install/sensor_msgs_py:/home/roby/ros2_humble/install/rpyutils:/home/roby/ros2_humble/install/rosidl_runtime_py:/home/roby/ros2_humble/install/rosidl_cli:/home/roby/ros2_humble/install/launch_pytest:/home/roby/ros2_humble/install/launch_testing:/home/roby/ros2_humble/install/launch_yaml:/home/roby/ros2_humble/install/launch_xml:/home/roby/ros2_humble/install/launch:/home/roby/ros2_humble/install/osrf_pycommon:/home/roby/ros2_humble/install/domain_coordinator:/home/roby/ros2_humble/install/ament_xmllint:/home/roby/ros2_humble/install/ament_pyflakes:/home/roby/ros2_humble/install/ament_pycodestyle:/home/roby/ros2_humble/install/ament_pep257:/home/roby/ros2_humble/install/ament_pclint:/home/roby/ros2_humble/install/ament_package:/home/roby/ros2_humble/install/ament_mypy:/home/roby/ros2_humble/install/ament_lint_cmake:/home/roby/ros2_humble/install/ament_flake8:/home/roby/ros2_humble/install/ament_copyright:/home/roby/ros2_humble/install/ament_lint:/home/roby/ros2_humble/install/ament_index_python:/home/roby/ros2_humble/install/ament_cpplint:/home/roby/ros2_humble/install/ament_cppcheck:/home/roby/ros2_humble/install/ament_clang_tidy:/home/roby/ros2_humble/install/ament_clang_format:/opt/ros/humble /usr/bin/cmake --build /home/roby/turtlebot3_ws/build/turtlebot3_gazebo -- -j8 -l8
[22.677s] Invoking command in '/home/roby/turtlebot3_ws/build/turtlebot3_gazebo': CMAKE_PREFIX_PATH=${CMAKE_PREFIX_PATH}:/home/roby/ws/install/my_robot_controller:/home/roby/ros2_humble/install/rqt_bag_plugins:/home/roby/ros2_humble/install/rqt_bag:/home/roby/ros2_humble/install/launch_testing_examples:/home/roby/ros2_humble/install/ros2bag:/home/roby/ros2_humble/install/tracetools_test:/home/roby/ros2_humble/install/tracetools_launch:/home/roby/ros2_humble/install/topic_monitor:/home/roby/ros2_humble/install/tf2_tools:/home/roby/ros2_humble/install/examples_tf2_py:/home/roby/ros2_humble/install/tf2_ros_py:/home/roby/ros2_humble/install/sros2:/home/roby/ros2_humble/install/rqt_topic:/home/roby/ros2_humble/install/rqt_srv:/home/roby/ros2_humble/install/rqt_shell:/home/roby/ros2_humble/install/rqt_service_caller:/home/roby/ros2_humble/install/rqt_reconfigure:/home/roby/ros2_humble/install/rqt_py_console:/home/roby/ros2_humble/install/rqt_publisher:/home/roby/ros2_humble/install/rqt_plot:/home/roby/ros2_humble/install/rqt_action:/home/roby/ros2_humble/install/rqt_msg:/home/roby/ros2_humble/install/rqt_console:/home/roby/ros2_humble/install/rqt:/home/roby/ros2_humble/install/rqt_graph:/home/roby/ros2_humble/install/rqt_gui_py:/home/roby/ros2_humble/install/rqt_gui:/home/roby/ros2_humble/install/ros2trace:/home/roby/ros2_humble/install/ros2topic:/home/roby/ros2_humble/install/ros2test:/home/roby/ros2_humble/install/ros2component:/home/roby/ros2_humble/install/ros2param:/home/roby/ros2_humble/install/ros2lifecycle:/home/roby/ros2_humble/install/ros2service:/home/roby/ros2_humble/install/ros2run:/home/roby/ros2_humble/install/ros2launch:/home/roby/ros2_humble/install/ros2pkg:/home/roby/ros2_humble/install/ros2node:/home/roby/ros2_humble/install/ros2multicast:/home/roby/ros2_humble/install/ros2interface:/home/roby/ros2_humble/install/ros2doctor:/home/roby/ros2_humble/install/ros2action:/home/roby/ros2_humble/install/ros2cli:/home/roby/ros2_humble/install/quality_of_service_demo_py:/home/roby/ros2_humble/install/lifecycle_py:/home/roby/ros2_humble/install/launch_testing_ros:/home/roby/ros2_humble/install/launch_ros:/home/roby/ros2_humble/install/examples_rclpy_pointcloud_publisher:/home/roby/ros2_humble/install/examples_rclpy_minimal_subscriber:/home/roby/ros2_humble/install/examples_rclpy_minimal_service:/home/roby/ros2_humble/install/examples_rclpy_minimal_publisher:/home/roby/ros2_humble/install/examples_rclpy_minimal_client:/home/roby/ros2_humble/install/examples_rclpy_minimal_action_server:/home/roby/ros2_humble/install/examples_rclpy_minimal_action_client:/home/roby/ros2_humble/install/examples_rclpy_guard_conditions:/home/roby/ros2_humble/install/examples_rclpy_executors:/home/roby/ros2_humble/install/demo_nodes_py:/home/roby/ros2_humble/install/action_tutorials_py:/home/roby/ros2_humble/install/ament_uncrustify:/home/roby/ros2_humble/install/tracetools_trace:/home/roby/ros2_humble/install/tracetools_read:/home/roby/ros2_humble/install/test_tracetools_launch:/home/roby/ros2_humble/install/test_launch_ros:/home/roby/ros2_humble/install/sensor_msgs_py:/home/roby/ros2_humble/install/rpyutils:/home/roby/ros2_humble/install/rosidl_runtime_py:/home/roby/ros2_humble/install/rosidl_cli:/home/roby/ros2_humble/install/launch_pytest:/home/roby/ros2_humble/install/launch_testing:/home/roby/ros2_humble/install/launch_yaml:/home/roby/ros2_humble/install/launch_xml:/home/roby/ros2_humble/install/launch:/home/roby/ros2_humble/install/osrf_pycommon:/home/roby/ros2_humble/install/domain_coordinator:/home/roby/ros2_humble/install/ament_xmllint:/home/roby/ros2_humble/install/ament_pyflakes:/home/roby/ros2_humble/install/ament_pycodestyle:/home/roby/ros2_humble/install/ament_pep257:/home/roby/ros2_humble/install/ament_pclint:/home/roby/ros2_humble/install/ament_package:/home/roby/ros2_humble/install/ament_mypy:/home/roby/ros2_humble/install/ament_lint_cmake:/home/roby/ros2_humble/install/ament_flake8:/home/roby/ros2_humble/install/ament_copyright:/home/roby/ros2_humble/install/ament_lint:/home/roby/ros2_humble/install/ament_index_python:/home/roby/ros2_humble/install/ament_cpplint:/home/roby/ros2_humble/install/ament_cppcheck:/home/roby/ros2_humble/install/ament_clang_tidy:/home/roby/ros2_humble/install/ament_clang_format:/opt/ros/humble /usr/bin/cmake --install /home/roby/turtlebot3_ws/build/turtlebot3_gazebo
[22.697s] -- Install configuration: ""
[22.698s] -- Execute custom install script
[22.698s] -- Symlinking: /home/roby/turtlebot3_ws/install/turtlebot3_gazebo/lib/turtlebot3_gazebo/turtlebot3_drive
[22.720s] -- Symlinking: /home/roby/turtlebot3_ws/install/turtlebot3_gazebo/share/turtlebot3_gazebo//launch/empty_world.launch.py
[22.742s] -- Symlinking: /home/roby/turtlebot3_ws/install/turtlebot3_gazebo/share/turtlebot3_gazebo//launch/robot_state_publisher.launch.py
[22.766s] -- Symlinking: /home/roby/turtlebot3_ws/install/turtlebot3_gazebo/share/turtlebot3_gazebo//launch/spawn_turtlebot3.launch.py
[22.787s] -- Symlinking: /home/roby/turtlebot3_ws/install/turtlebot3_gazebo/share/turtlebot3_gazebo//launch/turtlebot3_dqn_stage1.launch.py
[22.808s] -- Symlinking: /home/roby/turtlebot3_ws/install/turtlebot3_gazebo/share/turtlebot3_gazebo//launch/turtlebot3_dqn_stage2.launch.py
[22.830s] -- Symlinking: /home/roby/turtlebot3_ws/install/turtlebot3_gazebo/share/turtlebot3_gazebo//launch/turtlebot3_dqn_stage3.launch.py
[22.851s] -- Symlinking: /home/roby/turtlebot3_ws/install/turtlebot3_gazebo/share/turtlebot3_gazebo//launch/turtlebot3_dqn_stage4.launch.py
[22.872s] -- Symlinking: /home/roby/turtlebot3_ws/install/turtlebot3_gazebo/share/turtlebot3_gazebo//launch/turtlebot3_house.launch.py
[22.894s] -- Symlinking: /home/roby/turtlebot3_ws/install/turtlebot3_gazebo/share/turtlebot3_gazebo//launch/turtlebot3_world.launch.py
[22.917s] -- Symlinking: /home/roby/turtlebot3_ws/install/turtlebot3_gazebo/share/turtlebot3_gazebo//models/turtlebot3_burger/model-1_4.sdf
[22.938s] -- Symlinking: /home/roby/turtlebot3_ws/install/turtlebot3_gazebo/share/turtlebot3_gazebo//models/turtlebot3_burger/model.config
[22.960s] -- Symlinking: /home/roby/turtlebot3_ws/install/turtlebot3_gazebo/share/turtlebot3_gazebo//models/turtlebot3_burger/model.sdf
[22.981s] -- Symlinking: /home/roby/turtlebot3_ws/install/turtlebot3_gazebo/share/turtlebot3_gazebo//models/turtlebot3_common/meshes/burger_base.dae
[23.003s] -- Symlinking: /home/roby/turtlebot3_ws/install/turtlebot3_gazebo/share/turtlebot3_gazebo//models/turtlebot3_common/meshes/lds.dae
[23.024s] -- Symlinking: /home/roby/turtlebot3_ws/install/turtlebot3_gazebo/share/turtlebot3_gazebo//models/turtlebot3_common/meshes/r200.dae
[23.045s] -- Symlinking: /home/roby/turtlebot3_ws/install/turtlebot3_gazebo/share/turtlebot3_gazebo//models/turtlebot3_common/meshes/tire.dae
[23.067s] -- Symlinking: /home/roby/turtlebot3_ws/install/turtlebot3_gazebo/share/turtlebot3_gazebo//models/turtlebot3_common/meshes/waffle_base.dae
[23.088s] -- Symlinking: /home/roby/turtlebot3_ws/install/turtlebot3_gazebo/share/turtlebot3_gazebo//models/turtlebot3_common/meshes/waffle_pi_base.dae
[23.109s] -- Symlinking: /home/roby/turtlebot3_ws/install/turtlebot3_gazebo/share/turtlebot3_gazebo//models/turtlebot3_common/model.config
[23.131s] -- Symlinking: /home/roby/turtlebot3_ws/install/turtlebot3_gazebo/share/turtlebot3_gazebo//models/turtlebot3_dqn_world/goal_box/model.config
[23.153s] -- Symlinking: /home/roby/turtlebot3_ws/install/turtlebot3_gazebo/share/turtlebot3_gazebo//models/turtlebot3_dqn_world/goal_box/model.sdf
[23.174s] -- Symlinking: /home/roby/turtlebot3_ws/install/turtlebot3_gazebo/share/turtlebot3_gazebo//models/turtlebot3_dqn_world/inner_walls/model.config
[23.196s] -- Symlinking: /home/roby/turtlebot3_ws/install/turtlebot3_gazebo/share/turtlebot3_gazebo//models/turtlebot3_dqn_world/inner_walls/model.sdf
[23.217s] -- Symlinking: /home/roby/turtlebot3_ws/install/turtlebot3_gazebo/share/turtlebot3_gazebo//models/turtlebot3_dqn_world/model.config
[23.239s] -- Symlinking: /home/roby/turtlebot3_ws/install/turtlebot3_gazebo/share/turtlebot3_gazebo//models/turtlebot3_dqn_world/model.sdf
[23.260s] -- Symlinking: /home/roby/turtlebot3_ws/install/turtlebot3_gazebo/share/turtlebot3_gazebo//models/turtlebot3_dqn_world/obstacle1/model.config
[23.282s] -- Symlinking: /home/roby/turtlebot3_ws/install/turtlebot3_gazebo/share/turtlebot3_gazebo//models/turtlebot3_dqn_world/obstacle1/model.sdf
[23.303s] -- Symlinking: /home/roby/turtlebot3_ws/install/turtlebot3_gazebo/share/turtlebot3_gazebo//models/turtlebot3_dqn_world/obstacle2/model.config
[23.325s] -- Symlinking: /home/roby/turtlebot3_ws/install/turtlebot3_gazebo/share/turtlebot3_gazebo//models/turtlebot3_dqn_world/obstacle2/model.sdf
[23.346s] -- Symlinking: /home/roby/turtlebot3_ws/install/turtlebot3_gazebo/share/turtlebot3_gazebo//models/turtlebot3_dqn_world/obstacle_plugin/CMakeLists.txt
[23.368s] -- Symlinking: /home/roby/turtlebot3_ws/install/turtlebot3_gazebo/share/turtlebot3_gazebo//models/turtlebot3_dqn_world/obstacle_plugin/obstacle1.cc
[23.389s] -- Symlinking: /home/roby/turtlebot3_ws/install/turtlebot3_gazebo/share/turtlebot3_gazebo//models/turtlebot3_dqn_world/obstacle_plugin/obstacle2.cc
[23.410s] -- Symlinking: /home/roby/turtlebot3_ws/install/turtlebot3_gazebo/share/turtlebot3_gazebo//models/turtlebot3_dqn_world/obstacle_plugin/obstacles.cc
[23.432s] -- Symlinking: /home/roby/turtlebot3_ws/install/turtlebot3_gazebo/share/turtlebot3_gazebo//models/turtlebot3_dqn_world/obstacles/model.config
[23.454s] -- Symlinking: /home/roby/turtlebot3_ws/install/turtlebot3_gazebo/share/turtlebot3_gazebo//models/turtlebot3_dqn_world/obstacles/model.sdf
[23.475s] -- Symlinking: /home/roby/turtlebot3_ws/install/turtlebot3_gazebo/share/turtlebot3_gazebo//models/turtlebot3_house/model.config
[23.496s] -- Symlinking: /home/roby/turtlebot3_ws/install/turtlebot3_gazebo/share/turtlebot3_gazebo//models/turtlebot3_house/model.sdf
[23.518s] -- Symlinking: /home/roby/turtlebot3_ws/install/turtlebot3_gazebo/share/turtlebot3_gazebo//models/turtlebot3_waffle/model-1_4.sdf
[23.539s] -- Symlinking: /home/roby/turtlebot3_ws/install/turtlebot3_gazebo/share/turtlebot3_gazebo//models/turtlebot3_waffle/model.config
[23.561s] -- Symlinking: /home/roby/turtlebot3_ws/install/turtlebot3_gazebo/share/turtlebot3_gazebo//models/turtlebot3_waffle/model.sdf
[23.582s] -- Symlinking: /home/roby/turtlebot3_ws/install/turtlebot3_gazebo/share/turtlebot3_gazebo//models/turtlebot3_waffle_pi/model-1_4_.sdf
[23.603s] -- Symlinking: /home/roby/turtlebot3_ws/install/turtlebot3_gazebo/share/turtlebot3_gazebo//models/turtlebot3_waffle_pi/model.config
[23.624s] -- Symlinking: /home/roby/turtlebot3_ws/install/turtlebot3_gazebo/share/turtlebot3_gazebo//models/turtlebot3_waffle_pi/model.sdf
[23.646s] -- Symlinking: /home/roby/turtlebot3_ws/install/turtlebot3_gazebo/share/turtlebot3_gazebo//models/turtlebot3_world/meshes/hexagon.dae
[23.667s] -- Symlinking: /home/roby/turtlebot3_ws/install/turtlebot3_gazebo/share/turtlebot3_gazebo//models/turtlebot3_world/meshes/wall.dae
[23.689s] -- Symlinking: /home/roby/turtlebot3_ws/install/turtlebot3_gazebo/share/turtlebot3_gazebo//models/turtlebot3_world/model-1_4.sdf
[23.710s] -- Symlinking: /home/roby/turtlebot3_ws/install/turtlebot3_gazebo/share/turtlebot3_gazebo//models/turtlebot3_world/model.config
[23.731s] -- Symlinking: /home/roby/turtlebot3_ws/install/turtlebot3_gazebo/share/turtlebot3_gazebo//models/turtlebot3_world/model.sdf
[23.753s] -- Symlinking: /home/roby/turtlebot3_ws/install/turtlebot3_gazebo/share/turtlebot3_gazebo//rviz/tb3_gazebo.rviz
[23.774s] -- Symlinking: /home/roby/turtlebot3_ws/install/turtlebot3_gazebo/share/turtlebot3_gazebo//urdf/common_properties.urdf
[23.796s] -- Symlinking: /home/roby/turtlebot3_ws/install/turtlebot3_gazebo/share/turtlebot3_gazebo//urdf/turtlebot3_burger.urdf
[23.817s] -- Symlinking: /home/roby/turtlebot3_ws/install/turtlebot3_gazebo/share/turtlebot3_gazebo//urdf/turtlebot3_waffle.urdf
[23.839s] -- Symlinking: /home/roby/turtlebot3_ws/install/turtlebot3_gazebo/share/turtlebot3_gazebo//urdf/turtlebot3_waffle_pi.urdf
[23.861s] -- Symlinking: /home/roby/turtlebot3_ws/install/turtlebot3_gazebo/share/turtlebot3_gazebo//worlds/empty_world.world
[23.882s] -- Symlinking: /home/roby/turtlebot3_ws/install/turtlebot3_gazebo/share/turtlebot3_gazebo//worlds/turtlebot3_dqn_stage1.world
[23.903s] -- Symlinking: /home/roby/turtlebot3_ws/install/turtlebot3_gazebo/share/turtlebot3_gazebo//worlds/turtlebot3_dqn_stage2.world
[23.925s] -- Symlinking: /home/roby/turtlebot3_ws/install/turtlebot3_gazebo/share/turtlebot3_gazebo//worlds/turtlebot3_dqn_stage3.world
[23.946s] -- Symlinking: /home/roby/turtlebot3_ws/install/turtlebot3_gazebo/share/turtlebot3_gazebo//worlds/turtlebot3_dqn_stage4.world
[23.969s] -- Symlinking: /home/roby/turtlebot3_ws/install/turtlebot3_gazebo/share/turtlebot3_gazebo//worlds/turtlebot3_house.world
[23.991s] -- Symlinking: /home/roby/turtlebot3_ws/install/turtlebot3_gazebo/share/turtlebot3_gazebo//worlds/turtlebot3_world.world
[24.012s] -- Symlinking: /home/roby/turtlebot3_ws/install/turtlebot3_gazebo/include//turtlebot3_gazebo/turtlebot3_drive.hpp
[24.034s] -- Symlinking: /home/roby/turtlebot3_ws/install/turtlebot3_gazebo/share/ament_index/resource_index/package_run_dependencies/turtlebot3_gazebo
[24.055s] -- Symlinking: /home/roby/turtlebot3_ws/install/turtlebot3_gazebo/share/ament_index/resource_index/parent_prefix_path/turtlebot3_gazebo
[24.077s] -- Symlinking: /home/roby/turtlebot3_ws/install/turtlebot3_gazebo/share/turtlebot3_gazebo/environment/ament_prefix_path.sh
[24.098s] -- Symlinking: /home/roby/turtlebot3_ws/install/turtlebot3_gazebo/share/turtlebot3_gazebo/environment/ament_prefix_path.dsv
[24.119s] -- Symlinking: /home/roby/turtlebot3_ws/install/turtlebot3_gazebo/share/turtlebot3_gazebo/environment/path.sh
[24.141s] -- Symlinking: /home/roby/turtlebot3_ws/install/turtlebot3_gazebo/share/turtlebot3_gazebo/environment/path.dsv
[24.163s] -- Symlinking: /home/roby/turtlebot3_ws/install/turtlebot3_gazebo/share/turtlebot3_gazebo/local_setup.bash
[24.184s] -- Symlinking: /home/roby/turtlebot3_ws/install/turtlebot3_gazebo/share/turtlebot3_gazebo/local_setup.sh
[24.205s] -- Symlinking: /home/roby/turtlebot3_ws/install/turtlebot3_gazebo/share/turtlebot3_gazebo/local_setup.zsh
[24.227s] -- Symlinking: /home/roby/turtlebot3_ws/install/turtlebot3_gazebo/share/turtlebot3_gazebo/local_setup.dsv
[24.249s] -- Symlinking: /home/roby/turtlebot3_ws/install/turtlebot3_gazebo/share/turtlebot3_gazebo/package.dsv
[24.270s] -- Symlinking: /home/roby/turtlebot3_ws/install/turtlebot3_gazebo/share/ament_index/resource_index/packages/turtlebot3_gazebo
[24.292s] -- Symlinking: /home/roby/turtlebot3_ws/install/turtlebot3_gazebo/share/turtlebot3_gazebo/cmake/ament_cmake_export_include_directories-extras.cmake
[24.313s] -- Symlinking: /home/roby/turtlebot3_ws/install/turtlebot3_gazebo/share/turtlebot3_gazebo/cmake/ament_cmake_export_dependencies-extras.cmake
[24.334s] -- Symlinking: /home/roby/turtlebot3_ws/install/turtlebot3_gazebo/share/turtlebot3_gazebo/cmake/turtlebot3_gazeboConfig.cmake
[24.356s] -- Symlinking: /home/roby/turtlebot3_ws/install/turtlebot3_gazebo/share/turtlebot3_gazebo/cmake/turtlebot3_gazeboConfig-version.cmake
[24.378s] -- Symlinking: /home/roby/turtlebot3_ws/install/turtlebot3_gazebo/share/turtlebot3_gazebo/package.xml
[24.401s] Invoked command in '/home/roby/turtlebot3_ws/build/turtlebot3_gazebo' returned '0': CMAKE_PREFIX_PATH=${CMAKE_PREFIX_PATH}:/home/roby/ws/install/my_robot_controller:/home/roby/ros2_humble/install/rqt_bag_plugins:/home/roby/ros2_humble/install/rqt_bag:/home/roby/ros2_humble/install/launch_testing_examples:/home/roby/ros2_humble/install/ros2bag:/home/roby/ros2_humble/install/tracetools_test:/home/roby/ros2_humble/install/tracetools_launch:/home/roby/ros2_humble/install/topic_monitor:/home/roby/ros2_humble/install/tf2_tools:/home/roby/ros2_humble/install/examples_tf2_py:/home/roby/ros2_humble/install/tf2_ros_py:/home/roby/ros2_humble/install/sros2:/home/roby/ros2_humble/install/rqt_topic:/home/roby/ros2_humble/install/rqt_srv:/home/roby/ros2_humble/install/rqt_shell:/home/roby/ros2_humble/install/rqt_service_caller:/home/roby/ros2_humble/install/rqt_reconfigure:/home/roby/ros2_humble/install/rqt_py_console:/home/roby/ros2_humble/install/rqt_publisher:/home/roby/ros2_humble/install/rqt_plot:/home/roby/ros2_humble/install/rqt_action:/home/roby/ros2_humble/install/rqt_msg:/home/roby/ros2_humble/install/rqt_console:/home/roby/ros2_humble/install/rqt:/home/roby/ros2_humble/install/rqt_graph:/home/roby/ros2_humble/install/rqt_gui_py:/home/roby/ros2_humble/install/rqt_gui:/home/roby/ros2_humble/install/ros2trace:/home/roby/ros2_humble/install/ros2topic:/home/roby/ros2_humble/install/ros2test:/home/roby/ros2_humble/install/ros2component:/home/roby/ros2_humble/install/ros2param:/home/roby/ros2_humble/install/ros2lifecycle:/home/roby/ros2_humble/install/ros2service:/home/roby/ros2_humble/install/ros2run:/home/roby/ros2_humble/install/ros2launch:/home/roby/ros2_humble/install/ros2pkg:/home/roby/ros2_humble/install/ros2node:/home/roby/ros2_humble/install/ros2multicast:/home/roby/ros2_humble/install/ros2interface:/home/roby/ros2_humble/install/ros2doctor:/home/roby/ros2_humble/install/ros2action:/home/roby/ros2_humble/install/ros2cli:/home/roby/ros2_humble/install/quality_of_service_demo_py:/home/roby/ros2_humble/install/lifecycle_py:/home/roby/ros2_humble/install/launch_testing_ros:/home/roby/ros2_humble/install/launch_ros:/home/roby/ros2_humble/install/examples_rclpy_pointcloud_publisher:/home/roby/ros2_humble/install/examples_rclpy_minimal_subscriber:/home/roby/ros2_humble/install/examples_rclpy_minimal_service:/home/roby/ros2_humble/install/examples_rclpy_minimal_publisher:/home/roby/ros2_humble/install/examples_rclpy_minimal_client:/home/roby/ros2_humble/install/examples_rclpy_minimal_action_server:/home/roby/ros2_humble/install/examples_rclpy_minimal_action_client:/home/roby/ros2_humble/install/examples_rclpy_guard_conditions:/home/roby/ros2_humble/install/examples_rclpy_executors:/home/roby/ros2_humble/install/demo_nodes_py:/home/roby/ros2_humble/install/action_tutorials_py:/home/roby/ros2_humble/install/ament_uncrustify:/home/roby/ros2_humble/install/tracetools_trace:/home/roby/ros2_humble/install/tracetools_read:/home/roby/ros2_humble/install/test_tracetools_launch:/home/roby/ros2_humble/install/test_launch_ros:/home/roby/ros2_humble/install/sensor_msgs_py:/home/roby/ros2_humble/install/rpyutils:/home/roby/ros2_humble/install/rosidl_runtime_py:/home/roby/ros2_humble/install/rosidl_cli:/home/roby/ros2_humble/install/launch_pytest:/home/roby/ros2_humble/install/launch_testing:/home/roby/ros2_humble/install/launch_yaml:/home/roby/ros2_humble/install/launch_xml:/home/roby/ros2_humble/install/launch:/home/roby/ros2_humble/install/osrf_pycommon:/home/roby/ros2_humble/install/domain_coordinator:/home/roby/ros2_humble/install/ament_xmllint:/home/roby/ros2_humble/install/ament_pyflakes:/home/roby/ros2_humble/install/ament_pycodestyle:/home/roby/ros2_humble/install/ament_pep257:/home/roby/ros2_humble/install/ament_pclint:/home/roby/ros2_humble/install/ament_package:/home/roby/ros2_humble/install/ament_mypy:/home/roby/ros2_humble/install/ament_lint_cmake:/home/roby/ros2_humble/install/ament_flake8:/home/roby/ros2_humble/install/ament_copyright:/home/roby/ros2_humble/install/ament_lint:/home/roby/ros2_humble/install/ament_index_python:/home/roby/ros2_humble/install/ament_cpplint:/home/roby/ros2_humble/install/ament_cppcheck:/home/roby/ros2_humble/install/ament_clang_tidy:/home/roby/ros2_humble/install/ament_clang_format:/opt/ros/humble /usr/bin/cmake --install /home/roby/turtlebot3_ws/build/turtlebot3_gazebo
