[1.994s] Invoking command in '/home/roby/turtlebot3_ws/build/ball_detection': PYTHONPATH=/home/roby/turtlebot3_ws/build/ball_detection/prefix_override:/usr/lib/python3/dist-packages/colcon_core/task/python/colcon_distutils_commands:/home/roby/turtlebot3_ws/install/ball_detection/lib/python3.10/site-packages:${PYTHONPATH} /usr/bin/python3 -W ignore:setup.py install is deprecated setup.py develop --editable --build-directory /home/roby/turtlebot3_ws/build/ball_detection/build --no-deps symlink_data
[2.533s] running develop
[2.841s] running egg_info
[2.841s] writing ball_detection.egg-info/PKG-INFO
[2.842s] writing dependency_links to ball_detection.egg-info/dependency_links.txt
[2.842s] writing entry points to ball_detection.egg-info/entry_points.txt
[2.842s] writing requirements to ball_detection.egg-info/requires.txt
[2.842s] writing top-level names to ball_detection.egg-info/top_level.txt
[2.844s] reading manifest file 'ball_detection.egg-info/SOURCES.txt'
[2.845s] writing manifest file 'ball_detection.egg-info/SOURCES.txt'
[2.849s] running build_ext
[2.850s] Creating /home/roby/turtlebot3_ws/install/ball_detection/lib/python3.10/site-packages/ball-detection.egg-link (link to .)
[2.850s] Installing ball_detector script to /home/roby/turtlebot3_ws/install/ball_detection/lib/ball_detection
[2.850s] Installing ball_finder script to /home/roby/turtlebot3_ws/install/ball_detection/lib/ball_detection
[2.851s] Installing ball_follower script to /home/roby/turtlebot3_ws/install/ball_detection/lib/ball_detection
[2.851s] Installing ball_trajectory script to /home/roby/turtlebot3_ws/install/ball_detection/lib/ball_detection
[2.851s] 
[2.851s] Installed /home/roby/turtlebot3_ws/build/ball_detection
[2.851s] running symlink_data
[2.881s] Invoked command in '/home/roby/turtlebot3_ws/build/ball_detection' returned '0': PYTHONPATH=/home/roby/turtlebot3_ws/build/ball_detection/prefix_override:/usr/lib/python3/dist-packages/colcon_core/task/python/colcon_distutils_commands:/home/roby/turtlebot3_ws/install/ball_detection/lib/python3.10/site-packages:${PYTHONPATH} /usr/bin/python3 -W ignore:setup.py install is deprecated setup.py develop --editable --build-directory /home/roby/turtlebot3_ws/build/ball_detection/build --no-deps symlink_data
