[3.029s] Invoking command in '/home/roby/turtlebot3_ws/src/build/ball_detection': PYTHONPATH=/home/roby/turtlebot3_ws/src/build/ball_detection/prefix_override:/usr/lib/python3/dist-packages/colcon_core/task/python/colcon_distutils_commands:/home/roby/turtlebot3_ws/src/install/ball_detection/lib/python3.10/site-packages:${PYTHONPATH} /usr/bin/python3 -W ignore:setup.py install is deprecated setup.py develop --editable --build-directory /home/roby/turtlebot3_ws/src/build/ball_detection/build --no-deps symlink_data
[4.085s] running develop
[4.628s] running egg_info
[4.628s] creating ball_detection.egg-info
[4.629s] writing ball_detection.egg-info/PKG-INFO
[4.630s] writing dependency_links to ball_detection.egg-info/dependency_links.txt
[4.630s] writing entry points to ball_detection.egg-info/entry_points.txt
[4.631s] writing requirements to ball_detection.egg-info/requires.txt
[4.631s] writing top-level names to ball_detection.egg-info/top_level.txt
[4.631s] writing manifest file 'ball_detection.egg-info/SOURCES.txt'
[4.632s] reading manifest file 'ball_detection.egg-info/SOURCES.txt'
[4.633s] writing manifest file 'ball_detection.egg-info/SOURCES.txt'
[4.639s] running build_ext
[4.640s] Creating /home/roby/turtlebot3_ws/src/install/ball_detection/lib/python3.10/site-packages/ball-detection.egg-link (link to .)
[4.641s] Installing ball_detector script to /home/roby/turtlebot3_ws/src/install/ball_detection/lib/ball_detection
[4.641s] Installing ball_follower script to /home/roby/turtlebot3_ws/src/install/ball_detection/lib/ball_detection
[4.641s] 
[4.641s] Installed /home/roby/turtlebot3_ws/src/build/ball_detection
[4.641s] running symlink_data
[4.642s] creating /home/roby/turtlebot3_ws/src/install/ball_detection/share/ament_index
[4.642s] creating /home/roby/turtlebot3_ws/src/install/ball_detection/share/ament_index/resource_index
[4.642s] creating /home/roby/turtlebot3_ws/src/install/ball_detection/share/ament_index/resource_index/packages
[4.642s] symbolically linking /home/roby/turtlebot3_ws/src/build/ball_detection/resource/ball_detection -> /home/roby/turtlebot3_ws/src/install/ball_detection/share/ament_index/resource_index/packages
[4.642s] symbolically linking /home/roby/turtlebot3_ws/src/build/ball_detection/package.xml -> /home/roby/turtlebot3_ws/src/install/ball_detection/share/ball_detection
[4.644s] creating /home/roby/turtlebot3_ws/src/install/ball_detection/share/ball_detection/launch
[4.644s] symbolically linking /home/roby/turtlebot3_ws/src/build/ball_detection/launch/ball.py -> /home/roby/turtlebot3_ws/src/install/ball_detection/share/ball_detection/launch
[4.688s] Invoked command in '/home/roby/turtlebot3_ws/src/build/ball_detection' returned '0': PYTHONPATH=/home/roby/turtlebot3_ws/src/build/ball_detection/prefix_override:/usr/lib/python3/dist-packages/colcon_core/task/python/colcon_distutils_commands:/home/roby/turtlebot3_ws/src/install/ball_detection/lib/python3.10/site-packages:${PYTHONPATH} /usr/bin/python3 -W ignore:setup.py install is deprecated setup.py develop --editable --build-directory /home/roby/turtlebot3_ws/src/build/ball_detection/build --no-deps symlink_data
