[2.154s] Invoking command in '/home/roby/turtlebot3_ws/build/ball_detection': PYTHONPATH=/home/roby/turtlebot3_ws/build/ball_detection/prefix_override:/usr/lib/python3/dist-packages/colcon_core/task/python/colcon_distutils_commands:/home/roby/turtlebot3_ws/install/ball_detection/lib/python3.10/site-packages:${PYTHONPATH} /usr/bin/python3 -W ignore:setup.py install is deprecated setup.py develop --editable --build-directory /home/roby/turtlebot3_ws/build/ball_detection/build --no-deps symlink_data
[2.717s] running develop
[3.033s] running egg_info
[3.033s] creating ball_detection.egg-info
[3.034s] writing ball_detection.egg-info/PKG-INFO
[3.034s] writing dependency_links to ball_detection.egg-info/dependency_links.txt
[3.034s] writing entry points to ball_detection.egg-info/entry_points.txt
[3.034s] writing requirements to ball_detection.egg-info/requires.txt
[3.034s] writing top-level names to ball_detection.egg-info/top_level.txt
[3.034s] writing manifest file 'ball_detection.egg-info/SOURCES.txt'
[3.037s] reading manifest file 'ball_detection.egg-info/SOURCES.txt'
[3.037s] writing manifest file 'ball_detection.egg-info/SOURCES.txt'
[3.042s] running build_ext
[3.043s] Creating /home/roby/turtlebot3_ws/install/ball_detection/lib/python3.10/site-packages/ball-detection.egg-link (link to .)
[3.043s] Installing ball_detect script to /home/roby/turtlebot3_ws/install/ball_detection/lib/ball_detection
[3.044s] 
[3.044s] Installed /home/roby/turtlebot3_ws/build/ball_detection
[3.044s] running symlink_data
[3.044s] creating /home/roby/turtlebot3_ws/install/ball_detection/share/ament_index
[3.044s] creating /home/roby/turtlebot3_ws/install/ball_detection/share/ament_index/resource_index
[3.044s] creating /home/roby/turtlebot3_ws/install/ball_detection/share/ament_index/resource_index/packages
[3.044s] symbolically linking /home/roby/turtlebot3_ws/build/ball_detection/resource/ball_detection -> /home/roby/turtlebot3_ws/install/ball_detection/share/ament_index/resource_index/packages
[3.044s] symbolically linking /home/roby/turtlebot3_ws/build/ball_detection/package.xml -> /home/roby/turtlebot3_ws/install/ball_detection/share/ball_detection
[3.073s] Invoked command in '/home/roby/turtlebot3_ws/build/ball_detection' returned '0': PYTHONPATH=/home/roby/turtlebot3_ws/build/ball_detection/prefix_override:/usr/lib/python3/dist-packages/colcon_core/task/python/colcon_distutils_commands:/home/roby/turtlebot3_ws/install/ball_detection/lib/python3.10/site-packages:${PYTHONPATH} /usr/bin/python3 -W ignore:setup.py install is deprecated setup.py develop --editable --build-directory /home/roby/turtlebot3_ws/build/ball_detection/build --no-deps symlink_data
