[2.455s] Invoking command in '/home/roby/turtlebot3_ws/build/ball_detection': PYTHONPATH=/home/roby/turtlebot3_ws/build/ball_detection/prefix_override:/usr/lib/python3/dist-packages/colcon_core/task/python/colcon_distutils_commands:/home/roby/turtlebot3_ws/install/ball_detection/lib/python3.10/site-packages:${PYTHONPATH} /usr/bin/python3 -W ignore:setup.py install is deprecated setup.py develop --editable --build-directory /home/roby/turtlebot3_ws/build/ball_detection/build --no-deps symlink_data
[3.123s] running develop
[3.482s] running egg_info
[3.482s] writing ball_detection.egg-info/PKG-INFO
[3.483s] writing dependency_links to ball_detection.egg-info/dependency_links.txt
[3.483s] writing entry points to ball_detection.egg-info/entry_points.txt
[3.483s] writing requirements to ball_detection.egg-info/requires.txt
[3.483s] writing top-level names to ball_detection.egg-info/top_level.txt
[3.484s] reading manifest file 'ball_detection.egg-info/SOURCES.txt'
[3.485s] writing manifest file 'ball_detection.egg-info/SOURCES.txt'
[3.491s] running build_ext
[3.491s] Creating /home/roby/turtlebot3_ws/install/ball_detection/lib/python3.10/site-packages/ball-detection.egg-link (link to .)
[3.492s] Installing ball_detector script to /home/roby/turtlebot3_ws/install/ball_detection/lib/ball_detection
[3.492s] Installing ball_follower script to /home/roby/turtlebot3_ws/install/ball_detection/lib/ball_detection
[3.492s] 
[3.492s] Installed /home/roby/turtlebot3_ws/build/ball_detection
[3.492s] running symlink_data
[3.493s] creating /home/roby/turtlebot3_ws/install/ball_detection/share/ball_detection/ball_detection
[3.493s] symbolically linking /home/roby/turtlebot3_ws/build/ball_detection/ball_detection/ball.py -> /home/roby/turtlebot3_ws/install/ball_detection/share/ball_detection/ball_detection
[3.519s] Invoked command in '/home/roby/turtlebot3_ws/build/ball_detection' returned '0': PYTHONPATH=/home/roby/turtlebot3_ws/build/ball_detection/prefix_override:/usr/lib/python3/dist-packages/colcon_core/task/python/colcon_distutils_commands:/home/roby/turtlebot3_ws/install/ball_detection/lib/python3.10/site-packages:${PYTHONPATH} /usr/bin/python3 -W ignore:setup.py install is deprecated setup.py develop --editable --build-directory /home/roby/turtlebot3_ws/build/ball_detection/build --no-deps symlink_data
