[0.387s] DEBUG:colcon:Command line arguments: ['/usr/bin/colcon', 'list', '-p', '--base-paths', '/home/roby/turtlebot3_ws']
[0.387s] DEBUG:colcon:Parsed command line arguments: Namespace(log_base=None, log_level=None, verb_name='list', build_base='build', ignore_user_meta=False, metas=['./colcon.meta'], base_paths=['/home/roby/turtlebot3_ws'], packages_ignore=None, packages_ignore_regex=None, paths=None, packages_up_to=None, packages_up_to_regex=None, packages_above=None, packages_above_and_dependencies=None, packages_above_depth=None, packages_select_by_dep=None, packages_skip_by_dep=None, packages_skip_up_to=None, packages_select_build_failed=False, packages_skip_build_finished=False, packages_select_test_failures=False, packages_skip_test_passed=False, packages_select=None, packages_skip=None, packages_select_regex=None, packages_skip_regex=None, packages_start=None, packages_end=None, allow_overriding=[], topological_order=False, names_only=False, paths_only=True, topological_graph=False, topological_graph_dot=False, topological_graph_density=False, topological_graph_legend=False, topological_graph_dot_cluster=False, topological_graph_dot_include_skipped=False, mixin_files=None, mixin=None, verb_parser=<colcon_mixin.mixin.mixin_argument.MixinArgumentDecorator object at 0x71e1610bcdc0>, verb_extension=<colcon_package_information.verb.list.ListVerb object at 0x71e16107bcd0>, main=<bound method ListVerb.main of <colcon_package_information.verb.list.ListVerb object at 0x71e16107bcd0>>, mixin_verb=('list',))
[0.978s] Level 1:colcon.colcon_core.package_discovery:discover_packages(colcon_meta) check parameters
[0.978s] Level 1:colcon.colcon_core.package_discovery:discover_packages(recursive) check parameters
[0.978s] Level 1:colcon.colcon_core.package_discovery:discover_packages(ignore) check parameters
[0.978s] Level 1:colcon.colcon_core.package_discovery:discover_packages(path) check parameters
[0.978s] Level 1:colcon.colcon_core.package_discovery:discover_packages(recursive) discover
[0.978s] INFO:colcon.colcon_core.package_discovery:Crawling recursively for packages in '/home/roby/turtlebot3_ws'
[0.979s] Level 1:colcon.colcon_core.package_identification:_identify(/home/roby/turtlebot3_ws) by extensions ['ignore', 'ignore_ament_install']
[0.979s] Level 1:colcon.colcon_core.package_identification:_identify(/home/roby/turtlebot3_ws) by extension 'ignore'
[0.979s] Level 1:colcon.colcon_core.package_identification:_identify(/home/roby/turtlebot3_ws) by extension 'ignore_ament_install'
[0.979s] Level 1:colcon.colcon_core.package_identification:_identify(/home/roby/turtlebot3_ws) by extensions ['colcon_pkg']
[0.979s] Level 1:colcon.colcon_core.package_identification:_identify(/home/roby/turtlebot3_ws) by extension 'colcon_pkg'
[0.979s] Level 1:colcon.colcon_core.package_identification:_identify(/home/roby/turtlebot3_ws) by extensions ['colcon_meta']
[0.979s] Level 1:colcon.colcon_core.package_identification:_identify(/home/roby/turtlebot3_ws) by extension 'colcon_meta'
[0.979s] Level 1:colcon.colcon_core.package_identification:_identify(/home/roby/turtlebot3_ws) by extensions ['ros']
[0.979s] Level 1:colcon.colcon_core.package_identification:_identify(/home/roby/turtlebot3_ws) by extension 'ros'
[1.001s] Level 1:colcon.colcon_core.package_identification:_identify(/home/roby/turtlebot3_ws) by extensions ['cmake', 'python']
[1.001s] Level 1:colcon.colcon_core.package_identification:_identify(/home/roby/turtlebot3_ws) by extension 'cmake'
[1.001s] Level 1:colcon.colcon_core.package_identification:_identify(/home/roby/turtlebot3_ws) by extension 'python'
[1.001s] Level 1:colcon.colcon_core.package_identification:_identify(/home/roby/turtlebot3_ws) by extensions ['python_setup_py']
[1.002s] Level 1:colcon.colcon_core.package_identification:_identify(/home/roby/turtlebot3_ws) by extension 'python_setup_py'
[1.002s] Level 1:colcon.colcon_core.package_identification:_identify(/home/roby/turtlebot3_ws/build) by extensions ['ignore', 'ignore_ament_install']
[1.002s] Level 1:colcon.colcon_core.package_identification:_identify(/home/roby/turtlebot3_ws/build) by extension 'ignore'
[1.002s] Level 1:colcon.colcon_core.package_identification:_identify(/home/roby/turtlebot3_ws/build) ignored
[1.002s] Level 1:colcon.colcon_core.package_identification:_identify(/home/roby/turtlebot3_ws/install) by extensions ['ignore', 'ignore_ament_install']
[1.002s] Level 1:colcon.colcon_core.package_identification:_identify(/home/roby/turtlebot3_ws/install) by extension 'ignore'
[1.002s] Level 1:colcon.colcon_core.package_identification:_identify(/home/roby/turtlebot3_ws/install) ignored
[1.003s] Level 1:colcon.colcon_core.package_identification:_identify(/home/roby/turtlebot3_ws/log) by extensions ['ignore', 'ignore_ament_install']
[1.003s] Level 1:colcon.colcon_core.package_identification:_identify(/home/roby/turtlebot3_ws/log) by extension 'ignore'
[1.003s] Level 1:colcon.colcon_core.package_identification:_identify(/home/roby/turtlebot3_ws/log) ignored
[1.003s] Level 1:colcon.colcon_core.package_identification:_identify(/home/roby/turtlebot3_ws/src) by extensions ['ignore', 'ignore_ament_install']
[1.003s] Level 1:colcon.colcon_core.package_identification:_identify(/home/roby/turtlebot3_ws/src) by extension 'ignore'
[1.003s] Level 1:colcon.colcon_core.package_identification:_identify(/home/roby/turtlebot3_ws/src) by extension 'ignore_ament_install'
[1.003s] Level 1:colcon.colcon_core.package_identification:_identify(/home/roby/turtlebot3_ws/src) by extensions ['colcon_pkg']
[1.003s] Level 1:colcon.colcon_core.package_identification:_identify(/home/roby/turtlebot3_ws/src) by extension 'colcon_pkg'
[1.003s] Level 1:colcon.colcon_core.package_identification:_identify(/home/roby/turtlebot3_ws/src) by extensions ['colcon_meta']
[1.003s] Level 1:colcon.colcon_core.package_identification:_identify(/home/roby/turtlebot3_ws/src) by extension 'colcon_meta'
[1.004s] Level 1:colcon.colcon_core.package_identification:_identify(/home/roby/turtlebot3_ws/src) by extensions ['ros']
[1.004s] Level 1:colcon.colcon_core.package_identification:_identify(/home/roby/turtlebot3_ws/src) by extension 'ros'
[1.004s] Level 1:colcon.colcon_core.package_identification:_identify(/home/roby/turtlebot3_ws/src) by extensions ['cmake', 'python']
[1.004s] Level 1:colcon.colcon_core.package_identification:_identify(/home/roby/turtlebot3_ws/src) by extension 'cmake'
[1.004s] Level 1:colcon.colcon_core.package_identification:_identify(/home/roby/turtlebot3_ws/src) by extension 'python'
[1.004s] Level 1:colcon.colcon_core.package_identification:_identify(/home/roby/turtlebot3_ws/src) by extensions ['python_setup_py']
[1.004s] Level 1:colcon.colcon_core.package_identification:_identify(/home/roby/turtlebot3_ws/src) by extension 'python_setup_py'
[1.004s] Level 1:colcon.colcon_core.package_identification:_identify(/home/roby/turtlebot3_ws/src/ball_detection) by extensions ['ignore', 'ignore_ament_install']
[1.004s] Level 1:colcon.colcon_core.package_identification:_identify(/home/roby/turtlebot3_ws/src/ball_detection) by extension 'ignore'
[1.004s] Level 1:colcon.colcon_core.package_identification:_identify(/home/roby/turtlebot3_ws/src/ball_detection) by extension 'ignore_ament_install'
[1.004s] Level 1:colcon.colcon_core.package_identification:_identify(/home/roby/turtlebot3_ws/src/ball_detection) by extensions ['colcon_pkg']
[1.004s] Level 1:colcon.colcon_core.package_identification:_identify(/home/roby/turtlebot3_ws/src/ball_detection) by extension 'colcon_pkg'
[1.005s] Level 1:colcon.colcon_core.package_identification:_identify(/home/roby/turtlebot3_ws/src/ball_detection) by extensions ['colcon_meta']
[1.005s] Level 1:colcon.colcon_core.package_identification:_identify(/home/roby/turtlebot3_ws/src/ball_detection) by extension 'colcon_meta'
[1.005s] Level 1:colcon.colcon_core.package_identification:_identify(/home/roby/turtlebot3_ws/src/ball_detection) by extensions ['ros']
[1.005s] Level 1:colcon.colcon_core.package_identification:_identify(/home/roby/turtlebot3_ws/src/ball_detection) by extension 'ros'
[1.008s] DEBUG:colcon.colcon_core.package_identification:Package '/home/roby/turtlebot3_ws/src/ball_detection' with type 'ros.ament_python' and name 'ball_detection'
[1.009s] Level 1:colcon.colcon_core.package_identification:_identify(/home/roby/turtlebot3_ws/src/robot_controller) by extensions ['ignore', 'ignore_ament_install']
[1.009s] Level 1:colcon.colcon_core.package_identification:_identify(/home/roby/turtlebot3_ws/src/robot_controller) by extension 'ignore'
[1.009s] Level 1:colcon.colcon_core.package_identification:_identify(/home/roby/turtlebot3_ws/src/robot_controller) by extension 'ignore_ament_install'
[1.009s] Level 1:colcon.colcon_core.package_identification:_identify(/home/roby/turtlebot3_ws/src/robot_controller) by extensions ['colcon_pkg']
[1.009s] Level 1:colcon.colcon_core.package_identification:_identify(/home/roby/turtlebot3_ws/src/robot_controller) by extension 'colcon_pkg'
[1.009s] Level 1:colcon.colcon_core.package_identification:_identify(/home/roby/turtlebot3_ws/src/robot_controller) by extensions ['colcon_meta']
[1.009s] Level 1:colcon.colcon_core.package_identification:_identify(/home/roby/turtlebot3_ws/src/robot_controller) by extension 'colcon_meta'
[1.009s] Level 1:colcon.colcon_core.package_identification:_identify(/home/roby/turtlebot3_ws/src/robot_controller) by extensions ['ros']
[1.009s] Level 1:colcon.colcon_core.package_identification:_identify(/home/roby/turtlebot3_ws/src/robot_controller) by extension 'ros'
[1.016s] DEBUG:colcon.colcon_core.package_identification:Package '/home/roby/turtlebot3_ws/src/robot_controller' with type 'ros.ament_python' and name 'robot_controller'
[1.016s] Level 1:colcon.colcon_core.package_identification:_identify(/home/roby/turtlebot3_ws/src/turtlebot3_simulations) by extensions ['ignore', 'ignore_ament_install']
[1.016s] Level 1:colcon.colcon_core.package_identification:_identify(/home/roby/turtlebot3_ws/src/turtlebot3_simulations) by extension 'ignore'
[1.016s] Level 1:colcon.colcon_core.package_identification:_identify(/home/roby/turtlebot3_ws/src/turtlebot3_simulations) by extension 'ignore_ament_install'
[1.016s] Level 1:colcon.colcon_core.package_identification:_identify(/home/roby/turtlebot3_ws/src/turtlebot3_simulations) by extensions ['colcon_pkg']
[1.016s] Level 1:colcon.colcon_core.package_identification:_identify(/home/roby/turtlebot3_ws/src/turtlebot3_simulations) by extension 'colcon_pkg'
[1.016s] Level 1:colcon.colcon_core.package_identification:_identify(/home/roby/turtlebot3_ws/src/turtlebot3_simulations) by extensions ['colcon_meta']
[1.016s] Level 1:colcon.colcon_core.package_identification:_identify(/home/roby/turtlebot3_ws/src/turtlebot3_simulations) by extension 'colcon_meta'
[1.016s] Level 1:colcon.colcon_core.package_identification:_identify(/home/roby/turtlebot3_ws/src/turtlebot3_simulations) by extensions ['ros']
[1.016s] Level 1:colcon.colcon_core.package_identification:_identify(/home/roby/turtlebot3_ws/src/turtlebot3_simulations) by extension 'ros'
[1.017s] Level 1:colcon.colcon_core.package_identification:_identify(/home/roby/turtlebot3_ws/src/turtlebot3_simulations) by extensions ['cmake', 'python']
[1.017s] Level 1:colcon.colcon_core.package_identification:_identify(/home/roby/turtlebot3_ws/src/turtlebot3_simulations) by extension 'cmake'
[1.017s] Level 1:colcon.colcon_core.package_identification:_identify(/home/roby/turtlebot3_ws/src/turtlebot3_simulations) by extension 'python'
[1.017s] Level 1:colcon.colcon_core.package_identification:_identify(/home/roby/turtlebot3_ws/src/turtlebot3_simulations) by extensions ['python_setup_py']
[1.017s] Level 1:colcon.colcon_core.package_identification:_identify(/home/roby/turtlebot3_ws/src/turtlebot3_simulations) by extension 'python_setup_py'
[1.017s] Level 1:colcon.colcon_core.package_identification:_identify(/home/roby/turtlebot3_ws/src/turtlebot3_simulations/turtlebot3_fake_node) by extensions ['ignore', 'ignore_ament_install']
[1.017s] Level 1:colcon.colcon_core.package_identification:_identify(/home/roby/turtlebot3_ws/src/turtlebot3_simulations/turtlebot3_fake_node) by extension 'ignore'
[1.017s] Level 1:colcon.colcon_core.package_identification:_identify(/home/roby/turtlebot3_ws/src/turtlebot3_simulations/turtlebot3_fake_node) by extension 'ignore_ament_install'
[1.017s] Level 1:colcon.colcon_core.package_identification:_identify(/home/roby/turtlebot3_ws/src/turtlebot3_simulations/turtlebot3_fake_node) by extensions ['colcon_pkg']
[1.017s] Level 1:colcon.colcon_core.package_identification:_identify(/home/roby/turtlebot3_ws/src/turtlebot3_simulations/turtlebot3_fake_node) by extension 'colcon_pkg'
[1.017s] Level 1:colcon.colcon_core.package_identification:_identify(/home/roby/turtlebot3_ws/src/turtlebot3_simulations/turtlebot3_fake_node) by extensions ['colcon_meta']
[1.017s] Level 1:colcon.colcon_core.package_identification:_identify(/home/roby/turtlebot3_ws/src/turtlebot3_simulations/turtlebot3_fake_node) by extension 'colcon_meta'
[1.018s] Level 1:colcon.colcon_core.package_identification:_identify(/home/roby/turtlebot3_ws/src/turtlebot3_simulations/turtlebot3_fake_node) by extensions ['ros']
[1.018s] Level 1:colcon.colcon_core.package_identification:_identify(/home/roby/turtlebot3_ws/src/turtlebot3_simulations/turtlebot3_fake_node) by extension 'ros'
[1.020s] DEBUG:colcon.colcon_core.package_identification:Package '/home/roby/turtlebot3_ws/src/turtlebot3_simulations/turtlebot3_fake_node' with type 'ros.ament_cmake' and name 'turtlebot3_fake_node'
[1.020s] Level 1:colcon.colcon_core.package_identification:_identify(/home/roby/turtlebot3_ws/src/turtlebot3_simulations/turtlebot3_gazebo) by extensions ['ignore', 'ignore_ament_install']
[1.020s] Level 1:colcon.colcon_core.package_identification:_identify(/home/roby/turtlebot3_ws/src/turtlebot3_simulations/turtlebot3_gazebo) by extension 'ignore'
[1.020s] Level 1:colcon.colcon_core.package_identification:_identify(/home/roby/turtlebot3_ws/src/turtlebot3_simulations/turtlebot3_gazebo) by extension 'ignore_ament_install'
[1.020s] Level 1:colcon.colcon_core.package_identification:_identify(/home/roby/turtlebot3_ws/src/turtlebot3_simulations/turtlebot3_gazebo) by extensions ['colcon_pkg']
[1.020s] Level 1:colcon.colcon_core.package_identification:_identify(/home/roby/turtlebot3_ws/src/turtlebot3_simulations/turtlebot3_gazebo) by extension 'colcon_pkg'
[1.021s] Level 1:colcon.colcon_core.package_identification:_identify(/home/roby/turtlebot3_ws/src/turtlebot3_simulations/turtlebot3_gazebo) by extensions ['colcon_meta']
[1.021s] Level 1:colcon.colcon_core.package_identification:_identify(/home/roby/turtlebot3_ws/src/turtlebot3_simulations/turtlebot3_gazebo) by extension 'colcon_meta'
[1.021s] Level 1:colcon.colcon_core.package_identification:_identify(/home/roby/turtlebot3_ws/src/turtlebot3_simulations/turtlebot3_gazebo) by extensions ['ros']
[1.021s] Level 1:colcon.colcon_core.package_identification:_identify(/home/roby/turtlebot3_ws/src/turtlebot3_simulations/turtlebot3_gazebo) by extension 'ros'
[1.023s] DEBUG:colcon.colcon_core.package_identification:Package '/home/roby/turtlebot3_ws/src/turtlebot3_simulations/turtlebot3_gazebo' with type 'ros.ament_cmake' and name 'turtlebot3_gazebo'
[1.023s] Level 1:colcon.colcon_core.package_identification:_identify(/home/roby/turtlebot3_ws/src/turtlebot3_simulations/turtlebot3_simulations) by extensions ['ignore', 'ignore_ament_install']
[1.023s] Level 1:colcon.colcon_core.package_identification:_identify(/home/roby/turtlebot3_ws/src/turtlebot3_simulations/turtlebot3_simulations) by extension 'ignore'
[1.023s] Level 1:colcon.colcon_core.package_identification:_identify(/home/roby/turtlebot3_ws/src/turtlebot3_simulations/turtlebot3_simulations) by extension 'ignore_ament_install'
[1.023s] Level 1:colcon.colcon_core.package_identification:_identify(/home/roby/turtlebot3_ws/src/turtlebot3_simulations/turtlebot3_simulations) by extensions ['colcon_pkg']
[1.024s] Level 1:colcon.colcon_core.package_identification:_identify(/home/roby/turtlebot3_ws/src/turtlebot3_simulations/turtlebot3_simulations) by extension 'colcon_pkg'
[1.024s] Level 1:colcon.colcon_core.package_identification:_identify(/home/roby/turtlebot3_ws/src/turtlebot3_simulations/turtlebot3_simulations) by extensions ['colcon_meta']
[1.024s] Level 1:colcon.colcon_core.package_identification:_identify(/home/roby/turtlebot3_ws/src/turtlebot3_simulations/turtlebot3_simulations) by extension 'colcon_meta'
[1.024s] Level 1:colcon.colcon_core.package_identification:_identify(/home/roby/turtlebot3_ws/src/turtlebot3_simulations/turtlebot3_simulations) by extensions ['ros']
[1.024s] Level 1:colcon.colcon_core.package_identification:_identify(/home/roby/turtlebot3_ws/src/turtlebot3_simulations/turtlebot3_simulations) by extension 'ros'
[1.025s] DEBUG:colcon.colcon_core.package_identification:Package '/home/roby/turtlebot3_ws/src/turtlebot3_simulations/turtlebot3_simulations' with type 'ros.ament_cmake' and name 'turtlebot3_simulations'
[1.025s] Level 1:colcon.colcon_core.package_discovery:discover_packages(recursive) using defaults
