[1.866s] Invoking command in '/home/roby/turtlebot3_ws/build/robot_controller': PYTHONPATH=/home/roby/turtlebot3_ws/build/robot_controller/prefix_override:/usr/lib/python3/dist-packages/colcon_core/task/python/colcon_distutils_commands:/home/roby/turtlebot3_ws/install/robot_controller/lib/python3.10/site-packages:${PYTHONPATH} /usr/bin/python3 -W ignore:setup.py install is deprecated setup.py develop --editable --build-directory /home/roby/turtlebot3_ws/build/robot_controller/build --no-deps symlink_data
[2.483s] running develop
[2.809s] running egg_info
[2.809s] creating robot_controller.egg-info
[2.809s] writing robot_controller.egg-info/PKG-INFO
[2.809s] writing dependency_links to robot_controller.egg-info/dependency_links.txt
[2.809s] writing entry points to robot_controller.egg-info/entry_points.txt
[2.809s] writing requirements to robot_controller.egg-info/requires.txt
[2.810s] writing top-level names to robot_controller.egg-info/top_level.txt
[2.810s] writing manifest file 'robot_controller.egg-info/SOURCES.txt'
[2.811s] reading manifest file 'robot_controller.egg-info/SOURCES.txt'
[2.812s] writing manifest file 'robot_controller.egg-info/SOURCES.txt'
[2.818s] running build_ext
[2.818s] Creating /home/roby/turtlebot3_ws/install/robot_controller/lib/python3.10/site-packages/robot-controller.egg-link (link to .)
[2.819s] 
[2.819s] Installed /home/roby/turtlebot3_ws/build/robot_controller
[2.819s] running symlink_data
[2.819s] creating /home/roby/turtlebot3_ws/install/robot_controller/share/ament_index
[2.819s] creating /home/roby/turtlebot3_ws/install/robot_controller/share/ament_index/resource_index
[2.819s] creating /home/roby/turtlebot3_ws/install/robot_controller/share/ament_index/resource_index/packages
[2.819s] symbolically linking /home/roby/turtlebot3_ws/build/robot_controller/resource/robot_controller -> /home/roby/turtlebot3_ws/install/robot_controller/share/ament_index/resource_index/packages
[2.819s] symbolically linking /home/roby/turtlebot3_ws/build/robot_controller/package.xml -> /home/roby/turtlebot3_ws/install/robot_controller/share/robot_controller
[2.849s] Invoked command in '/home/roby/turtlebot3_ws/build/robot_controller' returned '0': PYTHONPATH=/home/roby/turtlebot3_ws/build/robot_controller/prefix_override:/usr/lib/python3/dist-packages/colcon_core/task/python/colcon_distutils_commands:/home/roby/turtlebot3_ws/install/robot_controller/lib/python3.10/site-packages:${PYTHONPATH} /usr/bin/python3 -W ignore:setup.py install is deprecated setup.py develop --editable --build-directory /home/roby/turtlebot3_ws/build/robot_controller/build --no-deps symlink_data
