[2.841s] Invoking command in '/home/roby/turtlebot3_ws/src/build/robot_controller': PYTHONPATH=/home/roby/turtlebot3_ws/src/build/robot_controller/prefix_override:/usr/lib/python3/dist-packages/colcon_core/task/python/colcon_distutils_commands:/home/roby/turtlebot3_ws/src/install/robot_controller/lib/python3.10/site-packages:${PYTHONPATH} /usr/bin/python3 -W ignore:setup.py install is deprecated setup.py develop --editable --build-directory /home/roby/turtlebot3_ws/src/build/robot_controller/build --no-deps symlink_data
[3.896s] running develop
[4.413s] running egg_info
[4.415s] creating robot_controller.egg-info
[4.415s] writing robot_controller.egg-info/PKG-INFO
[4.415s] writing dependency_links to robot_controller.egg-info/dependency_links.txt
[4.415s] writing entry points to robot_controller.egg-info/entry_points.txt
[4.415s] writing requirements to robot_controller.egg-info/requires.txt
[4.415s] writing top-level names to robot_controller.egg-info/top_level.txt
[4.415s] writing manifest file 'robot_controller.egg-info/SOURCES.txt'
[4.418s] reading manifest file 'robot_controller.egg-info/SOURCES.txt'
[4.424s] writing manifest file 'robot_controller.egg-info/SOURCES.txt'
[4.431s] running build_ext
[4.434s] Creating /home/roby/turtlebot3_ws/src/install/robot_controller/lib/python3.10/site-packages/robot-controller.egg-link (link to .)
[4.435s] Installing test script to /home/roby/turtlebot3_ws/src/install/robot_controller/lib/robot_controller
[4.436s] 
[4.436s] Installed /home/roby/turtlebot3_ws/src/build/robot_controller
[4.436s] running symlink_data
[4.436s] creating /home/roby/turtlebot3_ws/src/install/robot_controller/share/ament_index
[4.436s] creating /home/roby/turtlebot3_ws/src/install/robot_controller/share/ament_index/resource_index
[4.436s] creating /home/roby/turtlebot3_ws/src/install/robot_controller/share/ament_index/resource_index/packages
[4.442s] symbolically linking /home/roby/turtlebot3_ws/src/build/robot_controller/resource/robot_controller -> /home/roby/turtlebot3_ws/src/install/robot_controller/share/ament_index/resource_index/packages
[4.442s] symbolically linking /home/roby/turtlebot3_ws/src/build/robot_controller/package.xml -> /home/roby/turtlebot3_ws/src/install/robot_controller/share/robot_controller
[4.479s] Invoked command in '/home/roby/turtlebot3_ws/src/build/robot_controller' returned '0': PYTHONPATH=/home/roby/turtlebot3_ws/src/build/robot_controller/prefix_override:/usr/lib/python3/dist-packages/colcon_core/task/python/colcon_distutils_commands:/home/roby/turtlebot3_ws/src/install/robot_controller/lib/python3.10/site-packages:${PYTHONPATH} /usr/bin/python3 -W ignore:setup.py install is deprecated setup.py develop --editable --build-directory /home/roby/turtlebot3_ws/src/build/robot_controller/build --no-deps symlink_data
