[0.141s] Invoking command in '/home/roby/turtlebot3_ws/src/build/turtlebot3_gazebo': CMAKE_PREFIX_PATH=${CMAKE_PREFIX_PATH}:/home/roby/turtlebot3_ws/install/robot_controller:/home/roby/turtlebot3_ws/install/ball_detection:/home/roby/ws/install/my_robot_controller:/home/roby/ros2_humble/install/rqt_bag_plugins:/home/roby/ros2_humble/install/rqt_bag:/home/roby/ros2_humble/install/launch_testing_examples:/home/roby/ros2_humble/install/ros2bag:/home/roby/ros2_humble/install/tracetools_test:/home/roby/ros2_humble/install/tracetools_launch:/home/roby/ros2_humble/install/topic_monitor:/home/roby/ros2_humble/install/tf2_tools:/home/roby/ros2_humble/install/examples_tf2_py:/home/roby/ros2_humble/install/tf2_ros_py:/home/roby/ros2_humble/install/sros2:/home/roby/ros2_humble/install/rqt_topic:/home/roby/ros2_humble/install/rqt_srv:/home/roby/ros2_humble/install/rqt_shell:/home/roby/ros2_humble/install/rqt_service_caller:/home/roby/ros2_humble/install/rqt_reconfigure:/home/roby/ros2_humble/install/rqt_py_console:/home/roby/ros2_humble/install/rqt_publisher:/home/roby/ros2_humble/install/rqt_plot:/home/roby/ros2_humble/install/rqt_action:/home/roby/ros2_humble/install/rqt_msg:/home/roby/ros2_humble/install/rqt_console:/home/roby/ros2_humble/install/rqt:/home/roby/ros2_humble/install/rqt_graph:/home/roby/ros2_humble/install/rqt_gui_py:/home/roby/ros2_humble/install/rqt_gui:/home/roby/ros2_humble/install/ros2trace:/home/roby/ros2_humble/install/ros2topic:/home/roby/ros2_humble/install/ros2test:/home/roby/ros2_humble/install/ros2component:/home/roby/ros2_humble/install/ros2param:/home/roby/ros2_humble/install/ros2lifecycle:/home/roby/ros2_humble/install/ros2service:/home/roby/ros2_humble/install/ros2run:/home/roby/ros2_humble/install/ros2launch:/home/roby/ros2_humble/install/ros2pkg:/home/roby/ros2_humble/install/ros2node:/home/roby/ros2_humble/install/ros2multicast:/home/roby/ros2_humble/install/ros2interface:/home/roby/ros2_humble/install/ros2doctor:/home/roby/ros2_humble/install/ros2action:/home/roby/ros2_humble/install/ros2cli:/home/roby/ros2_humble/install/quality_of_service_demo_py:/home/roby/ros2_humble/install/lifecycle_py:/home/roby/ros2_humble/install/launch_testing_ros:/home/roby/ros2_humble/install/launch_ros:/home/roby/ros2_humble/install/examples_rclpy_pointcloud_publisher:/home/roby/ros2_humble/install/examples_rclpy_minimal_subscriber:/home/roby/ros2_humble/install/examples_rclpy_minimal_service:/home/roby/ros2_humble/install/examples_rclpy_minimal_publisher:/home/roby/ros2_humble/install/examples_rclpy_minimal_client:/home/roby/ros2_humble/install/examples_rclpy_minimal_action_server:/home/roby/ros2_humble/install/examples_rclpy_minimal_action_client:/home/roby/ros2_humble/install/examples_rclpy_guard_conditions:/home/roby/ros2_humble/install/examples_rclpy_executors:/home/roby/ros2_humble/install/demo_nodes_py:/home/roby/ros2_humble/install/action_tutorials_py:/home/roby/ros2_humble/install/ament_uncrustify:/home/roby/ros2_humble/install/tracetools_trace:/home/roby/ros2_humble/install/tracetools_read:/home/roby/ros2_humble/install/test_tracetools_launch:/home/roby/ros2_humble/install/test_launch_ros:/home/roby/ros2_humble/install/sensor_msgs_py:/home/roby/ros2_humble/install/rpyutils:/home/roby/ros2_humble/install/rosidl_runtime_py:/home/roby/ros2_humble/install/rosidl_cli:/home/roby/ros2_humble/install/launch_pytest:/home/roby/ros2_humble/install/launch_testing:/home/roby/ros2_humble/install/launch_yaml:/home/roby/ros2_humble/install/launch_xml:/home/roby/ros2_humble/install/launch:/home/roby/ros2_humble/install/osrf_pycommon:/home/roby/ros2_humble/install/domain_coordinator:/home/roby/ros2_humble/install/ament_xmllint:/home/roby/ros2_humble/install/ament_pyflakes:/home/roby/ros2_humble/install/ament_pycodestyle:/home/roby/ros2_humble/install/ament_pep257:/home/roby/ros2_humble/install/ament_pclint:/home/roby/ros2_humble/install/ament_package:/home/roby/ros2_humble/install/ament_mypy:/home/roby/ros2_humble/install/ament_lint_cmake:/home/roby/ros2_humble/install/ament_flake8:/home/roby/ros2_humble/install/ament_copyright:/home/roby/ros2_humble/install/ament_lint:/home/roby/ros2_humble/install/ament_index_python:/home/roby/ros2_humble/install/ament_cpplint:/home/roby/ros2_humble/install/ament_cppcheck:/home/roby/ros2_humble/install/ament_clang_tidy:/home/roby/ros2_humble/install/ament_clang_format:/opt/ros/humble /usr/bin/cmake /home/roby/turtlebot3_ws/src/turtlebot3_simulations/turtlebot3_gazebo -DAMENT_CMAKE_SYMLINK_INSTALL=1 -DCMAKE_INSTALL_PREFIX=/home/roby/turtlebot3_ws/src/install/turtlebot3_gazebo
[0.990s] -- The C compiler identification is GNU 11.4.0
[0.991s] -- The CXX compiler identification is GNU 11.4.0
[0.991s] -- Detecting C compiler ABI info
[0.991s] -- Detecting C compiler ABI info - done
[0.991s] -- Check for working C compiler: /usr/bin/cc - skipped
[0.991s] -- Detecting C compile features
[0.991s] -- Detecting C compile features - done
[0.991s] -- Detecting CXX compiler ABI info
[0.991s] -- Detecting CXX compiler ABI info - done
[0.991s] -- Check for working CXX compiler: /usr/bin/c++ - skipped
[0.992s] -- Detecting CXX compile features
[0.992s] -- Detecting CXX compile features - done
[0.992s] -- Found ament_cmake: 1.3.10 (/home/roby/ros2_humble/install/ament_cmake/share/ament_cmake/cmake)
[1.863s] -- Found Python3: /usr/bin/python3 (found version "3.10.12") found components: Interpreter 
[2.204s] -- Override CMake install command with custom implementation using symlinks instead of copying resources
[2.851s] [33mCMake Warning (dev) at /usr/share/cmake-3.22/Modules/FindPackageHandleStandardArgs.cmake:438 (message):
[2.851s]   The package name passed to `find_package_handle_standard_args` (PkgConfig)
[2.851s]   does not match the name of the calling package (gazebo).  This can lead to
[2.851s]   problems in calling code that expects `find_package` result variables
[2.851s]   (e.g., `_FOUND`) to follow a certain pattern.
[2.851s] Call Stack (most recent call first):
[2.851s]   /usr/share/cmake-3.22/Modules/FindPkgConfig.cmake:99 (find_package_handle_standard_args)
[2.851s]   /usr/lib/x86_64-linux-gnu/cmake/gazebo/gazebo-config.cmake:72 (include)
[2.851s]   CMakeLists.txt:23 (find_package)
[2.851s] This warning is for project developers.  Use -Wno-dev to suppress it.
[2.851s] [0m
[2.852s] -- Found PkgConfig: /usr/bin/pkg-config (found version "0.29.2") 
[2.858s] -- Checking for module 'bullet>=2.82'
[2.939s] --   Found bullet, version 3.05
[3.652s] -- Found fcl: /usr/include (found suitable version "0.7.0", minimum required is "0.5.0") 
[3.899s] -- Found assimp: /usr/include (found version "5.2.0") 
[4.228s] -- Found DART: /usr/include (Required is at least version "6.6") found components: dart 
[5.102s] -- Found Boost: /usr/lib/x86_64-linux-gnu/cmake/Boost-1.74.0/BoostConfig.cmake (found suitable version "1.74.0", minimum required is "1.40.0") found components: thread system filesystem program_options regex iostreams date_time 
[5.199s] -- Found Protobuf: /usr/lib/x86_64-linux-gnu/libprotobuf.so (found version "3.12.4") 
[5.326s] -- Looking for ignition-math6 -- found version 6.15.1
[5.394s] -- Searching for dependencies of ignition-math6
[5.397s] -- Looking for OGRE...
[5.397s] -- OGRE_PREFIX_WATCH changed.
[5.410s] -- Checking for module 'OGRE'
[5.487s] --   Found OGRE, version 1.9.0
[5.628s] -- Found Ogre Ghadamon (1.9.0)
[5.723s] -- Found OGRE: optimized;/usr/lib/x86_64-linux-gnu/libOgreMain.so;debug;/usr/lib/x86_64-linux-gnu/libOgreMain.so
[5.739s] -- Looking for OGRE_Paging...
[5.816s] -- Found OGRE_Paging: optimized;/usr/lib/x86_64-linux-gnu/libOgrePaging.so;debug;/usr/lib/x86_64-linux-gnu/libOgrePaging.so
[5.816s] -- Looking for OGRE_Terrain...
[5.889s] -- Found OGRE_Terrain: optimized;/usr/lib/x86_64-linux-gnu/libOgreTerrain.so;debug;/usr/lib/x86_64-linux-gnu/libOgreTerrain.so
[5.890s] -- Looking for OGRE_Property...
[5.962s] -- Found OGRE_Property: optimized;/usr/lib/x86_64-linux-gnu/libOgreProperty.so;debug;/usr/lib/x86_64-linux-gnu/libOgreProperty.so
[5.962s] -- Looking for OGRE_RTShaderSystem...
[6.048s] -- Found OGRE_RTShaderSystem: optimized;/usr/lib/x86_64-linux-gnu/libOgreRTShaderSystem.so;debug;/usr/lib/x86_64-linux-gnu/libOgreRTShaderSystem.so
[6.049s] -- Looking for OGRE_Volume...
[6.121s] -- Found OGRE_Volume: optimized;/usr/lib/x86_64-linux-gnu/libOgreVolume.so;debug;/usr/lib/x86_64-linux-gnu/libOgreVolume.so
[6.121s] -- Looking for OGRE_Overlay...
[6.190s] -- Found OGRE_Overlay: optimized;/usr/lib/x86_64-linux-gnu/libOgreOverlay.so;debug;/usr/lib/x86_64-linux-gnu/libOgreOverlay.so
[8.070s] -- Looking for ignition-math6 -- found version 6.15.1
[8.117s] -- Looking for ignition-transport8 -- found version 8.2.1
[8.117s] -- Searching for dependencies of ignition-transport8
[8.192s] -- Found Protobuf: /usr/lib/x86_64-linux-gnu/libprotobuf.so (found suitable version "3.12.4", minimum required is "3") 
[8.263s] -- Config-file not installed for ZeroMQ -- checking for pkg-config
[8.273s] -- Checking for module 'libzmq >= 4'
[8.341s] --   Found libzmq , version 4.3.4
[8.474s] -- Found ZeroMQ: TRUE (Required is at least version "4") 
[8.495s] -- Checking for module 'uuid'
[8.556s] --   Found uuid, version 2.37.2
[8.679s] -- Found UUID: TRUE  
[8.729s] -- Looking for ignition-msgs5 -- found version 5.8.1
[8.730s] -- Searching for dependencies of ignition-msgs5
[8.801s] -- Looking for ignition-math6 -- found version 6.15.1
[8.812s] -- Checking for module 'tinyxml2'
[8.879s] --   Found tinyxml2, version 9.0.0
[8.994s] -- Looking for ignition-msgs5 -- found version 5.8.1
[9.052s] -- Looking for ignition-common3 -- found version 3.14.0
[9.052s] -- Searching for dependencies of ignition-common3
[9.057s] -- Looking for dlfcn.h - found
[9.061s] -- Looking for libdl - found
[9.063s] -- Found DL: TRUE  
[9.147s] -- Found tinyobjloader: /usr/lib/x86_64-linux-gnu/cmake/tinyobjloader/tinyobjloader-config.cmake (found version "2.0.0") 
[9.147s] -- Searching for <ignition-common3> component [graphics]
[9.203s] -- Looking for ignition-common3-graphics -- found version 3.14.0
[9.204s] -- Searching for dependencies of ignition-common3-graphics
[9.204s] -- Looking for ignition-math6 -- found version 6.15.1
[9.253s] -- Looking for ignition-fuel_tools4 -- found version 4.4.0
[9.253s] -- Searching for dependencies of ignition-fuel_tools4
[9.601s] -- Found CURL: /usr/lib/x86_64-linux-gnu/libcurl.so (found version "7.81.0")  
[9.662s] -- Checking for module 'jsoncpp'
[9.726s] --   Found jsoncpp, version 1.9.5
[9.843s] -- Found JSONCPP: TRUE  
[9.883s] -- Checking for module 'libzip'
[9.957s] --   Found libzip, version 1.7.3
[10.073s] -- Found ZIP: TRUE  
[10.073s] -- Looking for ignition-common3 -- found version 3.14.0
[10.074s] -- Looking for ignition-math6 -- found version 6.15.1
[10.074s] -- Looking for ignition-msgs5 -- found version 5.8.1
[10.174s] -- Found gazebo_ros_pkgs: 3.7.0 (/opt/ros/humble/share/gazebo_ros_pkgs/cmake)
[10.191s] -- Found geometry_msgs: 4.2.4 (/home/roby/ros2_humble/install/geometry_msgs/share/geometry_msgs/cmake)
[10.464s] -- Found rosidl_generator_c: 3.1.5 (/home/roby/ros2_humble/install/rosidl_generator_c/share/rosidl_generator_c/cmake)
[10.516s] -- Found rosidl_adapter: 3.1.5 (/home/roby/ros2_humble/install/rosidl_adapter/share/rosidl_adapter/cmake)
[10.563s] -- Found rosidl_generator_cpp: 3.1.5 (/home/roby/ros2_humble/install/rosidl_generator_cpp/share/rosidl_generator_cpp/cmake)
[10.651s] -- Using all available rosidl_typesupport_c: rosidl_typesupport_introspection_c;rosidl_typesupport_fastrtps_c
[10.781s] -- Using all available rosidl_typesupport_cpp: rosidl_typesupport_introspection_cpp;rosidl_typesupport_fastrtps_cpp
[10.919s] -- Found nav_msgs: 4.2.4 (/home/roby/ros2_humble/install/nav_msgs/share/nav_msgs/cmake)
[10.948s] -- Found rclcpp: 16.0.10 (/home/roby/ros2_humble/install/rclcpp/share/rclcpp/cmake)
[11.169s] -- Found rmw_implementation_cmake: 6.1.2 (/home/roby/ros2_humble/install/rmw_implementation_cmake/share/rmw_implementation_cmake/cmake)
[11.214s] -- Found rmw_fastrtps_cpp: 6.2.7 (/home/roby/ros2_humble/install/rmw_fastrtps_cpp/share/rmw_fastrtps_cpp/cmake)
[11.634s] -- Found OpenSSL: /usr/lib/x86_64-linux-gnu/libcrypto.so (found version "3.0.2")  
[11.738s] -- Found FastRTPS: /home/roby/ros2_humble/install/fastrtps/include  
[11.940s] -- Using RMW implementation 'rmw_fastrtps_cpp' as default
[12.025s] -- Found Threads: TRUE  
[12.169s] -- Found sensor_msgs: 4.2.4 (/home/roby/ros2_humble/install/sensor_msgs/share/sensor_msgs/cmake)
[12.209s] -- Found tf2: 0.25.8 (/home/roby/ros2_humble/install/tf2/share/tf2/cmake)
[12.608s] -- Configuring done
[12.676s] -- Generating done
[12.678s] -- Build files have been written to: /home/roby/turtlebot3_ws/src/build/turtlebot3_gazebo
[12.693s] Invoked command in '/home/roby/turtlebot3_ws/src/build/turtlebot3_gazebo' returned '0': CMAKE_PREFIX_PATH=${CMAKE_PREFIX_PATH}:/home/roby/turtlebot3_ws/install/robot_controller:/home/roby/turtlebot3_ws/install/ball_detection:/home/roby/ws/install/my_robot_controller:/home/roby/ros2_humble/install/rqt_bag_plugins:/home/roby/ros2_humble/install/rqt_bag:/home/roby/ros2_humble/install/launch_testing_examples:/home/roby/ros2_humble/install/ros2bag:/home/roby/ros2_humble/install/tracetools_test:/home/roby/ros2_humble/install/tracetools_launch:/home/roby/ros2_humble/install/topic_monitor:/home/roby/ros2_humble/install/tf2_tools:/home/roby/ros2_humble/install/examples_tf2_py:/home/roby/ros2_humble/install/tf2_ros_py:/home/roby/ros2_humble/install/sros2:/home/roby/ros2_humble/install/rqt_topic:/home/roby/ros2_humble/install/rqt_srv:/home/roby/ros2_humble/install/rqt_shell:/home/roby/ros2_humble/install/rqt_service_caller:/home/roby/ros2_humble/install/rqt_reconfigure:/home/roby/ros2_humble/install/rqt_py_console:/home/roby/ros2_humble/install/rqt_publisher:/home/roby/ros2_humble/install/rqt_plot:/home/roby/ros2_humble/install/rqt_action:/home/roby/ros2_humble/install/rqt_msg:/home/roby/ros2_humble/install/rqt_console:/home/roby/ros2_humble/install/rqt:/home/roby/ros2_humble/install/rqt_graph:/home/roby/ros2_humble/install/rqt_gui_py:/home/roby/ros2_humble/install/rqt_gui:/home/roby/ros2_humble/install/ros2trace:/home/roby/ros2_humble/install/ros2topic:/home/roby/ros2_humble/install/ros2test:/home/roby/ros2_humble/install/ros2component:/home/roby/ros2_humble/install/ros2param:/home/roby/ros2_humble/install/ros2lifecycle:/home/roby/ros2_humble/install/ros2service:/home/roby/ros2_humble/install/ros2run:/home/roby/ros2_humble/install/ros2launch:/home/roby/ros2_humble/install/ros2pkg:/home/roby/ros2_humble/install/ros2node:/home/roby/ros2_humble/install/ros2multicast:/home/roby/ros2_humble/install/ros2interface:/home/roby/ros2_humble/install/ros2doctor:/home/roby/ros2_humble/install/ros2action:/home/roby/ros2_humble/install/ros2cli:/home/roby/ros2_humble/install/quality_of_service_demo_py:/home/roby/ros2_humble/install/lifecycle_py:/home/roby/ros2_humble/install/launch_testing_ros:/home/roby/ros2_humble/install/launch_ros:/home/roby/ros2_humble/install/examples_rclpy_pointcloud_publisher:/home/roby/ros2_humble/install/examples_rclpy_minimal_subscriber:/home/roby/ros2_humble/install/examples_rclpy_minimal_service:/home/roby/ros2_humble/install/examples_rclpy_minimal_publisher:/home/roby/ros2_humble/install/examples_rclpy_minimal_client:/home/roby/ros2_humble/install/examples_rclpy_minimal_action_server:/home/roby/ros2_humble/install/examples_rclpy_minimal_action_client:/home/roby/ros2_humble/install/examples_rclpy_guard_conditions:/home/roby/ros2_humble/install/examples_rclpy_executors:/home/roby/ros2_humble/install/demo_nodes_py:/home/roby/ros2_humble/install/action_tutorials_py:/home/roby/ros2_humble/install/ament_uncrustify:/home/roby/ros2_humble/install/tracetools_trace:/home/roby/ros2_humble/install/tracetools_read:/home/roby/ros2_humble/install/test_tracetools_launch:/home/roby/ros2_humble/install/test_launch_ros:/home/roby/ros2_humble/install/sensor_msgs_py:/home/roby/ros2_humble/install/rpyutils:/home/roby/ros2_humble/install/rosidl_runtime_py:/home/roby/ros2_humble/install/rosidl_cli:/home/roby/ros2_humble/install/launch_pytest:/home/roby/ros2_humble/install/launch_testing:/home/roby/ros2_humble/install/launch_yaml:/home/roby/ros2_humble/install/launch_xml:/home/roby/ros2_humble/install/launch:/home/roby/ros2_humble/install/osrf_pycommon:/home/roby/ros2_humble/install/domain_coordinator:/home/roby/ros2_humble/install/ament_xmllint:/home/roby/ros2_humble/install/ament_pyflakes:/home/roby/ros2_humble/install/ament_pycodestyle:/home/roby/ros2_humble/install/ament_pep257:/home/roby/ros2_humble/install/ament_pclint:/home/roby/ros2_humble/install/ament_package:/home/roby/ros2_humble/install/ament_mypy:/home/roby/ros2_humble/install/ament_lint_cmake:/home/roby/ros2_humble/install/ament_flake8:/home/roby/ros2_humble/install/ament_copyright:/home/roby/ros2_humble/install/ament_lint:/home/roby/ros2_humble/install/ament_index_python:/home/roby/ros2_humble/install/ament_cpplint:/home/roby/ros2_humble/install/ament_cppcheck:/home/roby/ros2_humble/install/ament_clang_tidy:/home/roby/ros2_humble/install/ament_clang_format:/opt/ros/humble /usr/bin/cmake /home/roby/turtlebot3_ws/src/turtlebot3_simulations/turtlebot3_gazebo -DAMENT_CMAKE_SYMLINK_INSTALL=1 -DCMAKE_INSTALL_PREFIX=/home/roby/turtlebot3_ws/src/install/turtlebot3_gazebo
[12.696s] Invoking command in '/home/roby/turtlebot3_ws/src/build/turtlebot3_gazebo': CMAKE_PREFIX_PATH=${CMAKE_PREFIX_PATH}:/home/roby/turtlebot3_ws/install/robot_controller:/home/roby/turtlebot3_ws/install/ball_detection:/home/roby/ws/install/my_robot_controller:/home/roby/ros2_humble/install/rqt_bag_plugins:/home/roby/ros2_humble/install/rqt_bag:/home/roby/ros2_humble/install/launch_testing_examples:/home/roby/ros2_humble/install/ros2bag:/home/roby/ros2_humble/install/tracetools_test:/home/roby/ros2_humble/install/tracetools_launch:/home/roby/ros2_humble/install/topic_monitor:/home/roby/ros2_humble/install/tf2_tools:/home/roby/ros2_humble/install/examples_tf2_py:/home/roby/ros2_humble/install/tf2_ros_py:/home/roby/ros2_humble/install/sros2:/home/roby/ros2_humble/install/rqt_topic:/home/roby/ros2_humble/install/rqt_srv:/home/roby/ros2_humble/install/rqt_shell:/home/roby/ros2_humble/install/rqt_service_caller:/home/roby/ros2_humble/install/rqt_reconfigure:/home/roby/ros2_humble/install/rqt_py_console:/home/roby/ros2_humble/install/rqt_publisher:/home/roby/ros2_humble/install/rqt_plot:/home/roby/ros2_humble/install/rqt_action:/home/roby/ros2_humble/install/rqt_msg:/home/roby/ros2_humble/install/rqt_console:/home/roby/ros2_humble/install/rqt:/home/roby/ros2_humble/install/rqt_graph:/home/roby/ros2_humble/install/rqt_gui_py:/home/roby/ros2_humble/install/rqt_gui:/home/roby/ros2_humble/install/ros2trace:/home/roby/ros2_humble/install/ros2topic:/home/roby/ros2_humble/install/ros2test:/home/roby/ros2_humble/install/ros2component:/home/roby/ros2_humble/install/ros2param:/home/roby/ros2_humble/install/ros2lifecycle:/home/roby/ros2_humble/install/ros2service:/home/roby/ros2_humble/install/ros2run:/home/roby/ros2_humble/install/ros2launch:/home/roby/ros2_humble/install/ros2pkg:/home/roby/ros2_humble/install/ros2node:/home/roby/ros2_humble/install/ros2multicast:/home/roby/ros2_humble/install/ros2interface:/home/roby/ros2_humble/install/ros2doctor:/home/roby/ros2_humble/install/ros2action:/home/roby/ros2_humble/install/ros2cli:/home/roby/ros2_humble/install/quality_of_service_demo_py:/home/roby/ros2_humble/install/lifecycle_py:/home/roby/ros2_humble/install/launch_testing_ros:/home/roby/ros2_humble/install/launch_ros:/home/roby/ros2_humble/install/examples_rclpy_pointcloud_publisher:/home/roby/ros2_humble/install/examples_rclpy_minimal_subscriber:/home/roby/ros2_humble/install/examples_rclpy_minimal_service:/home/roby/ros2_humble/install/examples_rclpy_minimal_publisher:/home/roby/ros2_humble/install/examples_rclpy_minimal_client:/home/roby/ros2_humble/install/examples_rclpy_minimal_action_server:/home/roby/ros2_humble/install/examples_rclpy_minimal_action_client:/home/roby/ros2_humble/install/examples_rclpy_guard_conditions:/home/roby/ros2_humble/install/examples_rclpy_executors:/home/roby/ros2_humble/install/demo_nodes_py:/home/roby/ros2_humble/install/action_tutorials_py:/home/roby/ros2_humble/install/ament_uncrustify:/home/roby/ros2_humble/install/tracetools_trace:/home/roby/ros2_humble/install/tracetools_read:/home/roby/ros2_humble/install/test_tracetools_launch:/home/roby/ros2_humble/install/test_launch_ros:/home/roby/ros2_humble/install/sensor_msgs_py:/home/roby/ros2_humble/install/rpyutils:/home/roby/ros2_humble/install/rosidl_runtime_py:/home/roby/ros2_humble/install/rosidl_cli:/home/roby/ros2_humble/install/launch_pytest:/home/roby/ros2_humble/install/launch_testing:/home/roby/ros2_humble/install/launch_yaml:/home/roby/ros2_humble/install/launch_xml:/home/roby/ros2_humble/install/launch:/home/roby/ros2_humble/install/osrf_pycommon:/home/roby/ros2_humble/install/domain_coordinator:/home/roby/ros2_humble/install/ament_xmllint:/home/roby/ros2_humble/install/ament_pyflakes:/home/roby/ros2_humble/install/ament_pycodestyle:/home/roby/ros2_humble/install/ament_pep257:/home/roby/ros2_humble/install/ament_pclint:/home/roby/ros2_humble/install/ament_package:/home/roby/ros2_humble/install/ament_mypy:/home/roby/ros2_humble/install/ament_lint_cmake:/home/roby/ros2_humble/install/ament_flake8:/home/roby/ros2_humble/install/ament_copyright:/home/roby/ros2_humble/install/ament_lint:/home/roby/ros2_humble/install/ament_index_python:/home/roby/ros2_humble/install/ament_cpplint:/home/roby/ros2_humble/install/ament_cppcheck:/home/roby/ros2_humble/install/ament_clang_tidy:/home/roby/ros2_humble/install/ament_clang_format:/opt/ros/humble /usr/bin/cmake --build /home/roby/turtlebot3_ws/src/build/turtlebot3_gazebo -- -j8 -l8
[12.874s] [ 12%] [32mBuilding CXX object CMakeFiles/turtlebot3_drive.dir/src/turtlebot3_drive.cpp.o[0m
[12.881s] [ 25%] [32mBuilding CXX object CMakeFiles/obstacle2.dir/models/turtlebot3_dqn_world/obstacle_plugin/obstacle2.cc.o[0m
[12.881s] [ 37%] [32mBuilding CXX object CMakeFiles/obstacles.dir/models/turtlebot3_dqn_world/obstacle_plugin/obstacles.cc.o[0m
[12.881s] [ 50%] [32mBuilding CXX object CMakeFiles/obstacle1.dir/models/turtlebot3_dqn_world/obstacle_plugin/obstacle1.cc.o[0m
[27.491s] [ 62%] [32m[1mLinking CXX shared library libobstacle2.so[0m
[27.865s] [ 62%] Built target obstacle2
[27.968s] [ 75%] [32m[1mLinking CXX shared library libobstacles.so[0m
[28.333s] [ 87%] [32m[1mLinking CXX shared library libobstacle1.so[0m
[28.334s] [ 87%] Built target obstacles
[28.410s] [100%] [32m[1mLinking CXX executable turtlebot3_drive[0m
[28.659s] [100%] Built target obstacle1
[29.491s] [100%] Built target turtlebot3_drive
[29.518s] Invoked command in '/home/roby/turtlebot3_ws/src/build/turtlebot3_gazebo' returned '0': CMAKE_PREFIX_PATH=${CMAKE_PREFIX_PATH}:/home/roby/turtlebot3_ws/install/robot_controller:/home/roby/turtlebot3_ws/install/ball_detection:/home/roby/ws/install/my_robot_controller:/home/roby/ros2_humble/install/rqt_bag_plugins:/home/roby/ros2_humble/install/rqt_bag:/home/roby/ros2_humble/install/launch_testing_examples:/home/roby/ros2_humble/install/ros2bag:/home/roby/ros2_humble/install/tracetools_test:/home/roby/ros2_humble/install/tracetools_launch:/home/roby/ros2_humble/install/topic_monitor:/home/roby/ros2_humble/install/tf2_tools:/home/roby/ros2_humble/install/examples_tf2_py:/home/roby/ros2_humble/install/tf2_ros_py:/home/roby/ros2_humble/install/sros2:/home/roby/ros2_humble/install/rqt_topic:/home/roby/ros2_humble/install/rqt_srv:/home/roby/ros2_humble/install/rqt_shell:/home/roby/ros2_humble/install/rqt_service_caller:/home/roby/ros2_humble/install/rqt_reconfigure:/home/roby/ros2_humble/install/rqt_py_console:/home/roby/ros2_humble/install/rqt_publisher:/home/roby/ros2_humble/install/rqt_plot:/home/roby/ros2_humble/install/rqt_action:/home/roby/ros2_humble/install/rqt_msg:/home/roby/ros2_humble/install/rqt_console:/home/roby/ros2_humble/install/rqt:/home/roby/ros2_humble/install/rqt_graph:/home/roby/ros2_humble/install/rqt_gui_py:/home/roby/ros2_humble/install/rqt_gui:/home/roby/ros2_humble/install/ros2trace:/home/roby/ros2_humble/install/ros2topic:/home/roby/ros2_humble/install/ros2test:/home/roby/ros2_humble/install/ros2component:/home/roby/ros2_humble/install/ros2param:/home/roby/ros2_humble/install/ros2lifecycle:/home/roby/ros2_humble/install/ros2service:/home/roby/ros2_humble/install/ros2run:/home/roby/ros2_humble/install/ros2launch:/home/roby/ros2_humble/install/ros2pkg:/home/roby/ros2_humble/install/ros2node:/home/roby/ros2_humble/install/ros2multicast:/home/roby/ros2_humble/install/ros2interface:/home/roby/ros2_humble/install/ros2doctor:/home/roby/ros2_humble/install/ros2action:/home/roby/ros2_humble/install/ros2cli:/home/roby/ros2_humble/install/quality_of_service_demo_py:/home/roby/ros2_humble/install/lifecycle_py:/home/roby/ros2_humble/install/launch_testing_ros:/home/roby/ros2_humble/install/launch_ros:/home/roby/ros2_humble/install/examples_rclpy_pointcloud_publisher:/home/roby/ros2_humble/install/examples_rclpy_minimal_subscriber:/home/roby/ros2_humble/install/examples_rclpy_minimal_service:/home/roby/ros2_humble/install/examples_rclpy_minimal_publisher:/home/roby/ros2_humble/install/examples_rclpy_minimal_client:/home/roby/ros2_humble/install/examples_rclpy_minimal_action_server:/home/roby/ros2_humble/install/examples_rclpy_minimal_action_client:/home/roby/ros2_humble/install/examples_rclpy_guard_conditions:/home/roby/ros2_humble/install/examples_rclpy_executors:/home/roby/ros2_humble/install/demo_nodes_py:/home/roby/ros2_humble/install/action_tutorials_py:/home/roby/ros2_humble/install/ament_uncrustify:/home/roby/ros2_humble/install/tracetools_trace:/home/roby/ros2_humble/install/tracetools_read:/home/roby/ros2_humble/install/test_tracetools_launch:/home/roby/ros2_humble/install/test_launch_ros:/home/roby/ros2_humble/install/sensor_msgs_py:/home/roby/ros2_humble/install/rpyutils:/home/roby/ros2_humble/install/rosidl_runtime_py:/home/roby/ros2_humble/install/rosidl_cli:/home/roby/ros2_humble/install/launch_pytest:/home/roby/ros2_humble/install/launch_testing:/home/roby/ros2_humble/install/launch_yaml:/home/roby/ros2_humble/install/launch_xml:/home/roby/ros2_humble/install/launch:/home/roby/ros2_humble/install/osrf_pycommon:/home/roby/ros2_humble/install/domain_coordinator:/home/roby/ros2_humble/install/ament_xmllint:/home/roby/ros2_humble/install/ament_pyflakes:/home/roby/ros2_humble/install/ament_pycodestyle:/home/roby/ros2_humble/install/ament_pep257:/home/roby/ros2_humble/install/ament_pclint:/home/roby/ros2_humble/install/ament_package:/home/roby/ros2_humble/install/ament_mypy:/home/roby/ros2_humble/install/ament_lint_cmake:/home/roby/ros2_humble/install/ament_flake8:/home/roby/ros2_humble/install/ament_copyright:/home/roby/ros2_humble/install/ament_lint:/home/roby/ros2_humble/install/ament_index_python:/home/roby/ros2_humble/install/ament_cpplint:/home/roby/ros2_humble/install/ament_cppcheck:/home/roby/ros2_humble/install/ament_clang_tidy:/home/roby/ros2_humble/install/ament_clang_format:/opt/ros/humble /usr/bin/cmake --build /home/roby/turtlebot3_ws/src/build/turtlebot3_gazebo -- -j8 -l8
[29.698s] Invoking command in '/home/roby/turtlebot3_ws/src/build/turtlebot3_gazebo': CMAKE_PREFIX_PATH=${CMAKE_PREFIX_PATH}:/home/roby/turtlebot3_ws/install/robot_controller:/home/roby/turtlebot3_ws/install/ball_detection:/home/roby/ws/install/my_robot_controller:/home/roby/ros2_humble/install/rqt_bag_plugins:/home/roby/ros2_humble/install/rqt_bag:/home/roby/ros2_humble/install/launch_testing_examples:/home/roby/ros2_humble/install/ros2bag:/home/roby/ros2_humble/install/tracetools_test:/home/roby/ros2_humble/install/tracetools_launch:/home/roby/ros2_humble/install/topic_monitor:/home/roby/ros2_humble/install/tf2_tools:/home/roby/ros2_humble/install/examples_tf2_py:/home/roby/ros2_humble/install/tf2_ros_py:/home/roby/ros2_humble/install/sros2:/home/roby/ros2_humble/install/rqt_topic:/home/roby/ros2_humble/install/rqt_srv:/home/roby/ros2_humble/install/rqt_shell:/home/roby/ros2_humble/install/rqt_service_caller:/home/roby/ros2_humble/install/rqt_reconfigure:/home/roby/ros2_humble/install/rqt_py_console:/home/roby/ros2_humble/install/rqt_publisher:/home/roby/ros2_humble/install/rqt_plot:/home/roby/ros2_humble/install/rqt_action:/home/roby/ros2_humble/install/rqt_msg:/home/roby/ros2_humble/install/rqt_console:/home/roby/ros2_humble/install/rqt:/home/roby/ros2_humble/install/rqt_graph:/home/roby/ros2_humble/install/rqt_gui_py:/home/roby/ros2_humble/install/rqt_gui:/home/roby/ros2_humble/install/ros2trace:/home/roby/ros2_humble/install/ros2topic:/home/roby/ros2_humble/install/ros2test:/home/roby/ros2_humble/install/ros2component:/home/roby/ros2_humble/install/ros2param:/home/roby/ros2_humble/install/ros2lifecycle:/home/roby/ros2_humble/install/ros2service:/home/roby/ros2_humble/install/ros2run:/home/roby/ros2_humble/install/ros2launch:/home/roby/ros2_humble/install/ros2pkg:/home/roby/ros2_humble/install/ros2node:/home/roby/ros2_humble/install/ros2multicast:/home/roby/ros2_humble/install/ros2interface:/home/roby/ros2_humble/install/ros2doctor:/home/roby/ros2_humble/install/ros2action:/home/roby/ros2_humble/install/ros2cli:/home/roby/ros2_humble/install/quality_of_service_demo_py:/home/roby/ros2_humble/install/lifecycle_py:/home/roby/ros2_humble/install/launch_testing_ros:/home/roby/ros2_humble/install/launch_ros:/home/roby/ros2_humble/install/examples_rclpy_pointcloud_publisher:/home/roby/ros2_humble/install/examples_rclpy_minimal_subscriber:/home/roby/ros2_humble/install/examples_rclpy_minimal_service:/home/roby/ros2_humble/install/examples_rclpy_minimal_publisher:/home/roby/ros2_humble/install/examples_rclpy_minimal_client:/home/roby/ros2_humble/install/examples_rclpy_minimal_action_server:/home/roby/ros2_humble/install/examples_rclpy_minimal_action_client:/home/roby/ros2_humble/install/examples_rclpy_guard_conditions:/home/roby/ros2_humble/install/examples_rclpy_executors:/home/roby/ros2_humble/install/demo_nodes_py:/home/roby/ros2_humble/install/action_tutorials_py:/home/roby/ros2_humble/install/ament_uncrustify:/home/roby/ros2_humble/install/tracetools_trace:/home/roby/ros2_humble/install/tracetools_read:/home/roby/ros2_humble/install/test_tracetools_launch:/home/roby/ros2_humble/install/test_launch_ros:/home/roby/ros2_humble/install/sensor_msgs_py:/home/roby/ros2_humble/install/rpyutils:/home/roby/ros2_humble/install/rosidl_runtime_py:/home/roby/ros2_humble/install/rosidl_cli:/home/roby/ros2_humble/install/launch_pytest:/home/roby/ros2_humble/install/launch_testing:/home/roby/ros2_humble/install/launch_yaml:/home/roby/ros2_humble/install/launch_xml:/home/roby/ros2_humble/install/launch:/home/roby/ros2_humble/install/osrf_pycommon:/home/roby/ros2_humble/install/domain_coordinator:/home/roby/ros2_humble/install/ament_xmllint:/home/roby/ros2_humble/install/ament_pyflakes:/home/roby/ros2_humble/install/ament_pycodestyle:/home/roby/ros2_humble/install/ament_pep257:/home/roby/ros2_humble/install/ament_pclint:/home/roby/ros2_humble/install/ament_package:/home/roby/ros2_humble/install/ament_mypy:/home/roby/ros2_humble/install/ament_lint_cmake:/home/roby/ros2_humble/install/ament_flake8:/home/roby/ros2_humble/install/ament_copyright:/home/roby/ros2_humble/install/ament_lint:/home/roby/ros2_humble/install/ament_index_python:/home/roby/ros2_humble/install/ament_cpplint:/home/roby/ros2_humble/install/ament_cppcheck:/home/roby/ros2_humble/install/ament_clang_tidy:/home/roby/ros2_humble/install/ament_clang_format:/opt/ros/humble /usr/bin/cmake --install /home/roby/turtlebot3_ws/src/build/turtlebot3_gazebo
[29.720s] -- Install configuration: ""
[29.720s] -- Execute custom install script
[29.720s] -- Symlinking: /home/roby/turtlebot3_ws/src/install/turtlebot3_gazebo/lib/turtlebot3_gazebo/turtlebot3_drive
[29.744s] -- Symlinking: /home/roby/turtlebot3_ws/src/install/turtlebot3_gazebo/share/turtlebot3_gazebo//launch/empty_world.launch.py
[29.768s] -- Symlinking: /home/roby/turtlebot3_ws/src/install/turtlebot3_gazebo/share/turtlebot3_gazebo//launch/robot_state_publisher.launch.py
[29.791s] -- Symlinking: /home/roby/turtlebot3_ws/src/install/turtlebot3_gazebo/share/turtlebot3_gazebo//launch/spawn_turtlebot3.launch.py
[29.815s] -- Symlinking: /home/roby/turtlebot3_ws/src/install/turtlebot3_gazebo/share/turtlebot3_gazebo//launch/turtlebot3_dqn_stage1.launch.py
[29.850s] -- Symlinking: /home/roby/turtlebot3_ws/src/install/turtlebot3_gazebo/share/turtlebot3_gazebo//launch/turtlebot3_dqn_stage2.launch.py
[29.873s] -- Symlinking: /home/roby/turtlebot3_ws/src/install/turtlebot3_gazebo/share/turtlebot3_gazebo//launch/turtlebot3_dqn_stage3.launch.py
[29.897s] -- Symlinking: /home/roby/turtlebot3_ws/src/install/turtlebot3_gazebo/share/turtlebot3_gazebo//launch/turtlebot3_dqn_stage4.launch.py
[29.921s] -- Symlinking: /home/roby/turtlebot3_ws/src/install/turtlebot3_gazebo/share/turtlebot3_gazebo//launch/turtlebot3_house.launch.py
[29.949s] -- Symlinking: /home/roby/turtlebot3_ws/src/install/turtlebot3_gazebo/share/turtlebot3_gazebo//launch/turtlebot3_world.launch.py
[29.975s] -- Symlinking: /home/roby/turtlebot3_ws/src/install/turtlebot3_gazebo/share/turtlebot3_gazebo//models/turtlebot3_burger/model-1_4.sdf
[30.004s] -- Symlinking: /home/roby/turtlebot3_ws/src/install/turtlebot3_gazebo/share/turtlebot3_gazebo//models/turtlebot3_burger/model.config
[30.027s] -- Symlinking: /home/roby/turtlebot3_ws/src/install/turtlebot3_gazebo/share/turtlebot3_gazebo//models/turtlebot3_burger/model.sdf
[30.052s] -- Symlinking: /home/roby/turtlebot3_ws/src/install/turtlebot3_gazebo/share/turtlebot3_gazebo//models/turtlebot3_common/meshes/burger_base.dae
[30.075s] -- Symlinking: /home/roby/turtlebot3_ws/src/install/turtlebot3_gazebo/share/turtlebot3_gazebo//models/turtlebot3_common/meshes/lds.dae
[30.097s] -- Symlinking: /home/roby/turtlebot3_ws/src/install/turtlebot3_gazebo/share/turtlebot3_gazebo//models/turtlebot3_common/meshes/r200.dae
[30.120s] -- Symlinking: /home/roby/turtlebot3_ws/src/install/turtlebot3_gazebo/share/turtlebot3_gazebo//models/turtlebot3_common/meshes/tire.dae
[30.142s] -- Symlinking: /home/roby/turtlebot3_ws/src/install/turtlebot3_gazebo/share/turtlebot3_gazebo//models/turtlebot3_common/meshes/waffle_base.dae
[30.165s] -- Symlinking: /home/roby/turtlebot3_ws/src/install/turtlebot3_gazebo/share/turtlebot3_gazebo//models/turtlebot3_common/meshes/waffle_pi_base.dae
[30.187s] -- Symlinking: /home/roby/turtlebot3_ws/src/install/turtlebot3_gazebo/share/turtlebot3_gazebo//models/turtlebot3_common/model.config
[30.210s] -- Symlinking: /home/roby/turtlebot3_ws/src/install/turtlebot3_gazebo/share/turtlebot3_gazebo//models/turtlebot3_dqn_world/goal_box/model.config
[30.233s] -- Symlinking: /home/roby/turtlebot3_ws/src/install/turtlebot3_gazebo/share/turtlebot3_gazebo//models/turtlebot3_dqn_world/goal_box/model.sdf
[30.259s] -- Symlinking: /home/roby/turtlebot3_ws/src/install/turtlebot3_gazebo/share/turtlebot3_gazebo//models/turtlebot3_dqn_world/inner_walls/model.config
[30.282s] -- Symlinking: /home/roby/turtlebot3_ws/src/install/turtlebot3_gazebo/share/turtlebot3_gazebo//models/turtlebot3_dqn_world/inner_walls/model.sdf
[30.306s] -- Symlinking: /home/roby/turtlebot3_ws/src/install/turtlebot3_gazebo/share/turtlebot3_gazebo//models/turtlebot3_dqn_world/model.config
[30.330s] -- Symlinking: /home/roby/turtlebot3_ws/src/install/turtlebot3_gazebo/share/turtlebot3_gazebo//models/turtlebot3_dqn_world/model.sdf
[30.352s] -- Symlinking: /home/roby/turtlebot3_ws/src/install/turtlebot3_gazebo/share/turtlebot3_gazebo//models/turtlebot3_dqn_world/obstacle1/model.config
[30.375s] -- Symlinking: /home/roby/turtlebot3_ws/src/install/turtlebot3_gazebo/share/turtlebot3_gazebo//models/turtlebot3_dqn_world/obstacle1/model.sdf
[30.399s] -- Symlinking: /home/roby/turtlebot3_ws/src/install/turtlebot3_gazebo/share/turtlebot3_gazebo//models/turtlebot3_dqn_world/obstacle2/model.config
[30.422s] -- Symlinking: /home/roby/turtlebot3_ws/src/install/turtlebot3_gazebo/share/turtlebot3_gazebo//models/turtlebot3_dqn_world/obstacle2/model.sdf
[30.445s] -- Symlinking: /home/roby/turtlebot3_ws/src/install/turtlebot3_gazebo/share/turtlebot3_gazebo//models/turtlebot3_dqn_world/obstacle_plugin/CMakeLists.txt
[30.469s] -- Symlinking: /home/roby/turtlebot3_ws/src/install/turtlebot3_gazebo/share/turtlebot3_gazebo//models/turtlebot3_dqn_world/obstacle_plugin/obstacle1.cc
[30.500s] -- Symlinking: /home/roby/turtlebot3_ws/src/install/turtlebot3_gazebo/share/turtlebot3_gazebo//models/turtlebot3_dqn_world/obstacle_plugin/obstacle2.cc
[30.523s] -- Symlinking: /home/roby/turtlebot3_ws/src/install/turtlebot3_gazebo/share/turtlebot3_gazebo//models/turtlebot3_dqn_world/obstacle_plugin/obstacles.cc
[30.547s] -- Symlinking: /home/roby/turtlebot3_ws/src/install/turtlebot3_gazebo/share/turtlebot3_gazebo//models/turtlebot3_dqn_world/obstacles/model.config
[30.569s] -- Symlinking: /home/roby/turtlebot3_ws/src/install/turtlebot3_gazebo/share/turtlebot3_gazebo//models/turtlebot3_dqn_world/obstacles/model.sdf
[30.593s] -- Symlinking: /home/roby/turtlebot3_ws/src/install/turtlebot3_gazebo/share/turtlebot3_gazebo//models/turtlebot3_house/model.config
[30.617s] -- Symlinking: /home/roby/turtlebot3_ws/src/install/turtlebot3_gazebo/share/turtlebot3_gazebo//models/turtlebot3_house/model.sdf
[30.641s] -- Symlinking: /home/roby/turtlebot3_ws/src/install/turtlebot3_gazebo/share/turtlebot3_gazebo//models/turtlebot3_waffle/model-1_4.sdf
[30.676s] -- Symlinking: /home/roby/turtlebot3_ws/src/install/turtlebot3_gazebo/share/turtlebot3_gazebo//models/turtlebot3_waffle/model.config
[30.701s] -- Symlinking: /home/roby/turtlebot3_ws/src/install/turtlebot3_gazebo/share/turtlebot3_gazebo//models/turtlebot3_waffle/model.sdf
[30.725s] -- Symlinking: /home/roby/turtlebot3_ws/src/install/turtlebot3_gazebo/share/turtlebot3_gazebo//models/turtlebot3_waffle_pi/model-1_4_.sdf
[30.750s] -- Symlinking: /home/roby/turtlebot3_ws/src/install/turtlebot3_gazebo/share/turtlebot3_gazebo//models/turtlebot3_waffle_pi/model.config
[30.772s] -- Symlinking: /home/roby/turtlebot3_ws/src/install/turtlebot3_gazebo/share/turtlebot3_gazebo//models/turtlebot3_waffle_pi/model.sdf
[30.795s] -- Symlinking: /home/roby/turtlebot3_ws/src/install/turtlebot3_gazebo/share/turtlebot3_gazebo//models/turtlebot3_world/meshes/hexagon.dae
[30.820s] -- Symlinking: /home/roby/turtlebot3_ws/src/install/turtlebot3_gazebo/share/turtlebot3_gazebo//models/turtlebot3_world/meshes/wall.dae
[30.854s] -- Symlinking: /home/roby/turtlebot3_ws/src/install/turtlebot3_gazebo/share/turtlebot3_gazebo//models/turtlebot3_world/model-1_4.sdf
[30.879s] -- Symlinking: /home/roby/turtlebot3_ws/src/install/turtlebot3_gazebo/share/turtlebot3_gazebo//models/turtlebot3_world/model.config
[30.904s] -- Symlinking: /home/roby/turtlebot3_ws/src/install/turtlebot3_gazebo/share/turtlebot3_gazebo//models/turtlebot3_world/model.sdf
[30.927s] -- Symlinking: /home/roby/turtlebot3_ws/src/install/turtlebot3_gazebo/share/turtlebot3_gazebo//rviz/tb3_gazebo.rviz
[30.953s] -- Symlinking: /home/roby/turtlebot3_ws/src/install/turtlebot3_gazebo/share/turtlebot3_gazebo//urdf/common_properties.urdf
[30.977s] -- Symlinking: /home/roby/turtlebot3_ws/src/install/turtlebot3_gazebo/share/turtlebot3_gazebo//urdf/turtlebot3_burger.urdf
[31.006s] -- Symlinking: /home/roby/turtlebot3_ws/src/install/turtlebot3_gazebo/share/turtlebot3_gazebo//urdf/turtlebot3_waffle.urdf
[31.030s] -- Symlinking: /home/roby/turtlebot3_ws/src/install/turtlebot3_gazebo/share/turtlebot3_gazebo//urdf/turtlebot3_waffle_pi.urdf
[31.054s] -- Symlinking: /home/roby/turtlebot3_ws/src/install/turtlebot3_gazebo/share/turtlebot3_gazebo//worlds/empty_world.world
[31.077s] -- Symlinking: /home/roby/turtlebot3_ws/src/install/turtlebot3_gazebo/share/turtlebot3_gazebo//worlds/turtlebot3_dqn_stage1.world
[31.102s] -- Symlinking: /home/roby/turtlebot3_ws/src/install/turtlebot3_gazebo/share/turtlebot3_gazebo//worlds/turtlebot3_dqn_stage2.world
[31.126s] -- Symlinking: /home/roby/turtlebot3_ws/src/install/turtlebot3_gazebo/share/turtlebot3_gazebo//worlds/turtlebot3_dqn_stage3.world
[31.150s] -- Symlinking: /home/roby/turtlebot3_ws/src/install/turtlebot3_gazebo/share/turtlebot3_gazebo//worlds/turtlebot3_dqn_stage4.world
[31.174s] -- Symlinking: /home/roby/turtlebot3_ws/src/install/turtlebot3_gazebo/share/turtlebot3_gazebo//worlds/turtlebot3_house.world
[31.197s] -- Symlinking: /home/roby/turtlebot3_ws/src/install/turtlebot3_gazebo/share/turtlebot3_gazebo//worlds/turtlebot3_world.world
[31.220s] -- Symlinking: /home/roby/turtlebot3_ws/src/install/turtlebot3_gazebo/include//turtlebot3_gazebo/turtlebot3_drive.hpp
[31.249s] -- Symlinking: /home/roby/turtlebot3_ws/src/install/turtlebot3_gazebo/share/ament_index/resource_index/package_run_dependencies/turtlebot3_gazebo
[31.272s] -- Symlinking: /home/roby/turtlebot3_ws/src/install/turtlebot3_gazebo/share/ament_index/resource_index/parent_prefix_path/turtlebot3_gazebo
[31.296s] -- Symlinking: /home/roby/turtlebot3_ws/src/install/turtlebot3_gazebo/share/turtlebot3_gazebo/environment/ament_prefix_path.sh
[31.325s] -- Symlinking: /home/roby/turtlebot3_ws/src/install/turtlebot3_gazebo/share/turtlebot3_gazebo/environment/ament_prefix_path.dsv
[31.359s] -- Symlinking: /home/roby/turtlebot3_ws/src/install/turtlebot3_gazebo/share/turtlebot3_gazebo/environment/path.sh
[31.382s] -- Symlinking: /home/roby/turtlebot3_ws/src/install/turtlebot3_gazebo/share/turtlebot3_gazebo/environment/path.dsv
[31.407s] -- Symlinking: /home/roby/turtlebot3_ws/src/install/turtlebot3_gazebo/share/turtlebot3_gazebo/local_setup.bash
[31.431s] -- Symlinking: /home/roby/turtlebot3_ws/src/install/turtlebot3_gazebo/share/turtlebot3_gazebo/local_setup.sh
[31.455s] -- Symlinking: /home/roby/turtlebot3_ws/src/install/turtlebot3_gazebo/share/turtlebot3_gazebo/local_setup.zsh
[31.478s] -- Symlinking: /home/roby/turtlebot3_ws/src/install/turtlebot3_gazebo/share/turtlebot3_gazebo/local_setup.dsv
[31.501s] -- Symlinking: /home/roby/turtlebot3_ws/src/install/turtlebot3_gazebo/share/turtlebot3_gazebo/package.dsv
[31.523s] -- Symlinking: /home/roby/turtlebot3_ws/src/install/turtlebot3_gazebo/share/ament_index/resource_index/packages/turtlebot3_gazebo
[31.547s] -- Symlinking: /home/roby/turtlebot3_ws/src/install/turtlebot3_gazebo/share/turtlebot3_gazebo/cmake/ament_cmake_export_include_directories-extras.cmake
[31.573s] -- Symlinking: /home/roby/turtlebot3_ws/src/install/turtlebot3_gazebo/share/turtlebot3_gazebo/cmake/ament_cmake_export_dependencies-extras.cmake
[31.597s] -- Symlinking: /home/roby/turtlebot3_ws/src/install/turtlebot3_gazebo/share/turtlebot3_gazebo/cmake/turtlebot3_gazeboConfig.cmake
[31.620s] -- Symlinking: /home/roby/turtlebot3_ws/src/install/turtlebot3_gazebo/share/turtlebot3_gazebo/cmake/turtlebot3_gazeboConfig-version.cmake
[31.643s] -- Symlinking: /home/roby/turtlebot3_ws/src/install/turtlebot3_gazebo/share/turtlebot3_gazebo/package.xml
[31.668s] Invoked command in '/home/roby/turtlebot3_ws/src/build/turtlebot3_gazebo' returned '0': CMAKE_PREFIX_PATH=${CMAKE_PREFIX_PATH}:/home/roby/turtlebot3_ws/install/robot_controller:/home/roby/turtlebot3_ws/install/ball_detection:/home/roby/ws/install/my_robot_controller:/home/roby/ros2_humble/install/rqt_bag_plugins:/home/roby/ros2_humble/install/rqt_bag:/home/roby/ros2_humble/install/launch_testing_examples:/home/roby/ros2_humble/install/ros2bag:/home/roby/ros2_humble/install/tracetools_test:/home/roby/ros2_humble/install/tracetools_launch:/home/roby/ros2_humble/install/topic_monitor:/home/roby/ros2_humble/install/tf2_tools:/home/roby/ros2_humble/install/examples_tf2_py:/home/roby/ros2_humble/install/tf2_ros_py:/home/roby/ros2_humble/install/sros2:/home/roby/ros2_humble/install/rqt_topic:/home/roby/ros2_humble/install/rqt_srv:/home/roby/ros2_humble/install/rqt_shell:/home/roby/ros2_humble/install/rqt_service_caller:/home/roby/ros2_humble/install/rqt_reconfigure:/home/roby/ros2_humble/install/rqt_py_console:/home/roby/ros2_humble/install/rqt_publisher:/home/roby/ros2_humble/install/rqt_plot:/home/roby/ros2_humble/install/rqt_action:/home/roby/ros2_humble/install/rqt_msg:/home/roby/ros2_humble/install/rqt_console:/home/roby/ros2_humble/install/rqt:/home/roby/ros2_humble/install/rqt_graph:/home/roby/ros2_humble/install/rqt_gui_py:/home/roby/ros2_humble/install/rqt_gui:/home/roby/ros2_humble/install/ros2trace:/home/roby/ros2_humble/install/ros2topic:/home/roby/ros2_humble/install/ros2test:/home/roby/ros2_humble/install/ros2component:/home/roby/ros2_humble/install/ros2param:/home/roby/ros2_humble/install/ros2lifecycle:/home/roby/ros2_humble/install/ros2service:/home/roby/ros2_humble/install/ros2run:/home/roby/ros2_humble/install/ros2launch:/home/roby/ros2_humble/install/ros2pkg:/home/roby/ros2_humble/install/ros2node:/home/roby/ros2_humble/install/ros2multicast:/home/roby/ros2_humble/install/ros2interface:/home/roby/ros2_humble/install/ros2doctor:/home/roby/ros2_humble/install/ros2action:/home/roby/ros2_humble/install/ros2cli:/home/roby/ros2_humble/install/quality_of_service_demo_py:/home/roby/ros2_humble/install/lifecycle_py:/home/roby/ros2_humble/install/launch_testing_ros:/home/roby/ros2_humble/install/launch_ros:/home/roby/ros2_humble/install/examples_rclpy_pointcloud_publisher:/home/roby/ros2_humble/install/examples_rclpy_minimal_subscriber:/home/roby/ros2_humble/install/examples_rclpy_minimal_service:/home/roby/ros2_humble/install/examples_rclpy_minimal_publisher:/home/roby/ros2_humble/install/examples_rclpy_minimal_client:/home/roby/ros2_humble/install/examples_rclpy_minimal_action_server:/home/roby/ros2_humble/install/examples_rclpy_minimal_action_client:/home/roby/ros2_humble/install/examples_rclpy_guard_conditions:/home/roby/ros2_humble/install/examples_rclpy_executors:/home/roby/ros2_humble/install/demo_nodes_py:/home/roby/ros2_humble/install/action_tutorials_py:/home/roby/ros2_humble/install/ament_uncrustify:/home/roby/ros2_humble/install/tracetools_trace:/home/roby/ros2_humble/install/tracetools_read:/home/roby/ros2_humble/install/test_tracetools_launch:/home/roby/ros2_humble/install/test_launch_ros:/home/roby/ros2_humble/install/sensor_msgs_py:/home/roby/ros2_humble/install/rpyutils:/home/roby/ros2_humble/install/rosidl_runtime_py:/home/roby/ros2_humble/install/rosidl_cli:/home/roby/ros2_humble/install/launch_pytest:/home/roby/ros2_humble/install/launch_testing:/home/roby/ros2_humble/install/launch_yaml:/home/roby/ros2_humble/install/launch_xml:/home/roby/ros2_humble/install/launch:/home/roby/ros2_humble/install/osrf_pycommon:/home/roby/ros2_humble/install/domain_coordinator:/home/roby/ros2_humble/install/ament_xmllint:/home/roby/ros2_humble/install/ament_pyflakes:/home/roby/ros2_humble/install/ament_pycodestyle:/home/roby/ros2_humble/install/ament_pep257:/home/roby/ros2_humble/install/ament_pclint:/home/roby/ros2_humble/install/ament_package:/home/roby/ros2_humble/install/ament_mypy:/home/roby/ros2_humble/install/ament_lint_cmake:/home/roby/ros2_humble/install/ament_flake8:/home/roby/ros2_humble/install/ament_copyright:/home/roby/ros2_humble/install/ament_lint:/home/roby/ros2_humble/install/ament_index_python:/home/roby/ros2_humble/install/ament_cpplint:/home/roby/ros2_humble/install/ament_cppcheck:/home/roby/ros2_humble/install/ament_clang_tidy:/home/roby/ros2_humble/install/ament_clang_format:/opt/ros/humble /usr/bin/cmake --install /home/roby/turtlebot3_ws/src/build/turtlebot3_gazebo
